trace file for the simulation
format of the file
<event> <time> <item id> <server status> <queue size>

a	0.501111	1	0	0
s	0.501111	1	1	0
a	0.515724	2	1	0
d	0.520613	1	1	1
s	0.520613	2	1	0
d	0.554795	2	0	0
a	0.603129	3	0	0
s	0.603129	3	1	0
a	0.662668	4	1	0
d	0.669776	3	1	1
s	0.669776	4	1	0
d	0.909027	4	0	0
a	1.05829	5	0	0
s	1.05829	5	1	0
d	1.1391	5	0	0
a	1.16469	6	0	0
s	1.16469	6	1	0
a	1.40071	7	1	0
a	1.52772	8	1	1
a	1.64029	9	1	2
d	1.70136	6	1	3
s	1.70136	7	1	2
d	1.72579	7	1	2
s	1.72579	8	1	1
d	1.74778	8	1	1
s	1.74778	9	1	0
a	1.7835	10	1	0
a	1.79012	11	1	1
d	1.86753	9	1	2
s	1.86753	10	1	1
a	1.88523	12	1	1
a	1.96336	13	1	2
a	1.9758	14	1	3
a	1.98448	15	1	4
a	2.00908	16	1	5
d	2.01221	10	1	6
s	2.01221	11	1	5
d	2.13352	11	1	5
s	2.13352	12	1	4
d	2.23138	12	1	4
s	2.23138	13	1	3
a	2.25158	17	1	3
d	2.27036	13	1	4
s	2.27036	14	1	3
a	2.39551	18	1	3
a	2.50548	19	1	4
a	2.51434	20	1	5
d	2.74378	14	1	6
s	2.74378	15	1	5
a	2.77591	21	1	5
d	2.83918	15	1	6
s	2.83918	16	1	5
a	2.90535	22	1	5
a	2.93833	23	1	6
d	2.9883	16	1	7
s	2.9883	17	1	6
a	3.00625	24	1	6
a	3.02723	25	1	7
d	3.1661	17	1	8
s	3.1661	18	1	7
d	3.17128	18	1	7
s	3.17128	19	1	6
d	3.36677	19	1	6
s	3.36677	20	1	5
d	3.40487	20	1	5
s	3.40487	21	1	4
d	3.41797	21	1	4
s	3.41797	22	1	3
d	3.43762	22	1	3
s	3.43762	23	1	2
a	3.46309	26	1	2
a	3.54942	27	1	3
a	3.55952	28	1	4
d	3.60298	23	1	5
s	3.60298	24	1	4
d	3.67152	24	1	4
s	3.67152	25	1	3
d	3.72796	25	1	3
s	3.72796	26	1	2
a	3.7308	29	1	2
d	3.76054	26	1	3
s	3.76054	27	1	2
a	3.76799	30	1	2
a	3.818	31	1	3
d	3.97009	27	1	4
s	3.97009	28	1	3
d	3.97529	28	1	3
s	3.97529	29	1	2
d	3.98348	29	1	2
s	3.98348	30	1	1
a	4.02703	32	1	1
d	4.04335	30	1	2
s	4.04335	31	1	1
a	4.0801	33	1	1
d	4.11849	31	1	2
s	4.11849	32	1	1
a	4.12914	34	1	1
d	4.1351	32	1	2
s	4.1351	33	1	1
a	4.1866	35	1	1
a	4.18747	36	1	2
d	4.21361	33	1	3
s	4.21361	34	1	2
d	4.24383	34	1	2
s	4.24383	35	1	1
a	4.24803	37	1	1
d	4.30052	35	1	2
s	4.30052	36	1	1
a	4.32952	38	1	1
d	4.39274	36	1	2
s	4.39274	37	1	1
d	4.69131	37	1	1
s	4.69131	38	1	0
d	4.70849	38	0	0
a	4.82668	39	0	0
s	4.82668	39	1	0
a	4.82972	40	1	0
a	4.89229	41	1	1
d	4.9425	39	1	2
s	4.9425	40	1	1
a	4.97309	42	1	1
d	4.97355	40	1	2
s	4.97355	41	1	1
a	4.99861	43	1	1
d	5.00269	41	1	2
s	5.00269	42	1	1
a	5.06738	44	1	1
d	5.19616	42	1	2
s	5.19616	43	1	1
d	5.2177	43	1	1
s	5.2177	44	1	0
d	5.23365	44	0	0
a	5.38873	45	0	0
s	5.38873	45	1	0
a	5.41833	46	1	0
d	5.60449	45	1	1
s	5.60449	46	1	0
a	5.66395	47	1	0
a	5.69444	48	1	1
d	5.82185	46	1	2
s	5.82185	47	1	1
d	5.98183	47	1	1
s	5.98183	48	1	0
d	6.02825	48	0	0
a	6.07849	49	0	0
s	6.07849	49	1	0
d	6.08226	49	0	0
a	6.09663	50	0	0
s	6.09663	50	1	0
d	6.10445	50	0	0
a	6.17968	51	0	0
s	6.17968	51	1	0
a	6.26588	52	1	0
d	6.28877	51	1	1
s	6.28877	52	1	0
d	6.33574	52	0	0
a	6.42393	53	0	0
s	6.42393	53	1	0
d	6.43103	53	0	0
a	6.57531	54	0	0
s	6.57531	54	1	0
d	6.58645	54	0	0
a	6.6372	55	0	0
s	6.6372	55	1	0
d	6.66346	55	0	0
a	6.6817	56	0	0
s	6.6817	56	1	0
a	6.70495	57	1	0
a	6.81675	58	1	1
d	6.84166	56	1	2
s	6.84166	57	1	1
a	6.89153	59	1	1
d	6.89863	57	1	2
s	6.89863	58	1	1
a	6.91172	60	1	1
d	6.95748	58	1	2
s	6.95748	59	1	1
a	6.98248	61	1	1
a	7.00763	62	1	2
d	7.12412	59	1	3
s	7.12412	60	1	2
d	7.15413	60	1	2
s	7.15413	61	1	1
d	7.20188	61	1	1
s	7.20188	62	1	0
a	7.21368	63	1	0
d	7.22363	62	1	1
s	7.22363	63	1	0
d	7.27879	63	0	0
a	7.30883	64	0	0
s	7.30883	64	1	0
a	7.32473	65	1	0
d	7.3575	64	1	1
s	7.3575	65	1	0
d	7.39788	65	0	0
a	7.71685	66	0	0
s	7.71685	66	1	0
a	7.73162	67	1	0
d	7.73296	66	1	1
s	7.73296	67	1	0
a	7.82487	68	1	0
d	7.84477	67	1	1
s	7.84477	68	1	0
d	7.88925	68	0	0
a	7.96326	69	0	0
s	7.96326	69	1	0
a	8.00338	70	1	0
d	8.02394	69	1	1
s	8.02394	70	1	0
a	8.04808	71	1	0
d	8.14476	70	1	1
s	8.14476	71	1	0
d	8.17514	71	0	0
a	8.23454	72	0	0
s	8.23454	72	1	0
d	8.23872	72	0	0
a	8.24131	73	0	0
s	8.24131	73	1	0
d	8.27347	73	0	0
a	8.3015	74	0	0
s	8.3015	74	1	0
d	8.30727	74	0	0
a	8.40459	75	0	0
s	8.40459	75	1	0
a	8.4167	76	1	0
d	8.6768	75	1	1
s	8.6768	76	1	0
a	8.75167	77	1	0
a	8.78146	78	1	1
d	8.80049	76	1	2
s	8.80049	77	1	1
a	8.80202	79	1	1
a	8.83743	80	1	2
a	8.97931	81	1	3
d	9.01718	77	1	4
s	9.01718	78	1	3
a	9.30832	82	1	3
d	9.53064	78	1	4
s	9.53064	79	1	3
d	9.64155	79	1	3
s	9.64155	80	1	2
d	9.92996	80	1	2
s	9.92996	81	1	1
d	9.9645	81	1	1
s	9.9645	82	1	0
d	10.0128	82	0	0
a	10.1052	83	0	0
s	10.1052	83	1	0
a	10.1288	84	1	0
a	10.1826	85	1	1
d	10.283	83	1	2
s	10.283	84	1	1
a	10.3007	86	1	1
a	10.3114	87	1	2
d	10.3244	84	1	3
s	10.3244	85	1	2
a	10.3413	88	1	2
d	10.347	85	1	3
s	10.347	86	1	2
d	10.3932	86	1	2
s	10.3932	87	1	1
a	10.4379	89	1	1
d	10.5303	87	1	2
s	10.5303	88	1	1
a	10.5375	90	1	1
d	10.6152	88	1	2
s	10.6152	89	1	1
d	10.6754	89	1	1
s	10.6754	90	1	0
a	10.6996	91	1	0
d	10.7921	90	1	1
s	10.7921	91	1	0
a	10.8096	92	1	0
a	10.8389	93	1	1
a	10.8537	94	1	2
d	10.9179	91	1	3
s	10.9179	92	1	2
d	10.9333	92	1	2
s	10.9333	93	1	1
d	10.948	93	1	1
s	10.948	94	1	0
a	11.0027	95	1	0
a	11.0333	96	1	1
a	11.0341	97	1	2
d	11.0952	94	1	3
s	11.0952	95	1	2
a	11.1802	98	1	2
d	11.346	95	1	3
s	11.346	96	1	2
a	11.4806	99	1	2
d	11.5381	96	1	3
s	11.5381	97	1	2
a	11.7414	100	1	2
a	11.7728	101	1	3
d	11.8216	97	1	4
s	11.8216	98	1	3
d	11.8859	98	1	3
s	11.8859	99	1	2
d	11.8905	99	1	2
s	11.8905	100	1	1
d	11.9825	100	1	1
s	11.9825	101	1	0
d	12.036	101	0	0
a	12.1128	102	0	0
s	12.1128	102	1	0
a	12.1186	103	1	0
d	12.1959	102	1	1
s	12.1959	103	1	0
d	12.202	103	0	0
a	12.3655	104	0	0
s	12.3655	104	1	0
d	12.3895	104	0	0
a	12.393	105	0	0
s	12.393	105	1	0
a	12.4682	106	1	0
d	12.5879	105	1	1
s	12.5879	106	1	0
d	12.6294	106	0	0
a	12.6925	107	0	0
s	12.6925	107	1	0
a	12.703	108	1	0
a	12.7236	109	1	1
a	12.742	110	1	2
a	12.8036	111	1	3
a	12.901	112	1	4
a	12.948	113	1	5
d	12.9661	107	1	6
s	12.9661	108	1	5
d	12.9802	108	1	5
s	12.9802	109	1	4
d	13.0241	109	1	4
s	13.0241	110	1	3
d	13.0588	110	1	3
s	13.0588	111	1	2
a	13.1216	114	1	2
a	13.2633	115	1	3
d	13.3048	111	1	4
s	13.3048	112	1	3
d	13.3129	112	1	3
s	13.3129	113	1	2
a	13.3679	116	1	2
d	13.413	113	1	3
s	13.413	114	1	2
a	13.4439	117	1	2
a	13.5151	118	1	3
d	13.5988	114	1	4
s	13.5988	115	1	3
d	13.8513	115	1	3
s	13.8513	116	1	2
d	14.0684	116	1	2
s	14.0684	117	1	1
d	14.1588	117	1	1
s	14.1588	118	1	0
d	14.2966	118	0	0
a	14.3122	119	0	0
s	14.3122	119	1	0
a	14.3361	120	1	0
a	14.3422	121	1	1
d	14.4996	119	1	2
s	14.4996	120	1	1
d	14.5448	120	1	1
s	14.5448	121	1	0
a	14.57	122	1	0
a	14.6008	123	1	1
d	14.6311	121	1	2
s	14.6311	122	1	1
a	14.6781	124	1	1
d	14.7676	122	1	2
s	14.7676	123	1	1
d	14.9303	123	1	1
s	14.9303	124	1	0
a	15.0492	125	1	0
d	15.0924	124	1	1
s	15.0924	125	1	0
d	15.1364	125	0	0
a	15.1422	126	0	0
s	15.1422	126	1	0
a	15.1602	127	1	0
d	15.1925	126	1	1
s	15.1925	127	1	0
a	15.2011	128	1	0
a	15.2455	129	1	1
d	15.2851	127	1	2
s	15.2851	128	1	1
d	15.2863	128	1	1
s	15.2863	129	1	0
a	15.2924	130	1	0
a	15.2979	131	1	1
a	15.3256	132	1	2
d	15.4549	129	1	3
s	15.4549	130	1	2
a	15.5848	133	1	2
d	15.5895	130	1	3
s	15.5895	131	1	2
d	15.6005	131	1	2
s	15.6005	132	1	1
a	15.6644	134	1	1
d	15.6928	132	1	2
s	15.6928	133	1	1
a	15.7118	135	1	1
d	15.7968	133	1	2
s	15.7968	134	1	1
a	15.8556	136	1	1
a	15.8748	137	1	2
d	15.9267	134	1	3
s	15.9267	135	1	2
d	15.9926	135	1	2
s	15.9926	136	1	1
a	16.0402	138	1	1
d	16.0584	136	1	2
s	16.0584	137	1	1
a	16.0613	139	1	1
a	16.08	140	1	2
d	16.1408	137	1	3
s	16.1408	138	1	2
d	16.3988	138	1	2
s	16.3988	139	1	1
d	16.4349	139	1	1
s	16.4349	140	1	0
a	16.4848	141	1	0
a	16.5044	142	1	1
a	16.5205	143	1	2
d	16.6296	140	1	3
s	16.6296	141	1	2
a	16.6438	144	1	2
d	16.6719	141	1	3
s	16.6719	142	1	2
a	16.6743	145	1	2
a	16.7046	146	1	3
a	16.8547	147	1	4
d	16.9039	142	1	5
s	16.9039	143	1	4
d	17.0028	143	1	4
s	17.0028	144	1	3
a	17.1219	148	1	3
a	17.1993	149	1	4
d	17.2827	144	1	5
s	17.2827	145	1	4
d	17.3649	145	1	4
s	17.3649	146	1	3
d	17.3925	146	1	3
s	17.3925	147	1	2
d	17.4839	147	1	2
s	17.4839	148	1	1
a	17.4937	150	1	1
d	17.501	148	1	2
s	17.501	149	1	1
d	17.5013	149	1	1
s	17.5013	150	1	0
a	17.5173	151	1	0
a	17.546	152	1	1
d	17.7941	150	1	2
s	17.7941	151	1	1
a	17.9387	153	1	1
a	17.978	154	1	2
a	17.9857	155	1	3
a	18.0788	156	1	4
d	18.1414	151	1	5
s	18.1414	152	1	4
d	18.2186	152	1	4
s	18.2186	153	1	3
d	18.2389	153	1	3
s	18.2389	154	1	2
a	18.3197	157	1	2
d	18.3458	154	1	3
s	18.3458	155	1	2
a	18.3734	158	1	2
a	18.3864	159	1	3
d	18.4918	155	1	4
s	18.4918	156	1	3
d	18.5239	156	1	3
s	18.5239	157	1	2
a	18.5502	160	1	2
a	18.5558	161	1	3
d	18.5703	157	1	4
s	18.5703	158	1	3
d	18.6327	158	1	3
s	18.6327	159	1	2
a	18.6407	162	1	2
d	18.643	159	1	3
s	18.643	160	1	2
d	18.6466	160	1	2
s	18.6466	161	1	1
a	18.6531	163	1	1
a	18.6583	164	1	2
a	18.6696	165	1	3
a	18.672	166	1	4
a	18.6802	167	1	5
a	18.7935	168	1	6
d	18.8089	161	1	7
s	18.8089	162	1	6
d	18.84	162	1	6
s	18.84	163	1	5
d	18.8638	163	1	5
s	18.8638	164	1	4
d	18.8976	164	1	4
s	18.8976	165	1	3
a	18.951	169	1	3
a	18.9618	170	1	4
a	18.9696	171	1	5
a	19.1074	172	1	6
d	19.1483	165	1	7
s	19.1483	166	1	6
d	19.1801	166	1	6
s	19.1801	167	1	5
a	19.1899	173	1	5
d	19.2235	167	1	6
s	19.2235	168	1	5
a	19.3603	174	1	5
a	19.3799	175	1	6
a	19.3886	176	1	7
a	19.4799	177	1	8
d	19.4865	168	1	9
s	19.4865	169	1	8
d	19.5314	169	1	8
s	19.5314	170	1	7
a	19.5529	178	1	7
a	19.6322	179	1	8
d	19.6776	170	1	9
s	19.6776	171	1	8
d	19.7039	171	1	8
s	19.7039	172	1	7
d	19.8924	172	1	7
s	19.8924	173	1	6
d	19.9978	173	1	6
s	19.9978	174	1	5
d	20.0418	174	1	5
s	20.0418	175	1	4
a	20.099	180	1	4
d	20.1298	175	1	5
s	20.1298	176	1	4
d	20.1905	176	1	4
s	20.1905	177	1	3
a	20.2191	181	1	3
a	20.2257	182	1	4
d	20.2324	177	1	5
s	20.2324	178	1	4
a	20.2569	183	1	4
d	20.2886	178	1	5
s	20.2886	179	1	4
a	20.4029	184	1	4
d	20.4234	179	1	5
s	20.4234	180	1	4
a	20.4759	185	1	4
a	20.4832	186	1	5
d	20.6671	180	1	6
s	20.6671	181	1	5
d	20.6865	181	1	5
s	20.6865	182	1	4
a	20.7425	187	1	4
d	20.7715	182	1	5
s	20.7715	183	1	4
d	20.8134	183	1	4
s	20.8134	184	1	3
a	20.8312	188	1	3
d	20.8391	184	1	4
s	20.8391	185	1	3
a	20.9688	189	1	3
a	21.0165	190	1	4
a	21.0355	191	1	5
d	21.0801	185	1	6
s	21.0801	186	1	5
d	21.2747	186	1	5
s	21.2747	187	1	4
a	21.291	192	1	4
d	21.3808	187	1	5
s	21.3808	188	1	4
d	21.383	188	1	4
s	21.383	189	1	3
d	21.4264	189	1	3
s	21.4264	190	1	2
a	21.4904	193	1	2
a	21.5324	194	1	3
a	21.6032	195	1	4
a	21.6835	196	1	5
d	21.7189	190	1	6
s	21.7189	191	1	5
d	21.738	191	1	5
s	21.738	192	1	4
a	21.8725	197	1	4
a	21.8953	198	1	5
a	21.9252	199	1	6
d	21.9358	192	1	7
s	21.9358	193	1	6
d	22.056	193	1	6
s	22.056	194	1	5
d	22.2837	194	1	5
s	22.2837	195	1	4
a	22.2985	200	1	4
a	22.3285	201	1	5
d	22.4074	195	1	6
s	22.4074	196	1	5
d	22.4123	196	1	5
s	22.4123	197	1	4
d	22.4391	197	1	4
s	22.4391	198	1	3
a	22.4723	202	1	3
a	22.4728	203	1	4
d	22.5199	198	1	5
s	22.5199	199	1	4
d	22.5293	199	1	4
s	22.5293	200	1	3
d	22.5378	200	1	3
s	22.5378	201	1	2
a	22.5879	204	1	2
d	22.6061	201	1	3
s	22.6061	202	1	2
a	22.6817	205	1	2
a	22.6975	206	1	3
d	22.7439	202	1	4
s	22.7439	203	1	3
d	22.7883	203	1	3
s	22.7883	204	1	2
a	22.8833	207	1	2
a	22.9236	208	1	3
d	23.125	204	1	4
s	23.125	205	1	3
d	23.3005	205	1	3
s	23.3005	206	1	2
d	23.3855	206	1	2
s	23.3855	207	1	1
a	23.4492	209	1	1
d	23.4553	207	1	2
s	23.4553	208	1	1
d	23.4773	208	1	1
s	23.4773	209	1	0
a	23.4831	210	1	0
a	23.5371	211	1	1
d	23.5605	209	1	2
s	23.5605	210	1	1
a	23.5861	212	1	1
a	23.5955	213	1	2
a	23.6389	214	1	3
a	23.6604	215	1	4
a	23.7243	216	1	5
a	23.7265	217	1	6
d	23.7657	210	1	7
s	23.7657	211	1	6
a	23.8203	218	1	6
a	23.8302	219	1	7
a	23.8696	220	1	8
d	23.9844	211	1	9
s	23.9844	212	1	8
d	24.0117	212	1	8
s	24.0117	213	1	7
d	24.0992	213	1	7
s	24.0992	214	1	6
a	24.1496	221	1	6
a	24.2273	222	1	7
d	24.2795	214	1	8
s	24.2795	215	1	7
d	24.3321	215	1	7
s	24.3321	216	1	6
a	24.3347	223	1	6
a	24.3619	224	1	7
d	24.3802	216	1	8
s	24.3802	217	1	7
a	24.3848	225	1	7
a	24.4049	226	1	8
d	24.4114	217	1	9
s	24.4114	218	1	8
d	24.4327	218	1	8
s	24.4327	219	1	7
a	24.4655	227	1	7
a	24.4784	228	1	8
d	24.5299	219	1	9
s	24.5299	220	1	8
a	24.5577	229	1	8
d	24.6245	220	1	9
s	24.6245	221	1	8
d	24.6788	221	1	8
s	24.6788	222	1	7
d	24.6829	222	1	7
s	24.6829	223	1	6
a	24.7247	230	1	6
a	24.7843	231	1	7
d	24.8488	223	1	8
s	24.8488	224	1	7
a	24.8899	232	1	7
a	24.9229	233	1	8
d	25.1562	224	1	9
s	25.1562	225	1	8
d	25.2266	225	1	8
s	25.2266	226	1	7
a	25.2398	234	1	7
d	25.3699	226	1	8
s	25.3699	227	1	7
d	25.4411	227	1	7
s	25.4411	228	1	6
a	25.4501	235	1	6
a	25.4641	236	1	7
d	25.4702	228	1	8
s	25.4702	229	1	7
d	25.4797	229	1	7
s	25.4797	230	1	6
a	25.5323	237	1	6
d	25.6408	230	1	7
s	25.6408	231	1	6
d	25.6759	231	1	6
s	25.6759	232	1	5
d	25.7071	232	1	5
s	25.7071	233	1	4
d	25.7161	233	1	4
s	25.7161	234	1	3
a	25.7171	238	1	3
d	25.7388	234	1	4
s	25.7388	235	1	3
a	25.7764	239	1	3
a	25.8129	240	1	4
d	25.8317	235	1	5
s	25.8317	236	1	4
d	25.8745	236	1	4
s	25.8745	237	1	3
a	25.9602	241	1	3
a	25.9733	242	1	4
a	25.9873	243	1	5
a	26.2969	244	1	6
a	26.3082	245	1	7
a	26.3732	246	1	8
a	26.4342	247	1	9
d	26.581	237	1	10
s	26.581	238	1	9
a	26.6047	248	1	9
a	26.7019	249	1	10
d	26.7753	238	1	11
s	26.7753	239	1	10
d	26.7959	239	1	10
s	26.7959	240	1	9
a	26.8142	250	1	9
d	26.8165	240	1	10
s	26.8165	241	1	9
d	26.8272	241	1	9
s	26.8272	242	1	8
a	26.8855	251	1	8
a	26.9511	252	1	9
d	26.9633	242	1	10
s	26.9633	243	1	9
a	27.0296	253	1	9
a	27.038	254	1	10
a	27.0447	255	1	11
a	27.0838	256	1	12
d	27.1106	243	1	13
s	27.1106	244	1	12
a	27.2437	257	1	12
d	27.28	244	1	13
s	27.28	245	1	12
a	27.3246	258	1	12
a	27.3548	259	1	13
a	27.3879	260	1	14
d	27.4487	245	1	15
s	27.4487	246	1	14
a	27.4839	261	1	14
d	27.5744	246	1	15
s	27.5744	247	1	14
d	27.6183	247	1	14
s	27.6183	248	1	13
d	27.6383	248	1	13
s	27.6383	249	1	12
d	27.6714	249	1	12
s	27.6714	250	1	11
d	27.7694	250	1	11
s	27.7694	251	1	10
d	27.7811	251	1	10
s	27.7811	252	1	9
d	27.8068	252	1	9
s	27.8068	253	1	8
d	27.8869	253	1	8
s	27.8869	254	1	7
a	27.9439	262	1	7
a	27.9875	263	1	8
d	28.0345	254	1	9
s	28.0345	255	1	8
d	28.0429	255	1	8
s	28.0429	256	1	7
a	28.0802	264	1	7
d	28.1119	256	1	8
s	28.1119	257	1	7
d	28.1401	257	1	7
s	28.1401	258	1	6
d	28.1499	258	1	6
s	28.1499	259	1	5
a	28.1509	265	1	5
d	28.3043	259	1	6
s	28.3043	260	1	5
a	28.3229	266	1	5
d	28.3303	260	1	6
s	28.3303	261	1	5
d	28.3518	261	1	5
s	28.3518	262	1	4
d	28.3679	262	1	4
s	28.3679	263	1	3
a	28.3967	267	1	3
a	28.3971	268	1	4
a	28.4041	269	1	5
a	28.4259	270	1	6
d	28.4782	263	1	7
s	28.4782	264	1	6
a	28.4999	271	1	6
d	28.5785	264	1	7
s	28.5785	265	1	6
a	28.6676	272	1	6
d	28.6707	265	1	7
s	28.6707	266	1	6
d	28.6813	266	1	6
s	28.6813	267	1	5
a	28.7269	273	1	5
a	28.8308	274	1	6
d	28.8415	267	1	7
s	28.8415	268	1	6
d	28.992	268	1	6
s	28.992	269	1	5
a	29.0571	275	1	5
a	29.1186	276	1	6
d	29.1239	269	1	7
s	29.1239	270	1	6
a	29.1378	277	1	6
a	29.1399	278	1	7
d	29.1816	270	1	8
s	29.1816	271	1	7
d	29.2017	271	1	7
s	29.2017	272	1	6
a	29.2198	279	1	6
d	29.2319	272	1	7
s	29.2319	273	1	6
d	29.2979	273	1	6
s	29.2979	274	1	5
a	29.3196	280	1	5
a	29.5678	281	1	6
d	29.6887	274	1	7
s	29.6887	275	1	6
d	29.7269	275	1	6
s	29.7269	276	1	5
d	29.7301	276	1	5
s	29.7301	277	1	4
d	29.7993	277	1	4
s	29.7993	278	1	3
a	29.8076	282	1	3
a	29.8173	283	1	4
a	29.8391	284	1	5
a	29.8649	285	1	6
a	29.9316	286	1	7
d	29.9318	278	1	8
s	29.9318	279	1	7
d	30.0363	279	1	7
s	30.0363	280	1	6
d	30.083	280	1	6
s	30.083	281	1	5
d	30.1789	281	1	5
s	30.1789	282	1	4
a	30.2261	287	1	4
d	30.2305	282	1	5
s	30.2305	283	1	4
d	30.2376	283	1	4
s	30.2376	284	1	3
a	30.268	288	1	3
a	30.2994	289	1	4
d	30.3336	284	1	5
s	30.3336	285	1	4
d	30.3362	285	1	4
s	30.3362	286	1	3
d	30.3506	286	1	3
s	30.3506	287	1	2
d	30.4333	287	1	2
s	30.4333	288	1	1
d	30.4691	288	1	1
s	30.4691	289	1	0
a	30.5294	290	1	0
a	30.5642	291	1	1
d	30.579	289	1	2
s	30.579	290	1	1
d	30.6763	290	1	1
s	30.6763	291	1	0
d	30.6827	291	0	0
a	30.7264	292	0	0
s	30.7264	292	1	0
a	30.7282	293	1	0
d	30.7415	292	1	1
s	30.7415	293	1	0
a	30.753	294	1	0
d	30.7953	293	1	1
s	30.7953	294	1	0
a	30.798	295	1	0
a	30.8328	296	1	1
d	30.9139	294	1	2
s	30.9139	295	1	1
d	30.9273	295	1	1
s	30.9273	296	1	0
a	30.9713	297	1	0
a	30.9748	298	1	1
a	31.0013	299	1	2
d	31.0463	296	1	3
s	31.0463	297	1	2
d	31.1042	297	1	2
s	31.1042	298	1	1
a	31.1539	300	1	1
a	31.1611	301	1	2
d	31.2241	298	1	3
s	31.2241	299	1	2
a	31.2679	302	1	2
d	31.3047	299	1	3
s	31.3047	300	1	2
d	31.3052	300	1	2
s	31.3052	301	1	1
a	31.4453	303	1	1
d	31.5878	301	1	2
s	31.5878	302	1	1
a	31.6091	304	1	1
d	31.6581	302	1	2
s	31.6581	303	1	1
a	31.7596	305	1	1
a	31.9047	306	1	2
d	31.9112	303	1	3
s	31.9112	304	1	2
a	31.9301	307	1	2
a	32.0083	308	1	3
d	32.0342	304	1	4
s	32.0342	305	1	3
d	32.1488	305	1	3
s	32.1488	306	1	2
d	32.3226	306	1	2
s	32.3226	307	1	1
a	32.3502	309	1	1
d	32.4014	307	1	2
s	32.4014	308	1	1
a	32.4499	310	1	1
a	32.5273	311	1	2
a	32.561	312	1	3
a	32.5819	313	1	4
a	32.7258	314	1	5
d	32.825	308	1	6
s	32.825	309	1	5
a	32.9828	315	1	5
a	33.0274	316	1	6
d	33.1727	309	1	7
s	33.1727	310	1	6
d	33.3732	310	1	6
s	33.3732	311	1	5
a	33.5134	317	1	5
a	33.5829	318	1	6
a	33.6695	319	1	7
d	33.7264	311	1	8
s	33.7264	312	1	7
a	33.7821	320	1	7
d	33.7847	312	1	8
s	33.7847	313	1	7
d	33.7958	313	1	7
s	33.7958	314	1	6
d	33.8095	314	1	6
s	33.8095	315	1	5
d	33.829	315	1	5
s	33.829	316	1	4
d	33.9236	316	1	4
s	33.9236	317	1	3
a	33.9244	321	1	3
d	33.9634	317	1	4
s	33.9634	318	1	3
a	33.9642	322	1	3
a	33.9651	323	1	4
d	33.9686	318	1	5
s	33.9686	319	1	4
a	33.981	324	1	4
d	34.0205	319	1	5
s	34.0205	320	1	4
a	34.046	325	1	4
a	34.127	326	1	5
d	34.2231	320	1	6
s	34.2231	321	1	5
d	34.2599	321	1	5
s	34.2599	322	1	4
a	34.2749	327	1	4
d	34.3266	322	1	5
s	34.3266	323	1	4
d	34.3373	323	1	4
s	34.3373	324	1	3
a	34.4031	328	1	3
d	34.4098	324	1	4
s	34.4098	325	1	3
a	34.4311	329	1	3
a	34.4839	330	1	4
d	34.5187	325	1	5
s	34.5187	326	1	4
a	34.5648	331	1	4
a	34.5756	332	1	5
d	34.6705	326	1	6
s	34.6705	327	1	5
a	34.6813	333	1	5
d	34.7031	327	1	6
s	34.7031	328	1	5
a	34.7789	334	1	5
a	34.9726	335	1	6
d	35.0146	328	1	7
s	35.0146	329	1	6
d	35.0398	329	1	6
s	35.0398	330	1	5
a	35.0646	336	1	5
a	35.0716	337	1	6
d	35.0759	330	1	7
s	35.0759	331	1	6
d	35.0999	331	1	6
s	35.0999	332	1	5
a	35.1558	338	1	5
a	35.3142	339	1	6
d	35.4843	332	1	7
s	35.4843	333	1	6
a	35.4851	340	1	6
d	35.5328	333	1	7
s	35.5328	334	1	6
a	35.6173	341	1	6
d	35.6329	334	1	7
s	35.6329	335	1	6
d	35.7569	335	1	6
s	35.7569	336	1	5
a	35.9463	342	1	5
d	36.0244	336	1	6
s	36.0244	337	1	5
a	36.0704	343	1	5
d	36.2235	337	1	6
s	36.2235	338	1	5
a	36.4087	344	1	5
a	36.4155	345	1	6
d	36.4471	338	1	7
s	36.4471	339	1	6
a	36.4623	346	1	6
a	36.4623	347	1	7
a	36.485	348	1	8
a	36.5611	349	1	9
a	36.643	350	1	10
d	36.6982	339	1	11
s	36.6982	340	1	10
d	36.8413	340	1	10
s	36.8413	341	1	9
d	36.8642	341	1	9
s	36.8642	342	1	8
d	36.896	342	1	8
s	36.896	343	1	7
d	37.0538	343	1	7
s	37.0538	344	1	6
a	37.0581	351	1	6
a	37.1544	352	1	7
d	37.1556	344	1	8
s	37.1556	345	1	7
d	37.1964	345	1	7
s	37.1964	346	1	6
a	37.2684	353	1	6
d	37.3229	346	1	7
s	37.3229	347	1	6
a	37.3301	354	1	6
a	37.4676	355	1	7
d	37.4743	347	1	8
s	37.4743	348	1	7
a	37.4875	356	1	7
d	37.4942	348	1	8
s	37.4942	349	1	7
d	37.5653	349	1	7
s	37.5653	350	1	6
d	37.572	350	1	6
s	37.572	351	1	5
d	37.6956	351	1	5
s	37.6956	352	1	4
d	37.7048	352	1	4
s	37.7048	353	1	3
a	37.7453	357	1	3
d	37.7549	353	1	4
s	37.7549	354	1	3
a	37.8066	358	1	3
a	37.8531	359	1	4
d	37.9445	354	1	5
s	37.9445	355	1	4
d	37.982	355	1	4
s	37.982	356	1	3
d	38.1171	356	1	3
s	38.1171	357	1	2
a	38.1585	360	1	2
a	38.172	361	1	3
d	38.2837	357	1	4
s	38.2837	358	1	3
a	38.3242	362	1	3
a	38.4336	363	1	4
a	38.4791	364	1	5
a	38.5538	365	1	6
a	38.5566	366	1	7
d	38.5717	358	1	8
s	38.5717	359	1	7
d	38.6201	359	1	7
s	38.6201	360	1	6
d	38.6623	360	1	6
s	38.6623	361	1	5
d	38.7486	361	1	5
s	38.7486	362	1	4
d	38.7532	362	1	4
s	38.7532	363	1	3
d	38.8036	363	1	3
s	38.8036	364	1	2
a	38.8504	367	1	2
d	38.8917	364	1	3
s	38.8917	365	1	2
a	38.9042	368	1	2
a	38.9148	369	1	3
d	38.939	365	1	4
s	38.939	366	1	3
d	39.1642	366	1	3
s	39.1642	367	1	2
a	39.1813	370	1	2
a	39.2387	371	1	3
a	39.2484	372	1	4
a	39.2563	373	1	5
d	39.2572	367	1	6
s	39.2572	368	1	5
a	39.3146	374	1	5
a	39.3525	375	1	6
d	39.4193	368	1	7
s	39.4193	369	1	6
a	39.4653	376	1	6
a	39.4718	377	1	7
d	39.5148	369	1	8
s	39.5148	370	1	7
d	39.5198	370	1	7
s	39.5198	371	1	6
a	39.5522	378	1	6
a	39.5771	379	1	7
d	39.6069	371	1	8
s	39.6069	372	1	7
d	39.764	372	1	7
s	39.764	373	1	6
a	39.8462	380	1	6
d	39.8788	373	1	7
s	39.8788	374	1	6
a	39.9012	381	1	6
d	39.9275	374	1	7
s	39.9275	375	1	6
a	40.0081	382	1	6
a	40.0493	383	1	7
d	40.0545	375	1	8
s	40.0545	376	1	7
a	40.1915	384	1	7
d	40.2777	376	1	8
s	40.2777	377	1	7
d	40.2809	377	1	7
s	40.2809	378	1	6
a	40.3436	385	1	6
a	40.3487	386	1	7
d	40.3804	378	1	8
s	40.3804	379	1	7
a	40.3812	387	1	7
a	40.441	388	1	8
a	40.4779	389	1	9
d	40.5307	379	1	10
s	40.5307	380	1	9
a	40.5497	390	1	9
a	40.5584	391	1	10
d	40.6187	380	1	11
s	40.6187	381	1	10
d	40.651	381	1	10
s	40.651	382	1	9
a	40.6634	392	1	9
a	40.7887	393	1	10
d	40.8903	382	1	11
s	40.8903	383	1	10
d	41.0572	383	1	10
s	41.0572	384	1	9
d	41.1646	384	1	9
s	41.1646	385	1	8
a	41.3023	394	1	8
d	41.3227	385	1	9
s	41.3227	386	1	8
d	41.3916	386	1	8
s	41.3916	387	1	7
d	41.4128	387	1	7
s	41.4128	388	1	6
d	41.4219	388	1	6
s	41.4219	389	1	5
a	41.4386	395	1	5
a	41.4751	396	1	6
d	41.5938	389	1	7
s	41.5938	390	1	6
d	41.6133	390	1	6
s	41.6133	391	1	5
d	41.6332	391	1	5
s	41.6332	392	1	4
a	41.646	397	1	4
d	41.6561	392	1	5
s	41.6561	393	1	4
d	41.7905	393	1	4
s	41.7905	394	1	3
d	41.7953	394	1	3
s	41.7953	395	1	2
d	41.8105	395	1	2
s	41.8105	396	1	1
d	41.8451	396	1	1
s	41.8451	397	1	0
a	41.8927	398	1	0
d	41.9813	397	1	1
s	41.9813	398	1	0
a	42.0111	399	1	0
a	42.059	400	1	1
d	42.1076	398	1	2
s	42.1076	399	1	1
d	42.1917	399	1	1
s	42.1917	400	1	0
d	42.1942	400	0	0
a	42.2123	401	0	0
s	42.2123	401	1	0
d	42.4718	401	0	0
a	42.4754	402	0	0
s	42.4754	402	1	0
a	42.5896	403	1	0
d	42.6427	402	1	1
s	42.6427	403	1	0
d	42.662	403	0	0
a	42.6735	404	0	0
s	42.6735	404	1	0
a	42.6805	405	1	0
d	42.7429	404	1	1
s	42.7429	405	1	0
d	42.7459	405	0	0
a	42.8066	406	0	0
s	42.8066	406	1	0
a	42.8859	407	1	0
a	43.0759	408	1	1
d	43.0773	406	1	2
s	43.0773	407	1	1
a	43.091	409	1	1
a	43.1103	410	1	2
a	43.1302	411	1	3
a	43.1386	412	1	4
d	43.1996	407	1	5
s	43.1996	408	1	4
a	43.3516	413	1	4
a	43.4753	414	1	5
d	43.4778	408	1	6
s	43.4778	409	1	5
a	43.5171	415	1	5
d	43.5172	409	1	6
s	43.5172	410	1	5
a	43.5645	416	1	5
a	43.576	417	1	6
d	43.5811	410	1	7
s	43.5811	411	1	6
a	43.6001	418	1	6
a	43.6292	419	1	7
d	43.6531	411	1	8
s	43.6531	412	1	7
a	43.7003	420	1	7
a	43.7502	421	1	8
d	43.9447	412	1	9
s	43.9447	413	1	8
d	44.0354	413	1	8
s	44.0354	414	1	7
d	44.0487	414	1	7
s	44.0487	415	1	6
d	44.0985	415	1	6
s	44.0985	416	1	5
a	44.1295	422	1	5
a	44.1714	423	1	6
d	44.178	416	1	7
s	44.178	417	1	6
a	44.194	424	1	6
d	44.1997	417	1	7
s	44.1997	418	1	6
a	44.2813	425	1	6
d	44.3128	418	1	7
s	44.3128	419	1	6
d	44.3425	419	1	6
s	44.3425	420	1	5
a	44.6185	426	1	5
d	44.6748	420	1	6
s	44.6748	421	1	5
d	44.7937	421	1	5
s	44.7937	422	1	4
a	44.863	427	1	4
d	44.8825	422	1	5
s	44.8825	423	1	4
a	44.9636	428	1	4
d	45.0205	423	1	5
s	45.0205	424	1	4
d	45.1462	424	1	4
s	45.1462	425	1	3
a	45.1987	429	1	3
a	45.2092	430	1	4
d	45.2107	425	1	5
s	45.2107	426	1	4
a	45.2421	431	1	4
a	45.4484	432	1	5
d	45.4805	426	1	6
s	45.4805	427	1	5
d	45.5483	427	1	5
s	45.5483	428	1	4
a	45.5804	433	1	4
a	45.6106	434	1	5
a	45.6223	435	1	6
d	45.6757	428	1	7
s	45.6757	429	1	6
d	45.7052	429	1	6
s	45.7052	430	1	5
a	45.7182	436	1	5
a	45.759	437	1	6
a	45.7857	438	1	7
d	45.8075	430	1	8
s	45.8075	431	1	7
a	45.8451	439	1	7
a	45.854	440	1	8
d	45.8659	431	1	9
s	45.8659	432	1	8
d	46.0873	432	1	8
s	46.0873	433	1	7
a	46.1665	441	1	7
a	46.211	442	1	8
a	46.2283	443	1	9
d	46.2379	433	1	10
s	46.2379	434	1	9
a	46.2995	444	1	9
a	46.3072	445	1	10
d	46.4396	434	1	11
s	46.4396	435	1	10
d	46.4896	435	1	10
s	46.4896	436	1	9
d	46.4941	436	1	9
s	46.4941	437	1	8
a	46.5223	446	1	8
d	46.5891	437	1	9
s	46.5891	438	1	8
d	46.733	438	1	8
s	46.733	439	1	7
a	46.7419	447	1	7
d	46.7452	439	1	8
s	46.7452	440	1	7
a	46.768	448	1	7
d	46.9332	440	1	8
s	46.9332	441	1	7
d	46.9419	441	1	7
s	46.9419	442	1	6
a	46.9731	449	1	6
d	46.9845	442	1	7
s	46.9845	443	1	6
d	46.988	443	1	6
s	46.988	444	1	5
a	47.0183	450	1	5
a	47.0641	451	1	6
a	47.0982	452	1	7
a	47.1528	453	1	8
d	47.2212	444	1	9
s	47.2212	445	1	8
a	47.2877	454	1	8
a	47.3434	455	1	9
d	47.345	445	1	10
s	47.345	446	1	9
d	47.4335	446	1	9
s	47.4335	447	1	8
a	47.6178	456	1	8
d	47.6241	447	1	9
s	47.6241	448	1	8
a	47.6534	457	1	8
a	47.6747	458	1	9
d	47.7032	448	1	10
s	47.7032	449	1	9
d	47.7478	449	1	9
s	47.7478	450	1	8
d	47.7664	450	1	8
s	47.7664	451	1	7
a	47.8338	459	1	7
a	47.8357	460	1	8
d	47.8662	451	1	9
s	47.8662	452	1	8
d	47.8982	452	1	8
s	47.8982	453	1	7
a	47.9053	461	1	7
a	47.9132	462	1	8
d	47.9189	453	1	9
s	47.9189	454	1	8
d	47.9485	454	1	8
s	47.9485	455	1	7
d	48.05	455	1	7
s	48.05	456	1	6
a	48.0629	463	1	6
d	48.07	456	1	7
s	48.07	457	1	6
d	48.1274	457	1	6
s	48.1274	458	1	5
a	48.1277	464	1	5
a	48.2319	465	1	6
d	48.3019	458	1	7
s	48.3019	459	1	6
a	48.3833	466	1	6
d	48.4441	459	1	7
s	48.4441	460	1	6
a	48.4579	467	1	6
d	48.48	460	1	7
s	48.48	461	1	6
d	48.591	461	1	6
s	48.591	462	1	5
d	48.7089	462	1	5
s	48.7089	463	1	4
a	48.7147	468	1	4
a	48.7868	469	1	5
d	48.8375	463	1	6
s	48.8375	464	1	5
a	48.8683	470	1	5
a	48.9225	471	1	6
d	48.968	464	1	7
s	48.968	465	1	6
d	49.0009	465	1	6
s	49.0009	466	1	5
d	49.0974	466	1	5
s	49.0974	467	1	4
a	49.0991	472	1	4
d	49.112	467	1	5
s	49.112	468	1	4
a	49.1254	473	1	4
d	49.1823	468	1	5
s	49.1823	469	1	4
d	49.2221	469	1	4
s	49.2221	470	1	3
d	49.2813	470	1	3
s	49.2813	471	1	2
a	49.2994	474	1	2
a	49.3128	475	1	3
d	49.3864	471	1	4
s	49.3864	472	1	3
d	49.4467	472	1	3
s	49.4467	473	1	2
d	49.4757	473	1	2
s	49.4757	474	1	1
a	49.5022	476	1	1
a	49.5137	477	1	2
a	49.5228	478	1	3
a	49.5389	479	1	4
a	49.5997	480	1	5
d	49.6022	474	1	6
s	49.6022	475	1	5
a	49.6306	481	1	5
d	49.6925	475	1	6
s	49.6925	476	1	5
a	49.7449	482	1	5
d	49.7868	476	1	6
s	49.7868	477	1	5
d	49.8271	477	1	5
s	49.8271	478	1	4
a	49.8617	483	1	4
a	49.8802	484	1	5
a	49.9002	485	1	6
a	49.9352	486	1	7
a	49.9633	487	1	8
d	50.0092	478	1	9
s	50.0092	479	1	8
a	50.0958	488	1	8
a	50.1683	489	1	9
a	50.221	490	1	10
d	50.2287	479	1	11
s	50.2287	480	1	10
d	50.2288	480	1	10
s	50.2288	481	1	9
a	50.2601	491	1	9
d	50.3272	481	1	10
s	50.3272	482	1	9
a	50.3357	492	1	9
d	50.52	482	1	10
s	50.52	483	1	9
d	50.5629	483	1	9
s	50.5629	484	1	8
a	50.6257	493	1	8
a	50.626	494	1	9
a	50.6759	495	1	10
a	50.6816	496	1	11
d	50.708	484	1	12
s	50.708	485	1	11
d	50.7409	485	1	11
s	50.7409	486	1	10
d	50.7689	486	1	10
s	50.7689	487	1	9
a	50.8071	497	1	9
a	50.8314	498	1	10
a	50.8481	499	1	11
d	50.8593	487	1	12
s	50.8593	488	1	11
a	50.9099	500	1	11
a	50.9352	501	1	12
a	51.0159	502	1	13
a	51.1083	503	1	14
d	51.1346	488	1	15
s	51.1346	489	1	14
d	51.1349	489	1	14
s	51.1349	490	1	13
a	51.2337	504	1	13
a	51.2799	505	1	14
d	51.4462	490	1	15
s	51.4462	491	1	14
a	51.5396	506	1	14
a	51.5617	507	1	15
d	51.5954	491	1	16
s	51.5954	492	1	15
a	51.6243	508	1	15
a	51.678	509	1	16
d	51.7415	492	1	17
s	51.7415	493	1	16
a	51.817	510	1	16
d	51.9633	493	1	17
s	51.9633	494	1	16
d	51.9663	494	1	16
s	51.9663	495	1	15
d	51.978	495	1	15
s	51.978	496	1	14
d	52.0133	496	1	14
s	52.0133	497	1	13
a	52.0927	511	1	13
a	52.1308	512	1	14
d	52.2401	497	1	15
s	52.2401	498	1	14
d	52.2403	498	1	14
s	52.2403	499	1	13
d	52.2704	499	1	13
s	52.2704	500	1	12
a	52.5822	513	1	12
d	52.5902	500	1	13
s	52.5902	501	1	12
a	52.6234	514	1	12
d	52.6392	501	1	13
s	52.6392	502	1	12
d	52.6489	502	1	12
s	52.6489	503	1	11
d	52.6639	503	1	11
s	52.6639	504	1	10
d	52.7103	504	1	10
s	52.7103	505	1	9
d	52.7221	505	1	9
s	52.7221	506	1	8
a	52.7556	515	1	8
a	52.7609	516	1	9
d	52.7774	506	1	10
s	52.7774	507	1	9
a	52.7887	517	1	9
a	52.8757	518	1	10
a	52.8992	519	1	11
a	52.9082	520	1	12
d	52.911	507	1	13
s	52.911	508	1	12
d	52.9262	508	1	12
s	52.9262	509	1	11
a	52.9291	521	1	11
a	52.9499	522	1	12
d	53.0064	509	1	13
s	53.0064	510	1	12
d	53.009	510	1	12
s	53.009	511	1	11
d	53.027	511	1	11
s	53.027	512	1	10
a	53.1824	523	1	10
d	53.241	512	1	11
s	53.241	513	1	10
a	53.2518	524	1	10
a	53.2589	525	1	11
a	53.366	526	1	12
d	53.3943	513	1	13
s	53.3943	514	1	12
a	53.4151	527	1	12
a	53.4381	528	1	13
d	53.4527	514	1	14
s	53.4527	515	1	13
d	53.5471	515	1	13
s	53.5471	516	1	12
d	53.5834	516	1	12
s	53.5834	517	1	11
d	53.6237	517	1	11
s	53.6237	518	1	10
a	53.7109	529	1	10
a	53.8093	530	1	11
d	53.8968	518	1	12
s	53.8968	519	1	11
d	53.9169	519	1	11
s	53.9169	520	1	10
d	53.9256	520	1	10
s	53.9256	521	1	9
a	53.9285	531	1	9
a	53.997	532	1	10
a	54.0148	533	1	11
a	54.0323	534	1	12
d	54.1536	521	1	13
s	54.1536	522	1	12
d	54.2325	522	1	12
s	54.2325	523	1	11
d	54.2977	523	1	11
s	54.2977	524	1	10
a	54.3098	535	1	10
a	54.3195	536	1	11
a	54.3347	537	1	12
d	54.4098	524	1	13
s	54.4098	525	1	12
d	54.4108	525	1	12
s	54.4108	526	1	11
d	54.4958	526	1	11
s	54.4958	527	1	10
a	54.5277	538	1	10
a	54.5329	539	1	11
d	54.5399	527	1	12
s	54.5399	528	1	11
a	54.5415	540	1	11
d	54.5488	528	1	12
s	54.5488	529	1	11
a	54.5779	541	1	11
d	54.5806	529	1	12
s	54.5806	530	1	11
a	54.5917	542	1	11
a	54.6065	543	1	12
d	54.6763	530	1	13
s	54.6763	531	1	12
d	54.6959	531	1	12
s	54.6959	532	1	11
d	54.7236	532	1	11
s	54.7236	533	1	10
d	54.8731	533	1	10
s	54.8731	534	1	9
a	54.9108	544	1	9
d	54.92	534	1	10
s	54.92	535	1	9
a	54.9241	545	1	9
a	54.9925	546	1	10
a	55.0286	547	1	11
d	55.032	535	1	12
s	55.032	536	1	11
d	55.0897	536	1	11
s	55.0897	537	1	10
d	55.093	537	1	10
s	55.093	538	1	9
a	55.0957	548	1	9
a	55.1016	549	1	10
a	55.2056	550	1	11
d	55.223	538	1	12
s	55.223	539	1	11
d	55.2688	539	1	11
s	55.2688	540	1	10
a	55.2784	551	1	10
d	55.3382	540	1	11
s	55.3382	541	1	10
a	55.3629	552	1	10
d	55.3949	541	1	11
s	55.3949	542	1	10
d	55.4098	542	1	10
s	55.4098	543	1	9
a	55.4346	553	1	9
a	55.4352	554	1	10
a	55.4451	555	1	11
a	55.4906	556	1	12
d	55.534	543	1	13
s	55.534	544	1	12
a	55.5452	557	1	12
d	55.5759	544	1	13
s	55.5759	545	1	12
d	55.6028	545	1	12
s	55.6028	546	1	11
d	55.6077	546	1	11
s	55.6077	547	1	10
a	55.6093	558	1	10
d	55.6164	547	1	11
s	55.6164	548	1	10
a	55.6314	559	1	10
a	55.6981	560	1	11
a	55.8341	561	1	12
a	55.8442	562	1	13
d	55.9202	548	1	14
s	55.9202	549	1	13
d	55.9242	549	1	13
s	55.9242	550	1	12
a	55.9918	563	1	12
a	56.0018	564	1	13
d	56.0647	550	1	14
s	56.0647	551	1	13
a	56.1153	565	1	13
d	56.2128	551	1	14
s	56.2128	552	1	13
d	56.2413	552	1	13
s	56.2413	553	1	12
d	56.2742	553	1	12
s	56.2742	554	1	11
d	56.3344	554	1	11
s	56.3344	555	1	10
a	56.3357	566	1	10
a	56.4694	567	1	11
a	56.4823	568	1	12
d	56.5557	555	1	13
s	56.5557	556	1	12
d	56.6733	556	1	12
s	56.6733	557	1	11
a	56.7096	569	1	11
a	56.7352	570	1	12
d	56.785	557	1	13
s	56.785	558	1	12
a	56.7871	571	1	12
a	56.8142	572	1	13
d	56.8193	558	1	14
s	56.8193	559	1	13
a	56.8882	573	1	13
a	56.8884	574	1	14
a	57.0122	575	1	15
a	57.1123	576	1	16
d	57.2419	559	1	17
s	57.2419	560	1	16
d	57.2743	560	1	16
s	57.2743	561	1	15
a	57.2907	577	1	15
a	57.3064	578	1	16
d	57.4835	561	1	17
s	57.4835	562	1	16
d	57.4862	562	1	16
s	57.4862	563	1	15
a	57.5279	579	1	15
a	57.5524	580	1	16
d	57.5646	563	1	17
s	57.5646	564	1	16
a	57.5652	581	1	16
a	57.5739	582	1	17
d	57.6136	564	1	18
s	57.6136	565	1	17
a	57.636	583	1	17
d	57.7985	565	1	18
s	57.7985	566	1	17
d	57.9091	566	1	17
s	57.9091	567	1	16
d	57.94	567	1	16
s	57.94	568	1	15
d	57.9617	568	1	15
s	57.9617	569	1	14
d	57.9748	569	1	14
s	57.9748	570	1	13
d	57.9845	570	1	13
s	57.9845	571	1	12
a	57.9987	584	1	12
a	58.0724	585	1	13
a	58.1135	586	1	14
d	58.1425	571	1	15
s	58.1425	572	1	14
a	58.1704	587	1	14
a	58.1794	588	1	15
a	58.2455	589	1	16
d	58.2954	572	1	17
s	58.2954	573	1	16
d	58.4156	573	1	16
s	58.4156	574	1	15
a	58.5082	590	1	15
a	58.5151	591	1	16
d	58.5395	574	1	17
s	58.5395	575	1	16
d	58.5487	575	1	16
s	58.5487	576	1	15
a	58.6121	592	1	15
a	58.648	593	1	16
d	58.7324	576	1	17
s	58.7324	577	1	16
d	58.7875	577	1	16
s	58.7875	578	1	15
d	58.8023	578	1	15
s	58.8023	579	1	14
a	58.8232	594	1	14
a	58.8504	595	1	15
d	58.8528	579	1	16
s	58.8528	580	1	15
d	58.8765	580	1	15
s	58.8765	581	1	14
d	58.8891	581	1	14
s	58.8891	582	1	13
a	58.9135	596	1	13
a	58.9152	597	1	14
a	59.0577	598	1	15
d	59.1015	582	1	16
s	59.1015	583	1	15
a	59.2144	599	1	15
a	59.3541	600	1	16
a	59.6039	601	1	17
a	59.6931	602	1	18
a	59.7027	603	1	19
d	59.7238	583	1	20
s	59.7238	584	1	19
d	59.7718	584	1	19
s	59.7718	585	1	18
a	59.7833	604	1	18
d	59.7848	585	1	19
s	59.7848	586	1	18
d	59.8359	586	1	18
s	59.8359	587	1	17
a	59.852	605	1	17
a	59.8545	606	1	18
d	59.8743	587	1	19
s	59.8743	588	1	18
a	59.9169	607	1	18
d	60.0048	588	1	19
s	60.0048	589	1	18
a	60.0285	608	1	18
a	60.0469	609	1	19
a	60.0762	610	1	20
d	60.1952	589	1	21
s	60.1952	590	1	20
a	60.2886	611	1	20
d	60.331	590	1	21
s	60.331	591	1	20
a	60.4252	612	1	20
a	60.4734	613	1	21
d	60.5344	591	1	22
s	60.5344	592	1	21
d	60.6463	592	1	21
s	60.6463	593	1	20
a	60.8296	614	1	20
d	60.9052	593	1	21
s	60.9052	594	1	20
d	60.9606	594	1	20
s	60.9606	595	1	19
d	60.9899	595	1	19
s	60.9899	596	1	18
a	61.0834	615	1	18
d	61.0935	596	1	19
s	61.0935	597	1	18
d	61.1125	597	1	18
s	61.1125	598	1	17
a	61.1916	616	1	17
a	61.195	617	1	18
a	61.2208	618	1	19
d	61.2265	598	1	20
s	61.2265	599	1	19
d	61.2802	599	1	19
s	61.2802	600	1	18
a	61.3231	619	1	18
a	61.3442	620	1	19
d	61.4254	600	1	20
s	61.4254	601	1	19
a	61.4993	621	1	19
a	61.5001	622	1	20
d	61.5122	601	1	21
s	61.5122	602	1	20
a	61.7438	623	1	20
d	61.7735	602	1	21
s	61.7735	603	1	20
a	61.8012	624	1	20
d	61.8291	603	1	21
s	61.8291	604	1	20
d	61.8375	604	1	20
s	61.8375	605	1	19
d	61.9025	605	1	19
s	61.9025	606	1	18
d	61.903	606	1	18
s	61.903	607	1	17
a	61.913	625	1	17
d	62.0504	607	1	18
s	62.0504	608	1	17
a	62.088	626	1	17
d	62.1269	608	1	18
s	62.1269	609	1	17
a	62.1397	627	1	17
a	62.1426	628	1	18
d	62.2348	609	1	19
s	62.2348	610	1	18
d	62.2407	610	1	18
s	62.2407	611	1	17
d	62.2654	611	1	17
s	62.2654	612	1	16
d	62.2907	612	1	16
s	62.2907	613	1	15
d	62.3194	613	1	15
s	62.3194	614	1	14
a	62.3372	629	1	14
a	62.4842	630	1	15
d	62.6316	614	1	16
s	62.6316	615	1	15
a	62.6706	631	1	15
d	62.699	615	1	16
s	62.699	616	1	15
a	62.7001	632	1	15
a	62.7429	633	1	16
d	62.8172	616	1	17
s	62.8172	617	1	16
d	62.9301	617	1	16
s	62.9301	618	1	15
a	63.071	634	1	15
a	63.1021	635	1	16
d	63.3471	618	1	17
s	63.3471	619	1	16
d	63.4072	619	1	16
s	63.4072	620	1	15
d	63.4339	620	1	15
s	63.4339	621	1	14
d	63.6911	621	1	14
s	63.6911	622	1	13
d	63.6997	622	1	13
s	63.6997	623	1	12
d	63.7213	623	1	12
s	63.7213	624	1	11
a	63.7418	636	1	11
a	63.7897	637	1	12
a	63.8298	638	1	13
a	63.8426	639	1	14
a	63.8493	640	1	15
a	63.8538	641	1	16
d	63.8779	624	1	17
s	63.8779	625	1	16
a	63.8847	642	1	16
a	63.9617	643	1	17
d	64.0166	625	1	18
s	64.0166	626	1	17
a	64.0372	644	1	17
a	64.0402	645	1	18
d	64.0417	626	1	19
s	64.0417	627	1	18
a	64.0509	646	1	18
a	64.1577	647	1	19
d	64.2635	627	1	20
s	64.2635	628	1	19
d	64.3085	628	1	19
s	64.3085	629	1	18
a	64.3625	648	1	18
a	64.3762	649	1	19
a	64.3978	650	1	20
a	64.4002	651	1	21
d	64.4188	629	1	22
s	64.4188	630	1	21
d	64.4643	630	1	21
s	64.4643	631	1	20
a	64.5368	652	1	20
a	64.5833	653	1	21
a	64.6197	654	1	22
d	64.6371	631	1	23
s	64.6371	632	1	22
a	64.6381	655	1	22
a	64.6729	656	1	23
d	64.727	632	1	24
s	64.727	633	1	23
d	64.8529	633	1	23
s	64.8529	634	1	22
a	64.8925	657	1	22
d	64.9005	634	1	23
s	64.9005	635	1	22
d	64.9026	635	1	22
s	64.9026	636	1	21
d	65.0123	636	1	21
s	65.0123	637	1	20
a	65.0635	658	1	20
d	65.0683	637	1	21
s	65.0683	638	1	20
a	65.1076	659	1	20
a	65.1536	660	1	21
d	65.2623	638	1	22
s	65.2623	639	1	21
a	65.3738	661	1	21
a	65.3997	662	1	22
d	65.4143	639	1	23
s	65.4143	640	1	22
a	65.4663	663	1	22
d	65.4683	640	1	23
s	65.4683	641	1	22
a	65.4817	664	1	22
a	65.4935	665	1	23
a	65.5162	666	1	24
a	65.7414	667	1	25
d	65.8348	641	1	26
s	65.8348	642	1	25
d	65.8369	642	1	25
s	65.8369	643	1	24
d	65.9236	643	1	24
s	65.9236	644	1	23
a	65.9355	668	1	23
a	65.9454	669	1	24
d	66.0306	644	1	25
s	66.0306	645	1	24
d	66.0408	645	1	24
s	66.0408	646	1	23
a	66.0737	670	1	23
d	66.0942	646	1	24
s	66.0942	647	1	23
d	66.1429	647	1	23
s	66.1429	648	1	22
a	66.1576	671	1	22
a	66.1865	672	1	23
a	66.2107	673	1	24
d	66.2713	648	1	25
s	66.2713	649	1	24
a	66.2725	674	1	24
a	66.3005	675	1	25
a	66.3026	676	1	26
d	66.3151	649	1	27
s	66.3151	650	1	26
a	66.3796	677	1	26
a	66.4588	678	1	27
d	66.6124	650	1	28
s	66.6124	651	1	27
d	66.7361	651	1	27
s	66.7361	652	1	26
d	66.7792	652	1	26
s	66.7792	653	1	25
d	66.9328	653	1	25
s	66.9328	654	1	24
a	66.9957	679	1	24
a	67.0609	680	1	25
a	67.3244	681	1	26
d	67.4946	654	1	27
s	67.4946	655	1	26
a	67.5004	682	1	26
a	67.5087	683	1	27
d	67.573	655	1	28
s	67.573	656	1	27
d	67.662	656	1	27
s	67.662	657	1	26
a	67.701	684	1	26
d	67.8482	657	1	27
s	67.8482	658	1	26
a	67.9254	685	1	26
a	67.9434	686	1	27
d	67.9637	658	1	28
s	67.9637	659	1	27
a	68.0757	687	1	27
d	68.12	659	1	28
s	68.12	660	1	27
d	68.1391	660	1	27
s	68.1391	661	1	26
d	68.1499	661	1	26
s	68.1499	662	1	25
d	68.1852	662	1	25
s	68.1852	663	1	24
d	68.2202	663	1	24
s	68.2202	664	1	23
a	68.2553	688	1	23
a	68.293	689	1	24
d	68.2933	664	1	25
s	68.2933	665	1	24
a	68.3491	690	1	24
d	68.3799	665	1	25
s	68.3799	666	1	24
d	68.4595	666	1	24
s	68.4595	667	1	23
a	68.5411	691	1	23
d	68.5696	667	1	24
s	68.5696	668	1	23
a	68.5708	692	1	23
a	68.584	693	1	24
d	68.5863	668	1	25
s	68.5863	669	1	24
a	68.6073	694	1	24
a	68.627	695	1	25
d	68.6462	669	1	26
s	68.6462	670	1	25
d	68.6537	670	1	25
s	68.6537	671	1	24
a	68.6866	696	1	24
d	68.6908	671	1	25
s	68.6908	672	1	24
d	68.7008	672	1	24
s	68.7008	673	1	23
a	68.7016	697	1	23
a	68.7482	698	1	24
d	68.7601	673	1	25
s	68.7601	674	1	24
d	68.7829	674	1	24
s	68.7829	675	1	23
a	68.7964	699	1	23
a	68.8604	700	1	24
d	68.9468	675	1	25
s	68.9468	676	1	24
a	68.9903	701	1	24
a	69.0317	702	1	25
d	69.0576	676	1	26
s	69.0576	677	1	25
d	69.1272	677	1	25
s	69.1272	678	1	24
d	69.1511	678	1	24
s	69.1511	679	1	23
a	69.1984	703	1	23
a	69.2195	704	1	24
a	69.2295	705	1	25
a	69.2728	706	1	26
d	69.3467	679	1	27
s	69.3467	680	1	26
d	69.6019	680	1	26
s	69.6019	681	1	25
a	69.6278	707	1	25
d	69.6873	681	1	26
s	69.6873	682	1	25
a	69.6918	708	1	25
d	69.7379	682	1	26
s	69.7379	683	1	25
a	69.7724	709	1	25
a	69.7833	710	1	26
d	69.7839	683	1	27
s	69.7839	684	1	26
d	69.8392	684	1	26
s	69.8392	685	1	25
a	69.8437	711	1	25
d	69.8783	685	1	26
s	69.8783	686	1	25
a	69.9447	712	1	25
d	70.0013	686	1	26
s	70.0013	687	1	25
d	70.0933	687	1	25
s	70.0933	688	1	24
d	70.2898	688	1	24
s	70.2898	689	1	23
d	70.2995	689	1	23
s	70.2995	690	1	22
a	70.3136	713	1	22
a	70.3208	714	1	23
d	70.3265	690	1	24
s	70.3265	691	1	23
a	70.3712	715	1	23
d	70.3966	691	1	24
s	70.3966	692	1	23
a	70.3991	716	1	23
a	70.4105	717	1	24
d	70.4862	692	1	25
s	70.4862	693	1	24
a	70.5307	718	1	24
a	70.5856	719	1	25
d	70.6272	693	1	26
s	70.6272	694	1	25
d	70.6544	694	1	25
s	70.6544	695	1	24
a	70.6815	720	1	24
a	70.6852	721	1	25
a	70.7247	722	1	26
a	70.8274	723	1	27
a	70.8715	724	1	28
d	70.9451	695	1	29
s	70.9451	696	1	28
d	70.9621	696	1	28
s	70.9621	697	1	27
d	71.0041	697	1	27
s	71.0041	698	1	26
d	71.1155	698	1	26
s	71.1155	699	1	25
d	71.1163	699	1	25
s	71.1163	700	1	24
d	71.1164	700	1	24
s	71.1164	701	1	23
d	71.1814	701	1	23
s	71.1814	702	1	22
a	71.1903	725	1	22
d	71.1975	702	1	23
s	71.1975	703	1	22
d	71.2577	703	1	22
s	71.2577	704	1	21
a	71.3199	726	1	21
a	71.3368	727	1	22
d	71.3462	704	1	23
s	71.3462	705	1	22
a	71.3556	728	1	22
d	71.3604	705	1	23
s	71.3604	706	1	22
a	71.3793	729	1	22
a	71.4006	730	1	23
a	71.4074	731	1	24
d	71.4435	706	1	25
s	71.4435	707	1	24
a	71.5612	732	1	24
a	71.5657	733	1	25
d	71.6225	707	1	26
s	71.6225	708	1	25
a	71.7185	734	1	25
a	71.9066	735	1	26
a	71.9614	736	1	27
d	72.043	708	1	28
s	72.043	709	1	27
a	72.1244	737	1	27
a	72.5766	738	1	28
a	72.6373	739	1	29
a	72.7073	740	1	30
d	72.709	709	1	31
s	72.709	710	1	30
a	72.7353	741	1	30
d	72.7442	710	1	31
s	72.7442	711	1	30
a	72.9289	742	1	30
a	72.9322	743	1	31
d	73.0643	711	1	32
s	73.0643	712	1	31
a	73.0899	744	1	31
d	73.228	712	1	32
s	73.228	713	1	31
a	73.2969	745	1	31
d	73.3337	713	1	32
s	73.3337	714	1	31
a	73.3495	746	1	31
a	73.3547	747	1	32
d	73.4109	714	1	33
s	73.4109	715	1	32
d	73.4425	715	1	32
s	73.4425	716	1	31
a	73.4543	748	1	31
d	73.4903	716	1	32
s	73.4903	717	1	31
a	73.5038	749	1	31
a	73.5966	750	1	32
a	73.6778	751	1	33
d	73.8035	717	1	34
s	73.8035	718	1	33
a	73.8348	752	1	33
a	73.8452	753	1	34
a	73.8801	754	1	35
a	74.0701	755	1	36
d	74.0841	718	1	37
s	74.0841	719	1	36
a	74.1021	756	1	36
d	74.2202	719	1	37
s	74.2202	720	1	36
a	74.3555	757	1	36
a	74.4325	758	1	37
a	74.4852	759	1	38
a	74.5152	760	1	39
d	74.5225	720	1	40
s	74.5225	721	1	39
d	74.5434	721	1	39
s	74.5434	722	1	38
a	74.5803	761	1	38
a	74.6706	762	1	39
d	74.8291	722	1	40
s	74.8291	723	1	39
d	75.0476	723	1	39
s	75.0476	724	1	38
d	75.0645	724	1	38
s	75.0645	725	1	37
d	75.0872	725	1	37
s	75.0872	726	1	36
d	75.2837	726	1	36
s	75.2837	727	1	35
d	75.4356	727	1	35
s	75.4356	728	1	34
d	75.4821	728	1	34
s	75.4821	729	1	33
d	75.5187	729	1	33
s	75.5187	730	1	32
a	75.5371	763	1	32
a	75.5491	764	1	33
a	75.6036	765	1	34
d	75.606	730	1	35
s	75.606	731	1	34
d	75.6477	731	1	34
s	75.6477	732	1	33
d	75.6574	732	1	33
s	75.6574	733	1	32
a	75.6737	766	1	32
a	75.7017	767	1	33
a	75.7115	768	1	34
a	75.7408	769	1	35
d	75.7936	733	1	36
s	75.7936	734	1	35
a	75.8339	770	1	35
a	75.8551	771	1	36
d	75.8744	734	1	37
s	75.8744	735	1	36
d	75.9409	735	1	36
s	75.9409	736	1	35
a	75.9679	772	1	35
d	75.9696	736	1	36
s	75.9696	737	1	35
d	75.9996	737	1	35
s	75.9996	738	1	34
a	76.0075	773	1	34
d	76.0222	738	1	35
s	76.0222	739	1	34
d	76.044	739	1	34
s	76.044	740	1	33
a	76.0565	774	1	33
a	76.1589	775	1	34
a	76.4849	776	1	35
d	76.5854	740	1	36
s	76.5854	741	1	35
d	76.686	741	1	35
s	76.686	742	1	34
a	76.7901	777	1	34
a	76.831	778	1	35
d	76.8472	742	1	36
s	76.8472	743	1	35
d	76.9978	743	1	35
s	76.9978	744	1	34
d	77.0961	744	1	34
s	77.0961	745	1	33
d	77.1374	745	1	33
s	77.1374	746	1	32
d	77.173	746	1	32
s	77.173	747	1	31
d	77.2659	747	1	31
s	77.2659	748	1	30
a	77.286	779	1	30
a	77.3477	780	1	31
d	77.5228	748	1	32
s	77.5228	749	1	31
d	77.5487	749	1	31
s	77.5487	750	1	30
d	77.5498	750	1	30
s	77.5498	751	1	29
a	77.721	781	1	29
d	77.726	751	1	30
s	77.726	752	1	29
a	77.7275	782	1	29
d	77.7292	752	1	30
s	77.7292	753	1	29
a	77.7551	783	1	29
a	77.839	784	1	30
d	77.8679	753	1	31
s	77.8679	754	1	30
d	77.9514	754	1	30
s	77.9514	755	1	29
a	77.9818	785	1	29
d	78.0315	755	1	30
s	78.0315	756	1	29
a	78.0589	786	1	29
d	78.0865	756	1	30
s	78.0865	757	1	29
d	78.1088	757	1	29
s	78.1088	758	1	28
d	78.1211	758	1	28
s	78.1211	759	1	27
a	78.1383	787	1	27
a	78.1481	788	1	28
d	78.1823	759	1	29
s	78.1823	760	1	28
d	78.2232	760	1	28
s	78.2232	761	1	27
d	78.2607	761	1	27
s	78.2607	762	1	26
d	78.4653	762	1	26
s	78.4653	763	1	25
a	78.4933	789	1	25
a	78.6499	790	1	26
d	78.7521	763	1	27
s	78.7521	764	1	26
a	78.8613	791	1	26
d	78.8619	764	1	27
s	78.8619	765	1	26
a	78.9199	792	1	26
a	78.95	793	1	27
d	79.0845	765	1	28
s	79.0845	766	1	27
d	79.1043	766	1	27
s	79.1043	767	1	26
a	79.1769	794	1	26
a	79.2341	795	1	27
d	79.3341	767	1	28
s	79.3341	768	1	27
d	79.4147	768	1	27
s	79.4147	769	1	26
a	79.4591	796	1	26
a	79.4655	797	1	27
d	79.5447	769	1	28
s	79.5447	770	1	27
d	79.5577	770	1	27
s	79.5577	771	1	26
d	79.6517	771	1	26
s	79.6517	772	1	25
a	79.6735	798	1	25
a	79.6767	799	1	26
a	79.6923	800	1	27
a	79.7069	801	1	28
d	79.8024	772	1	29
s	79.8024	773	1	28
a	79.8855	802	1	28
a	79.8862	803	1	29
d	79.9525	773	1	30
s	79.9525	774	1	29
d	80.0305	774	1	29
s	80.0305	775	1	28
d	80.1332	775	1	28
s	80.1332	776	1	27
d	80.2193	776	1	27
s	80.2193	777	1	26
d	80.2702	777	1	26
s	80.2702	778	1	25
d	80.4123	778	1	25
s	80.4123	779	1	24
a	80.461	804	1	24
a	80.5432	805	1	25
a	80.7135	806	1	26
d	80.7303	779	1	27
s	80.7303	780	1	26
d	80.8754	780	1	26
s	80.8754	781	1	25
d	80.9102	781	1	25
s	80.9102	782	1	24
d	80.9444	782	1	24
s	80.9444	783	1	23
d	81.1878	783	1	23
s	81.1878	784	1	22
d	81.2511	784	1	22
s	81.2511	785	1	21
d	81.2712	785	1	21
s	81.2712	786	1	20
a	81.3187	807	1	20
a	81.3279	808	1	21
a	81.3363	809	1	22
a	81.4657	810	1	23
a	81.471	811	1	24
d	81.5038	786	1	25
s	81.5038	787	1	24
d	81.5568	787	1	24
s	81.5568	788	1	23
d	81.588	788	1	23
s	81.588	789	1	22
d	81.6558	789	1	22
s	81.6558	790	1	21
a	81.6758	812	1	21
a	81.705	813	1	22
a	81.7349	814	1	23
a	81.9156	815	1	24
a	81.946	816	1	25
d	82.1103	790	1	26
s	82.1103	791	1	25
d	82.1227	791	1	25
s	82.1227	792	1	24
d	82.1826	792	1	24
s	82.1826	793	1	23
a	82.1903	817	1	23
a	82.231	818	1	24
d	82.3251	793	1	25
s	82.3251	794	1	24
a	82.3625	819	1	24
d	82.3653	794	1	25
s	82.3653	795	1	24
a	82.4482	820	1	24
a	82.4892	821	1	25
d	82.5495	795	1	26
s	82.5495	796	1	25
d	82.5576	796	1	25
s	82.5576	797	1	24
d	82.5577	797	1	24
s	82.5577	798	1	23
a	82.5725	822	1	23
d	82.579	798	1	24
s	82.579	799	1	23
d	82.633	799	1	23
s	82.633	800	1	22
d	82.6404	800	1	22
s	82.6404	801	1	21
a	82.6643	823	1	21
d	82.7312	801	1	22
s	82.7312	802	1	21
a	82.775	824	1	21
a	82.7949	825	1	22
a	82.8488	826	1	23
d	82.8646	802	1	24
s	82.8646	803	1	23
d	82.9232	803	1	23
s	82.9232	804	1	22
d	82.9388	804	1	22
s	82.9388	805	1	21
a	83.0898	827	1	21
d	83.1037	805	1	22
s	83.1037	806	1	21
a	83.1117	828	1	21
a	83.1339	829	1	22
d	83.1454	806	1	23
s	83.1454	807	1	22
a	83.158	830	1	22
a	83.1597	831	1	23
a	83.1636	832	1	24
d	83.1898	807	1	25
s	83.1898	808	1	24
d	83.2045	808	1	24
s	83.2045	809	1	23
d	83.2201	809	1	23
s	83.2201	810	1	22
d	83.2585	810	1	22
s	83.2585	811	1	21
d	83.2871	811	1	21
s	83.2871	812	1	20
d	83.3445	812	1	20
s	83.3445	813	1	19
d	83.4023	813	1	19
s	83.4023	814	1	18
a	83.4245	833	1	18
a	83.4255	834	1	19
d	83.4463	814	1	20
s	83.4463	815	1	19
d	83.4656	815	1	19
s	83.4656	816	1	18
d	83.4694	816	1	18
s	83.4694	817	1	17
a	83.497	835	1	17
a	83.532	836	1	18
a	83.5428	837	1	19
a	83.5492	838	1	20
d	83.5626	817	1	21
s	83.5626	818	1	20
a	83.7242	839	1	20
d	83.765	818	1	21
s	83.765	819	1	20
a	83.8372	840	1	20
d	83.99	819	1	21
s	83.99	820	1	20
a	83.996	841	1	20
a	84.0261	842	1	21
d	84.0567	820	1	22
s	84.0567	821	1	21
d	84.0821	821	1	21
s	84.0821	822	1	20
a	84.0925	843	1	20
a	84.1039	844	1	21
d	84.2232	822	1	22
s	84.2232	823	1	21
d	84.3193	823	1	21
s	84.3193	824	1	20
a	84.3462	845	1	20
d	84.5092	824	1	21
s	84.5092	825	1	20
a	84.5671	846	1	20
d	84.5697	825	1	21
s	84.5697	826	1	20
a	84.5769	847	1	20
d	84.6007	826	1	21
s	84.6007	827	1	20
a	84.6016	848	1	20
d	84.7122	827	1	21
s	84.7122	828	1	20
a	84.7237	849	1	20
d	84.7449	828	1	21
s	84.7449	829	1	20
d	84.7487	829	1	20
s	84.7487	830	1	19
d	84.7916	830	1	19
s	84.7916	831	1	18
d	84.8629	831	1	18
s	84.8629	832	1	17
a	84.9727	850	1	17
d	84.9792	832	1	18
s	84.9792	833	1	17
d	84.999	833	1	17
s	84.999	834	1	16
a	85.0038	851	1	16
d	85.0682	834	1	17
s	85.0682	835	1	16
a	85.0949	852	1	16
d	85.1709	835	1	17
s	85.1709	836	1	16
a	85.2033	853	1	16
a	85.228	854	1	17
a	85.3567	855	1	18
a	85.3892	856	1	19
d	85.4496	836	1	20
s	85.4496	837	1	19
d	85.4854	837	1	19
s	85.4854	838	1	18
a	85.5131	857	1	18
a	85.5136	858	1	19
d	85.6417	838	1	20
s	85.6417	839	1	19
a	85.6971	859	1	19
a	85.7735	860	1	20
a	85.8236	861	1	21
d	85.8704	839	1	22
s	85.8704	840	1	21
a	85.877	862	1	21
a	85.8987	863	1	22
d	85.9821	840	1	23
s	85.9821	841	1	22
a	85.9897	864	1	22
a	86.0192	865	1	23
d	86.0444	841	1	24
s	86.0444	842	1	23
a	86.109	866	1	23
d	86.1357	842	1	24
s	86.1357	843	1	23
a	86.1965	867	1	23
d	86.323	843	1	24
s	86.323	844	1	23
a	86.4155	868	1	23
a	86.4305	869	1	24
a	86.4422	870	1	25
a	86.4746	871	1	26
a	86.4838	872	1	27
d	86.6522	844	1	28
s	86.6522	845	1	27
d	86.6869	845	1	27
s	86.6869	846	1	26
d	86.7361	846	1	26
s	86.7361	847	1	25
d	86.7474	847	1	25
s	86.7474	848	1	24
d	86.7643	848	1	24
s	86.7643	849	1	23
a	86.7915	873	1	23
a	86.814	874	1	24
a	86.9878	875	1	25
a	87.0148	876	1	26
d	87.1246	849	1	27
s	87.1246	850	1	26
a	87.2255	877	1	26
d	87.2293	850	1	27
s	87.2293	851	1	26
a	87.2419	878	1	26
a	87.3205	879	1	27
d	87.5526	851	1	28
s	87.5526	852	1	27
a	87.6168	880	1	27
a	87.6268	881	1	28
d	87.6784	852	1	29
s	87.6784	853	1	28
d	87.7282	853	1	28
s	87.7282	854	1	27
a	87.7436	882	1	27
a	87.8244	883	1	28
a	87.8419	884	1	29
d	87.8905	854	1	30
s	87.8905	855	1	29
d	87.8931	855	1	29
s	87.8931	856	1	28
d	87.9462	856	1	28
s	87.9462	857	1	27
a	88.0315	885	1	27
d	88.0436	857	1	28
s	88.0436	858	1	27
a	88.1347	886	1	27
a	88.164	887	1	28
d	88.1659	858	1	29
s	88.1659	859	1	28
d	88.2274	859	1	28
s	88.2274	860	1	27
d	88.2834	860	1	27
s	88.2834	861	1	26
a	88.3587	888	1	26
a	88.3626	889	1	27
d	88.3912	861	1	28
s	88.3912	862	1	27
a	88.4113	890	1	27
d	88.5467	862	1	28
s	88.5467	863	1	27
a	88.5954	891	1	27
d	88.6485	863	1	28
s	88.6485	864	1	27
d	88.6723	864	1	27
s	88.6723	865	1	26
a	88.6945	892	1	26
d	88.6959	865	1	27
s	88.6959	866	1	26
a	88.7027	893	1	26
d	88.724	866	1	27
s	88.724	867	1	26
a	88.7748	894	1	26
d	88.831	867	1	27
s	88.831	868	1	26
d	88.86	868	1	26
s	88.86	869	1	25
d	88.9105	869	1	25
s	88.9105	870	1	24
a	88.9433	895	1	24
a	88.9591	896	1	25
d	88.9749	870	1	26
s	88.9749	871	1	25
a	89.0421	897	1	25
a	89.1611	898	1	26
a	89.2863	899	1	27
a	89.329	900	1	28
d	89.3827	871	1	29
s	89.3827	872	1	28
d	89.4789	872	1	28
s	89.4789	873	1	27
d	89.5641	873	1	27
s	89.5641	874	1	26
d	89.5644	874	1	26
s	89.5644	875	1	25
a	89.6178	901	1	25
a	89.6431	902	1	26
a	89.7459	903	1	27
a	89.8251	904	1	28
d	89.8573	875	1	29
s	89.8573	876	1	28
d	89.8593	876	1	28
s	89.8593	877	1	27
d	89.9611	877	1	27
s	89.9611	878	1	26
d	89.9794	878	1	26
s	89.9794	879	1	25
d	90.0342	879	1	25
s	90.0342	880	1	24
a	90.044	905	1	24
a	90.0909	906	1	25
a	90.101	907	1	26
a	90.1154	908	1	27
a	90.1655	909	1	28
d	90.3777	880	1	29
s	90.3777	881	1	28
d	90.4922	881	1	28
s	90.4922	882	1	27
a	90.5011	910	1	27
a	90.5071	911	1	28
d	90.6044	882	1	29
s	90.6044	883	1	28
a	90.6116	912	1	28
d	90.6388	883	1	29
s	90.6388	884	1	28
a	90.686	913	1	28
d	90.7716	884	1	29
s	90.7716	885	1	28
a	90.8501	914	1	28
d	90.8605	885	1	29
s	90.8605	886	1	28
d	91.0358	886	1	28
s	91.0358	887	1	27
a	91.0955	915	1	27
d	91.0992	887	1	28
s	91.0992	888	1	27
a	91.1085	916	1	27
a	91.1168	917	1	28
d	91.1774	888	1	29
s	91.1774	889	1	28
d	91.2778	889	1	28
s	91.2778	890	1	27
d	91.2942	890	1	27
s	91.2942	891	1	26
d	91.5334	891	1	26
s	91.5334	892	1	25
d	91.6715	892	1	25
s	91.6715	893	1	24
a	91.7159	918	1	24
d	91.7679	893	1	25
s	91.7679	894	1	24
d	91.8327	894	1	24
s	91.8327	895	1	23
d	91.8355	895	1	23
s	91.8355	896	1	22
d	91.868	896	1	22
s	91.868	897	1	21
d	91.9696	897	1	21
s	91.9696	898	1	20
d	92.0096	898	1	20
s	92.0096	899	1	19
d	92.0129	899	1	19
s	92.0129	900	1	18
a	92.039	919	1	18
a	92.0905	920	1	19
a	92.091	921	1	20
a	92.1025	922	1	21
a	92.1082	923	1	22
d	92.2647	900	1	23
s	92.2647	901	1	22
a	92.2658	924	1	22
a	92.3054	925	1	23
a	92.4016	926	1	24
d	92.4375	901	1	25
s	92.4375	902	1	24
a	92.5251	927	1	24
a	92.5337	928	1	25
d	92.5549	902	1	26
s	92.5549	903	1	25
d	92.5675	903	1	25
s	92.5675	904	1	24
d	92.5921	904	1	24
s	92.5921	905	1	23
d	92.6516	905	1	23
s	92.6516	906	1	22
a	92.6927	929	1	22
a	92.696	930	1	23
a	92.7057	931	1	24
a	92.7091	932	1	25
d	92.7274	906	1	26
s	92.7274	907	1	25
d	92.7403	907	1	25
s	92.7403	908	1	24
a	92.8256	933	1	24
a	92.8402	934	1	25
a	92.8647	935	1	26
a	92.894	936	1	27
a	92.9202	937	1	28
d	92.9492	908	1	29
s	92.9492	909	1	28
a	92.9926	938	1	28
d	92.9999	909	1	29
s	92.9999	910	1	28
a	93.0354	939	1	28
a	93.1301	940	1	29
a	93.1641	941	1	30
d	93.21	910	1	31
s	93.21	911	1	30
a	93.2217	942	1	30
a	93.229	943	1	31
d	93.3703	911	1	32
s	93.3703	912	1	31
d	93.4127	912	1	31
s	93.4127	913	1	30
a	93.5699	944	1	30
a	93.6345	945	1	31
d	93.814	913	1	32
s	93.814	914	1	31
d	93.9348	914	1	31
s	93.9348	915	1	30
d	93.9849	915	1	30
s	93.9849	916	1	29
d	93.9955	916	1	29
s	93.9955	917	1	28
a	94.0186	946	1	28
a	94.0561	947	1	29
d	94.094	917	1	30
s	94.094	918	1	29
a	94.1058	948	1	29
a	94.1429	949	1	30
d	94.1816	918	1	31
s	94.1816	919	1	30
d	94.2303	919	1	30
s	94.2303	920	1	29
d	94.3724	920	1	29
s	94.3724	921	1	28
a	94.4459	950	1	28
d	94.6918	921	1	29
s	94.6918	922	1	28
d	94.7142	922	1	28
s	94.7142	923	1	27
a	94.7755	951	1	27
d	94.7951	923	1	28
s	94.7951	924	1	27
d	94.9165	924	1	27
s	94.9165	925	1	26
d	94.9911	925	1	26
s	94.9911	926	1	25
d	95.3735	926	1	25
s	95.3735	927	1	24
a	95.4617	952	1	24
d	95.4782	927	1	25
s	95.4782	928	1	24
a	95.4971	953	1	24
a	95.5524	954	1	25
a	95.6906	955	1	26
a	95.7039	956	1	27
d	95.7289	928	1	28
s	95.7289	929	1	27
a	95.7911	957	1	27
a	95.833	958	1	28
d	95.9011	929	1	29
s	95.9011	930	1	28
d	95.9105	930	1	28
s	95.9105	931	1	27
d	95.9165	931	1	27
s	95.9165	932	1	26
a	95.9656	959	1	26
d	96.0257	932	1	27
s	96.0257	933	1	26
a	96.0712	960	1	26
a	96.0786	961	1	27
a	96.1311	962	1	28
a	96.2563	963	1	29
d	96.3211	933	1	30
s	96.3211	934	1	29
a	96.3249	964	1	29
a	96.4232	965	1	30
d	96.4364	934	1	31
s	96.4364	935	1	30
d	96.4602	935	1	30
s	96.4602	936	1	29
d	96.4616	936	1	29
s	96.4616	937	1	28
d	96.5345	937	1	28
s	96.5345	938	1	27
a	96.6195	966	1	27
a	96.6198	967	1	28
a	96.7043	968	1	29
a	96.7193	969	1	30
d	96.7683	938	1	31
s	96.7683	939	1	30
d	96.7834	939	1	30
s	96.7834	940	1	29
d	96.7901	940	1	29
s	96.7901	941	1	28
d	96.8306	941	1	28
s	96.8306	942	1	27
a	96.8371	970	1	27
a	96.8623	971	1	28
a	96.9253	972	1	29
a	96.9568	973	1	30
d	97.0013	942	1	31
s	97.0013	943	1	30
d	97.0018	943	1	30
s	97.0018	944	1	29
d	97.0443	944	1	29
s	97.0443	945	1	28
d	97.0754	945	1	28
s	97.0754	946	1	27
d	97.1043	946	1	27
s	97.1043	947	1	26
d	97.1132	947	1	26
s	97.1132	948	1	25
a	97.1603	974	1	25
d	97.1698	948	1	26
s	97.1698	949	1	25
d	97.1832	949	1	25
s	97.1832	950	1	24
a	97.2052	975	1	24
a	97.2054	976	1	25
a	97.2264	977	1	26
a	97.2379	978	1	27
a	97.2675	979	1	28
d	97.3476	950	1	29
s	97.3476	951	1	28
d	97.5397	951	1	28
s	97.5397	952	1	27
d	97.6176	952	1	27
s	97.6176	953	1	26
d	97.692	953	1	26
s	97.692	954	1	25
a	97.7775	980	1	25
a	97.8613	981	1	26
a	97.9202	982	1	27
d	97.9863	954	1	28
s	97.9863	955	1	27
a	98.0086	983	1	27
a	98.0491	984	1	28
d	98.1645	955	1	29
s	98.1645	956	1	28
a	98.1985	985	1	28
a	98.2151	986	1	29
a	98.2766	987	1	30
a	98.3951	988	1	31
d	98.3976	956	1	32
s	98.3976	957	1	31
a	98.4187	989	1	31
d	98.4733	957	1	32
s	98.4733	958	1	31
d	98.5232	958	1	31
s	98.5232	959	1	30
a	98.5906	990	1	30
a	98.6357	991	1	31
a	98.7402	992	1	32
a	98.7495	993	1	33
a	98.8222	994	1	34
a	98.9019	995	1	35
d	99.0702	959	1	36
s	99.0702	960	1	35
d	99.2443	960	1	35
s	99.2443	961	1	34
d	99.61	961	1	34
s	99.61	962	1	33
d	99.7492	962	1	33
s	99.7492	963	1	32
d	99.7762	963	1	32
s	99.7762	964	1	31
d	100.106	964	1	31
s	100.106	965	1	30
d	100.31	965	1	30
s	100.31	966	1	29
d	100.475	966	1	29
s	100.475	967	1	28
d	100.758	967	1	28
s	100.758	968	1	27
d	100.823	968	1	27
s	100.823	969	1	26
d	100.827	969	1	26
s	100.827	970	1	25
d	100.972	970	1	25
s	100.972	971	1	24
d	101.098	971	1	24
s	101.098	972	1	23
d	101.101	972	1	23
s	101.101	973	1	22
d	101.163	973	1	22
s	101.163	974	1	21
d	101.435	974	1	21
s	101.435	975	1	20
d	101.527	975	1	20
s	101.527	976	1	19
d	101.538	976	1	19
s	101.538	977	1	18
d	101.582	977	1	18
s	101.582	978	1	17
d	101.633	978	1	17
s	101.633	979	1	16
d	101.663	979	1	16
s	101.663	980	1	15
d	102.009	980	1	15
s	102.009	981	1	14
d	102.116	981	1	14
s	102.116	982	1	13
d	102.293	982	1	13
s	102.293	983	1	12
d	102.526	983	1	12
s	102.526	984	1	11
d	102.587	984	1	11
s	102.587	985	1	10
d	102.762	985	1	10
s	102.762	986	1	9
d	102.843	986	1	9
s	102.843	987	1	8
d	102.919	987	1	8
s	102.919	988	1	7
d	103.006	988	1	7
s	103.006	989	1	6
d	103.092	989	1	6
s	103.092	990	1	5
d	103.156	990	1	5
s	103.156	991	1	4
d	103.293	991	1	4
s	103.293	992	1	3
d	103.411	992	1	3
s	103.411	993	1	2
d	103.422	993	1	2
s	103.422	994	1	1
d	103.638	994	1	1
s	103.638	995	1	0
d	103.757	995	0	0
