trace file for the simulation
format of the file
<event> <time> <item id> <server status> <queue size>

a	0.334182	1	0	0
s	0.334182	1	1	0
d	0.391528	1	0	0
a	0.416358	2	0	0
s	0.416358	2	1	0
d	0.437589	2	0	0
a	0.443166	3	0	0
s	0.443166	3	1	0
a	0.495617	4	1	0
d	0.516592	3	1	1
s	0.516592	4	1	0
d	0.5318	4	0	0
a	0.872706	5	0	0
s	0.872706	5	1	0
a	0.968467	6	1	0
d	0.973645	5	1	1
s	0.973645	6	1	0
d	0.974802	6	0	0
a	1.44937	7	0	0
s	1.44937	7	1	0
a	1.47737	8	1	0
a	1.50277	9	1	1
d	1.51255	7	1	2
s	1.51255	8	1	1
a	1.54827	10	1	1
a	1.5881	11	1	2
d	1.69199	8	1	3
s	1.69199	9	1	2
d	1.7418	9	1	2
s	1.7418	10	1	1
a	1.80608	12	1	1
d	1.80722	10	1	2
s	1.80722	11	1	1
a	1.80834	13	1	1
d	1.81494	11	1	2
s	1.81494	12	1	1
a	1.83921	14	1	1
a	1.87781	15	1	2
a	1.98431	16	1	3
a	1.98447	17	1	4
d	2.0099	12	1	5
s	2.0099	13	1	4
a	2.05585	18	1	4
a	2.06456	19	1	5
d	2.14225	13	1	6
s	2.14225	14	1	5
d	2.38017	14	1	5
s	2.38017	15	1	4
d	2.38864	15	1	4
s	2.38864	16	1	3
a	2.46045	20	1	3
a	2.48701	21	1	4
d	2.51742	16	1	5
s	2.51742	17	1	4
a	2.53032	22	1	4
d	2.5898	17	1	5
s	2.5898	18	1	4
a	2.60947	23	1	4
d	2.61941	18	1	5
s	2.61941	19	1	4
a	2.64738	24	1	4
a	2.65	25	1	5
a	2.66475	26	1	6
d	2.69751	19	1	7
s	2.69751	20	1	6
d	2.74875	20	1	6
s	2.74875	21	1	5
d	2.77954	21	1	5
s	2.77954	22	1	4
a	2.80071	27	1	4
d	2.83534	22	1	5
s	2.83534	23	1	4
a	2.85161	28	1	4
a	2.89437	29	1	5
a	2.93883	30	1	6
a	2.95312	31	1	7
d	3.02402	23	1	8
s	3.02402	24	1	7
d	3.09497	24	1	7
s	3.09497	25	1	6
d	3.13068	25	1	6
s	3.13068	26	1	5
a	3.16503	32	1	5
d	3.19904	26	1	6
s	3.19904	27	1	5
d	3.20901	27	1	5
s	3.20901	28	1	4
d	3.2457	28	1	4
s	3.2457	29	1	3
a	3.26073	33	1	3
a	3.30334	34	1	4
d	3.36509	29	1	5
s	3.36509	30	1	4
d	3.36849	30	1	4
s	3.36849	31	1	3
a	3.43603	35	1	3
d	3.55607	31	1	4
s	3.55607	32	1	3
d	3.63046	32	1	3
s	3.63046	33	1	2
a	3.65256	36	1	2
d	3.66166	33	1	3
s	3.66166	34	1	2
a	3.69768	37	1	2
a	3.7168	38	1	3
d	3.78911	34	1	4
s	3.78911	35	1	3
d	3.80718	35	1	3
s	3.80718	36	1	2
a	3.85099	39	1	2
a	3.87154	40	1	3
a	3.91418	41	1	4
d	4.14215	36	1	5
s	4.14215	37	1	4
d	4.27239	37	1	4
s	4.27239	38	1	3
d	4.29967	38	1	3
s	4.29967	39	1	2
d	4.31717	39	1	2
s	4.31717	40	1	1
a	4.33534	42	1	1
d	4.38631	40	1	2
s	4.38631	41	1	1
d	4.38685	41	1	1
s	4.38685	42	1	0
d	4.44261	42	0	0
a	4.51508	43	0	0
s	4.51508	43	1	0
d	4.57832	43	0	0
a	4.59706	44	0	0
s	4.59706	44	1	0
d	4.61413	44	0	0
a	4.62042	45	0	0
s	4.62042	45	1	0
d	4.66234	45	0	0
a	4.70143	46	0	0
s	4.70143	46	1	0
a	4.81183	47	1	0
d	4.91073	46	1	1
s	4.91073	47	1	0
a	4.94678	48	1	0
a	4.95582	49	1	1
d	5.10716	47	1	2
s	5.10716	48	1	1
d	5.38684	48	1	1
s	5.38684	49	1	0
d	5.54263	49	0	0
a	5.63088	50	0	0
s	5.63088	50	1	0
a	5.64511	51	1	0
d	5.70973	50	1	1
s	5.70973	51	1	0
d	5.79258	51	0	0
a	5.8247	52	0	0
s	5.8247	52	1	0
d	5.86092	52	0	0
a	5.88654	53	0	0
s	5.88654	53	1	0
a	5.9595	54	1	0
d	5.9694	53	1	1
s	5.9694	54	1	0
a	5.98692	55	1	0
d	6.0324	54	1	1
s	6.0324	55	1	0
d	6.10089	55	0	0
a	6.26613	56	0	0
s	6.26613	56	1	0
a	6.26623	57	1	0
d	6.34434	56	1	1
s	6.34434	57	1	0
a	6.38262	58	1	0
d	6.58037	57	1	1
s	6.58037	58	1	0
d	6.72852	58	0	0
a	6.73015	59	0	0
s	6.73015	59	1	0
a	6.7683	60	1	0
a	6.79402	61	1	1
d	6.80965	59	1	2
s	6.80965	60	1	1
d	6.82534	60	1	1
s	6.82534	61	1	0
a	6.82614	62	1	0
a	6.8425	63	1	1
d	6.87238	61	1	2
s	6.87238	62	1	1
a	6.90673	64	1	1
a	7.02557	65	1	2
d	7.04152	62	1	3
s	7.04152	63	1	2
a	7.05241	66	1	2
a	7.08763	67	1	3
d	7.14613	63	1	4
s	7.14613	64	1	3
d	7.19523	64	1	3
s	7.19523	65	1	2
d	7.23218	65	1	2
s	7.23218	66	1	1
d	7.24637	66	1	1
s	7.24637	67	1	0
d	7.25563	67	0	0
a	7.48181	68	0	0
s	7.48181	68	1	0
d	7.48419	68	0	0
a	7.53957	69	0	0
s	7.53957	69	1	0
d	7.59592	69	0	0
a	7.5988	70	0	0
s	7.5988	70	1	0
a	7.70983	71	1	0
d	7.77372	70	1	1
s	7.77372	71	1	0
a	7.95333	72	1	0
d	8.02711	71	1	1
s	8.02711	72	1	0
a	8.08262	73	1	0
d	8.10357	72	1	1
s	8.10357	73	1	0
a	8.1766	74	1	0
d	8.21657	73	1	1
s	8.21657	74	1	0
d	8.23561	74	0	0
a	8.44896	75	0	0
s	8.44896	75	1	0
a	8.4512	76	1	0
d	8.49845	75	1	1
s	8.49845	76	1	0
d	8.51173	76	0	0
a	8.58257	77	0	0
s	8.58257	77	1	0
d	8.62506	77	0	0
a	8.63922	78	0	0
s	8.63922	78	1	0
a	8.67337	79	1	0
a	8.7475	80	1	1
d	8.86479	78	1	2
s	8.86479	79	1	1
a	8.88593	81	1	1
a	8.8975	82	1	2
a	8.93124	83	1	3
d	8.93475	79	1	4
s	8.93475	80	1	3
d	8.97212	80	1	3
s	8.97212	81	1	2
a	9.00434	84	1	2
d	9.03521	81	1	3
s	9.03521	82	1	2
a	9.05076	85	1	2
d	9.06976	82	1	3
s	9.06976	83	1	2
d	9.11707	83	1	2
s	9.11707	84	1	1
d	9.13178	84	1	1
s	9.13178	85	1	0
a	9.16558	86	1	0
a	9.18014	87	1	1
d	9.20282	85	1	2
s	9.20282	86	1	1
a	9.21511	88	1	1
a	9.22719	89	1	2
a	9.25683	90	1	3
d	9.29955	86	1	4
s	9.29955	87	1	3
d	9.30408	87	1	3
s	9.30408	88	1	2
d	9.35015	88	1	2
s	9.35015	89	1	1
a	9.39502	91	1	1
d	9.44844	89	1	2
s	9.44844	90	1	1
d	9.47811	90	1	1
s	9.47811	91	1	0
d	9.48306	91	0	0
a	9.49641	92	0	0
s	9.49641	92	1	0
d	9.54552	92	0	0
a	9.67549	93	0	0
s	9.67549	93	1	0
d	9.72025	93	0	0
a	9.77688	94	0	0
s	9.77688	94	1	0
a	9.78417	95	1	0
d	9.79348	94	1	1
s	9.79348	95	1	0
a	9.80998	96	1	0
a	9.81787	97	1	1
d	9.82611	95	1	2
s	9.82611	96	1	1
a	10.0289	98	1	1
d	10.0329	96	1	2
s	10.0329	97	1	1
a	10.2396	99	1	1
a	10.2897	100	1	2
d	10.3048	97	1	3
s	10.3048	98	1	2
a	10.3361	101	1	2
d	10.3689	98	1	3
s	10.3689	99	1	2
d	10.46	99	1	2
s	10.46	100	1	1
d	10.4756	100	1	1
s	10.4756	101	1	0
a	10.5653	102	1	0
a	10.6251	103	1	1
d	10.7472	101	1	2
s	10.7472	102	1	1
d	10.7685	102	1	1
s	10.7685	103	1	0
a	10.8215	104	1	0
a	10.8271	105	1	1
a	10.878	106	1	2
a	10.9289	107	1	3
d	10.9689	103	1	4
s	10.9689	104	1	3
d	11.1078	104	1	3
s	11.1078	105	1	2
d	11.1723	105	1	2
s	11.1723	106	1	1
d	11.2574	106	1	1
s	11.2574	107	1	0
a	11.2981	108	1	0
a	11.3038	109	1	1
a	11.3767	110	1	2
d	11.3926	107	1	3
s	11.3926	108	1	2
d	11.3997	108	1	2
s	11.3997	109	1	1
a	11.6334	111	1	1
d	11.6521	109	1	2
s	11.6521	110	1	1
d	11.661	110	1	1
s	11.661	111	1	0
a	11.6879	112	1	0
a	11.7298	113	1	1
a	11.7325	114	1	2
d	11.753	111	1	3
s	11.753	112	1	2
d	11.7702	112	1	2
s	11.7702	113	1	1
d	11.8068	113	1	1
s	11.8068	114	1	0
a	11.8189	115	1	0
d	11.9418	114	1	1
s	11.9418	115	1	0
d	12.0841	115	0	0
a	12.091	116	0	0
s	12.091	116	1	0
a	12.1099	117	1	0
d	12.2276	116	1	1
s	12.2276	117	1	0
d	12.2784	117	0	0
a	12.5161	118	0	0
s	12.5161	118	1	0
a	12.5598	119	1	0
a	12.6847	120	1	1
a	12.753	121	1	2
a	12.7848	122	1	3
a	12.9196	123	1	4
a	12.9354	124	1	5
d	13.0617	118	1	6
s	13.0617	119	1	5
d	13.1211	119	1	5
s	13.1211	120	1	4
d	13.1265	120	1	4
s	13.1265	121	1	3
d	13.2556	121	1	3
s	13.2556	122	1	2
a	13.2642	125	1	2
a	13.2881	126	1	3
a	13.3496	127	1	4
d	13.4486	122	1	5
s	13.4486	123	1	4
d	13.5137	123	1	4
s	13.5137	124	1	3
d	13.524	124	1	3
s	13.524	125	1	2
d	13.5342	125	1	2
s	13.5342	126	1	1
d	13.6159	126	1	1
s	13.6159	127	1	0
a	13.6271	128	1	0
d	13.6405	127	1	1
s	13.6405	128	1	0
d	13.6431	128	0	0
a	13.7152	129	0	0
s	13.7152	129	1	0
a	13.7222	130	1	0
d	13.7406	129	1	1
s	13.7406	130	1	0
a	13.8	131	1	0
d	13.819	130	1	1
s	13.819	131	1	0
d	13.8477	131	0	0
a	14.0793	132	0	0
s	14.0793	132	1	0
a	14.0797	133	1	0
d	14.196	132	1	1
s	14.196	133	1	0
a	14.2424	134	1	0
a	14.3453	135	1	1
d	14.3625	133	1	2
s	14.3625	134	1	1
d	14.3874	134	1	1
s	14.3874	135	1	0
a	14.4269	136	1	0
d	14.4312	135	1	1
s	14.4312	136	1	0
d	14.4407	136	0	0
a	14.4479	137	0	0
s	14.4479	137	1	0
a	14.452	138	1	0
a	14.4725	139	1	1
d	14.5266	137	1	2
s	14.5266	138	1	1
a	14.5671	140	1	1
d	14.5829	138	1	2
s	14.5829	139	1	1
a	14.6319	141	1	1
d	14.6376	139	1	2
s	14.6376	140	1	1
d	14.7425	140	1	1
s	14.7425	141	1	0
d	14.7654	141	0	0
a	14.8435	142	0	0
s	14.8435	142	1	0
a	14.8906	143	1	0
a	14.9169	144	1	1
d	15.109	142	1	2
s	15.109	143	1	1
d	15.1879	143	1	1
s	15.1879	144	1	0
a	15.2101	145	1	0
d	15.2258	144	1	1
s	15.2258	145	1	0
a	15.2363	146	1	0
a	15.2389	147	1	1
a	15.3664	148	1	2
d	15.3869	145	1	3
s	15.3869	146	1	2
a	15.3897	149	1	2
d	15.4214	146	1	3
s	15.4214	147	1	2
a	15.5399	150	1	2
d	15.5467	147	1	3
s	15.5467	148	1	2
d	15.5578	148	1	2
s	15.5578	149	1	1
d	15.592	149	1	1
s	15.592	150	1	0
a	15.6006	151	1	0
a	15.6057	152	1	1
d	15.6853	150	1	2
s	15.6853	151	1	1
a	15.7272	153	1	1
d	15.7414	151	1	2
s	15.7414	152	1	1
a	15.7419	154	1	1
a	15.757	155	1	2
d	15.772	152	1	3
s	15.772	153	1	2
a	15.8795	156	1	2
a	15.9295	157	1	3
d	15.9329	153	1	4
s	15.9329	154	1	3
d	15.9426	154	1	3
s	15.9426	155	1	2
d	16.102	155	1	2
s	16.102	156	1	1
a	16.2002	158	1	1
d	16.3551	156	1	2
s	16.3551	157	1	1
a	16.3793	159	1	1
a	16.4384	160	1	2
d	16.4587	157	1	3
s	16.4587	158	1	2
a	16.6013	161	1	2
a	16.6196	162	1	3
d	16.7277	158	1	4
s	16.7277	159	1	3
d	16.7303	159	1	3
s	16.7303	160	1	2
d	16.8071	160	1	2
s	16.8071	161	1	1
d	16.8101	161	1	1
s	16.8101	162	1	0
d	16.8419	162	0	0
a	16.8864	163	0	0
s	16.8864	163	1	0
a	16.9047	164	1	0
d	16.925	163	1	1
s	16.925	164	1	0
a	16.952	165	1	0
a	16.9626	166	1	1
a	17.0513	167	1	2
a	17.1098	168	1	3
d	17.2246	164	1	4
s	17.2246	165	1	3
a	17.256	169	1	3
d	17.2971	165	1	4
s	17.2971	166	1	3
d	17.3648	166	1	3
s	17.3648	167	1	2
d	17.4149	167	1	2
s	17.4149	168	1	1
a	17.4907	170	1	1
d	17.52	168	1	2
s	17.52	169	1	1
d	17.5346	169	1	1
s	17.5346	170	1	0
a	17.6052	171	1	0
d	17.6296	170	1	1
s	17.6296	171	1	0
a	17.6681	172	1	0
a	17.6926	173	1	1
a	17.7395	174	1	2
a	17.9889	175	1	3
d	17.9919	171	1	4
s	17.9919	172	1	3
d	18.0238	172	1	3
s	18.0238	173	1	2
a	18.0345	176	1	2
a	18.0452	177	1	3
a	18.0518	178	1	4
d	18.073	173	1	5
s	18.073	174	1	4
d	18.1249	174	1	4
s	18.1249	175	1	3
d	18.148	175	1	3
s	18.148	176	1	2
d	18.2007	176	1	2
s	18.2007	177	1	1
a	18.2057	179	1	1
a	18.2339	180	1	2
d	18.2536	177	1	3
s	18.2536	178	1	2
a	18.2537	181	1	2
a	18.4359	182	1	3
a	18.4429	183	1	4
a	18.686	184	1	5
a	18.7092	185	1	6
d	18.7119	178	1	7
s	18.7119	179	1	6
d	18.7602	179	1	6
s	18.7602	180	1	5
a	18.8627	186	1	5
d	18.893	180	1	6
s	18.893	181	1	5
d	18.9662	181	1	5
s	18.9662	182	1	4
a	19.0285	187	1	4
a	19.0564	188	1	5
a	19.0938	189	1	6
d	19.1744	182	1	7
s	19.1744	183	1	6
d	19.1749	183	1	6
s	19.1749	184	1	5
a	19.2084	190	1	5
a	19.2958	191	1	6
a	19.4179	192	1	7
a	19.4675	193	1	8
d	19.5926	184	1	9
s	19.5926	185	1	8
d	19.5955	185	1	8
s	19.5955	186	1	7
d	19.7222	186	1	7
s	19.7222	187	1	6
a	19.8211	194	1	6
d	20.028	187	1	7
s	20.028	188	1	6
a	20.0552	195	1	6
d	20.135	188	1	7
s	20.135	189	1	6
d	20.1708	189	1	6
s	20.1708	190	1	5
d	20.2792	190	1	5
s	20.2792	191	1	4
d	20.3556	191	1	4
s	20.3556	192	1	3
a	20.4102	196	1	3
d	20.4408	192	1	4
s	20.4408	193	1	3
a	20.4462	197	1	3
a	20.4634	198	1	4
a	20.4913	199	1	5
d	20.4977	193	1	6
s	20.4977	194	1	5
d	20.5123	194	1	5
s	20.5123	195	1	4
a	20.5527	200	1	4
d	20.5562	195	1	5
s	20.5562	196	1	4
a	20.5673	201	1	4
d	20.575	196	1	5
s	20.575	197	1	4
a	20.5806	202	1	4
a	20.5854	203	1	5
d	20.5887	197	1	6
s	20.5887	198	1	5
a	20.59	204	1	5
a	20.6311	205	1	6
d	20.6537	198	1	7
s	20.6537	199	1	6
d	20.7576	199	1	6
s	20.7576	200	1	5
a	21.0461	206	1	5
a	21.1397	207	1	6
d	21.4641	200	1	7
s	21.4641	201	1	6
d	21.473	201	1	6
s	21.473	202	1	5
d	21.5181	202	1	5
s	21.5181	203	1	4
a	21.65	208	1	4
a	21.6712	209	1	5
d	21.9041	203	1	6
s	21.9041	204	1	5
d	21.9058	204	1	5
s	21.9058	205	1	4
d	21.9827	205	1	4
s	21.9827	206	1	3
a	22.0021	210	1	3
d	22.0073	206	1	4
s	22.0073	207	1	3
a	22.0556	211	1	3
a	22.0805	212	1	4
d	22.0805	207	1	5
s	22.0805	208	1	4
a	22.0813	213	1	4
d	22.1085	208	1	5
s	22.1085	209	1	4
a	22.1759	214	1	4
d	22.187	209	1	5
s	22.187	210	1	4
d	22.1871	210	1	4
s	22.1871	211	1	3
a	22.1929	215	1	3
d	22.2125	211	1	4
s	22.2125	212	1	3
a	22.2151	216	1	3
a	22.2178	217	1	4
a	22.2365	218	1	5
d	22.2602	212	1	6
s	22.2602	213	1	5
d	22.3169	213	1	5
s	22.3169	214	1	4
d	22.3508	214	1	4
s	22.3508	215	1	3
a	22.3985	219	1	3
d	22.4112	215	1	4
s	22.4112	216	1	3
a	22.4339	220	1	3
d	22.4513	216	1	4
s	22.4513	217	1	3
a	22.4576	221	1	3
d	22.4737	217	1	4
s	22.4737	218	1	3
d	22.52	218	1	3
s	22.52	219	1	2
a	22.5521	222	1	2
d	22.5726	219	1	3
s	22.5726	220	1	2
a	22.5937	223	1	2
a	22.5968	224	1	3
d	22.6525	220	1	4
s	22.6525	221	1	3
a	22.7005	225	1	3
a	22.724	226	1	4
d	22.8119	221	1	5
s	22.8119	222	1	4
d	22.8706	222	1	4
s	22.8706	223	1	3
d	22.9314	223	1	3
s	22.9314	224	1	2
d	22.9318	224	1	2
s	22.9318	225	1	1
a	23.0631	227	1	1
a	23.0886	228	1	2
d	23.1375	225	1	3
s	23.1375	226	1	2
d	23.1791	226	1	2
s	23.1791	227	1	1
a	23.238	229	1	1
d	23.2892	227	1	2
s	23.2892	228	1	1
a	23.2957	230	1	1
d	23.3317	228	1	2
s	23.3317	229	1	1
a	23.3402	231	1	1
a	23.3596	232	1	2
d	23.4824	229	1	3
s	23.4824	230	1	2
a	23.611	233	1	2
a	23.6168	234	1	3
a	23.6936	235	1	4
a	23.7091	236	1	5
a	23.7647	237	1	6
a	23.8153	238	1	7
a	23.9806	239	1	8
a	23.9876	240	1	9
d	24.0224	230	1	10
s	24.0224	231	1	9
d	24.029	231	1	9
s	24.029	232	1	8
d	24.2982	232	1	8
s	24.2982	233	1	7
a	24.3804	241	1	7
a	24.4653	242	1	8
d	24.5116	233	1	9
s	24.5116	234	1	8
a	24.6431	243	1	8
d	24.6885	234	1	9
s	24.6885	235	1	8
d	24.7848	235	1	8
s	24.7848	236	1	7
a	24.9029	244	1	7
a	24.9166	245	1	8
d	24.9467	236	1	9
s	24.9467	237	1	8
d	25.0268	237	1	8
s	25.0268	238	1	7
d	25.1121	238	1	7
s	25.1121	239	1	6
d	25.1342	239	1	6
s	25.1342	240	1	5
d	25.2116	240	1	5
s	25.2116	241	1	4
d	25.2404	241	1	4
s	25.2404	242	1	3
a	25.2688	246	1	3
a	25.2729	247	1	4
a	25.2785	248	1	5
a	25.2862	249	1	6
a	25.4272	250	1	7
d	25.4782	242	1	8
s	25.4782	243	1	7
d	25.5015	243	1	7
s	25.5015	244	1	6
d	25.5608	244	1	6
s	25.5608	245	1	5
d	25.6258	245	1	5
s	25.6258	246	1	4
d	25.6493	246	1	4
s	25.6493	247	1	3
a	25.6808	251	1	3
a	25.7104	252	1	4
d	26.0221	247	1	5
s	26.0221	248	1	4
a	26.0631	253	1	4
a	26.2058	254	1	5
d	26.2087	248	1	6
s	26.2087	249	1	5
a	26.2258	255	1	5
a	26.2789	256	1	6
a	26.3496	257	1	7
a	26.3506	258	1	8
a	26.4712	259	1	9
a	26.478	260	1	10
d	26.5508	249	1	11
s	26.5508	250	1	10
a	26.7062	261	1	10
a	26.765	262	1	11
d	26.78	250	1	12
s	26.78	251	1	11
a	27.0506	263	1	11
a	27.0591	264	1	12
d	27.0866	251	1	13
s	27.0866	252	1	12
d	27.2617	252	1	12
s	27.2617	253	1	11
a	27.2953	265	1	11
a	27.3009	266	1	12
d	27.3417	253	1	13
s	27.3417	254	1	12
d	27.351	254	1	12
s	27.351	255	1	11
a	27.3705	267	1	11
a	27.3705	268	1	12
a	27.3721	269	1	13
a	27.3792	270	1	14
d	27.4159	255	1	15
s	27.4159	256	1	14
d	27.5141	256	1	14
s	27.5141	257	1	13
d	27.5168	257	1	13
s	27.5168	258	1	12
d	27.5467	258	1	12
s	27.5467	259	1	11
a	27.5722	271	1	11
d	27.58	259	1	12
s	27.58	260	1	11
d	27.6007	260	1	11
s	27.6007	261	1	10
d	27.6314	261	1	10
s	27.6314	262	1	9
a	27.7461	272	1	9
a	27.7676	273	1	10
a	27.7721	274	1	11
d	27.8396	262	1	12
s	27.8396	263	1	11
d	28.328	263	1	11
s	28.328	264	1	10
d	28.3866	264	1	10
s	28.3866	265	1	9
d	28.4484	265	1	9
s	28.4484	266	1	8
d	28.4692	266	1	8
s	28.4692	267	1	7
d	28.5683	267	1	7
s	28.5683	268	1	6
d	28.6261	268	1	6
s	28.6261	269	1	5
a	28.7238	275	1	5
d	28.8383	269	1	6
s	28.8383	270	1	5
a	28.839	276	1	5
d	28.8495	270	1	6
s	28.8495	271	1	5
a	28.8794	277	1	5
d	28.8949	271	1	6
s	28.8949	272	1	5
a	28.9084	278	1	5
d	28.9421	272	1	6
s	28.9421	273	1	5
a	28.9513	279	1	5
a	28.9586	280	1	6
a	29.1648	281	1	7
a	29.1767	282	1	8
d	29.3527	273	1	9
s	29.3527	274	1	8
d	29.3817	274	1	8
s	29.3817	275	1	7
d	29.4914	275	1	7
s	29.4914	276	1	6
d	29.5017	276	1	6
s	29.5017	277	1	5
d	29.5788	277	1	5
s	29.5788	278	1	4
a	29.581	283	1	4
a	29.604	284	1	5
a	29.7902	285	1	6
d	29.8774	278	1	7
s	29.8774	279	1	6
d	29.8943	279	1	6
s	29.8943	280	1	5
a	29.9461	286	1	5
d	29.972	280	1	6
s	29.972	281	1	5
d	30.0461	281	1	5
s	30.0461	282	1	4
d	30.1368	282	1	4
s	30.1368	283	1	3
a	30.1578	287	1	3
a	30.2199	288	1	4
d	30.4957	283	1	5
s	30.4957	284	1	4
d	30.5464	284	1	4
s	30.5464	285	1	3
d	30.6044	285	1	3
s	30.6044	286	1	2
d	30.7501	286	1	2
s	30.7501	287	1	1
a	30.959	289	1	1
d	31.0072	287	1	2
s	31.0072	288	1	1
a	31.0779	290	1	1
a	31.0846	291	1	2
d	31.1348	288	1	3
s	31.1348	289	1	2
d	31.1666	289	1	2
s	31.1666	290	1	1
a	31.2343	292	1	1
a	31.2401	293	1	2
d	31.3323	290	1	3
s	31.3323	291	1	2
d	31.3803	291	1	2
s	31.3803	292	1	1
d	31.5162	292	1	1
s	31.5162	293	1	0
a	31.5339	294	1	0
a	31.6071	295	1	1
d	31.7315	293	1	2
s	31.7315	294	1	1
a	31.8233	296	1	1
d	31.8401	294	1	2
s	31.8401	295	1	1
a	31.8565	297	1	1
a	31.9008	298	1	2
d	31.9113	295	1	3
s	31.9113	296	1	2
a	31.9758	299	1	2
a	31.9783	300	1	3
d	31.9856	296	1	4
s	31.9856	297	1	3
d	32.0036	297	1	3
s	32.0036	298	1	2
a	32.0193	301	1	2
d	32.0266	298	1	3
s	32.0266	299	1	2
d	32.0405	299	1	2
s	32.0405	300	1	1
a	32.0455	302	1	1
d	32.0468	300	1	2
s	32.0468	301	1	1
d	32.0527	301	1	1
s	32.0527	302	1	0
d	32.0857	302	0	0
a	32.1113	303	0	0
s	32.1113	303	1	0
a	32.1241	304	1	0
a	32.1615	305	1	1
d	32.3172	303	1	2
s	32.3172	304	1	1
a	32.3428	306	1	1
a	32.5373	307	1	2
a	32.5486	308	1	3
d	32.6351	304	1	4
s	32.6351	305	1	3
a	32.6423	309	1	3
a	32.6464	310	1	4
a	32.655	311	1	5
d	32.6598	305	1	6
s	32.6598	306	1	5
d	32.7293	306	1	5
s	32.7293	307	1	4
a	32.9144	312	1	4
a	32.966	313	1	5
d	32.9874	307	1	6
s	32.9874	308	1	5
a	33.088	314	1	5
d	33.1587	308	1	6
s	33.1587	309	1	5
a	33.1731	315	1	5
d	33.1881	309	1	6
s	33.1881	310	1	5
d	33.2524	310	1	5
s	33.2524	311	1	4
a	33.3153	316	1	4
a	33.326	317	1	5
d	33.3549	311	1	6
s	33.3549	312	1	5
d	33.3655	312	1	5
s	33.3655	313	1	4
a	33.418	318	1	4
a	33.5034	319	1	5
d	33.5681	313	1	6
s	33.5681	314	1	5
d	33.6242	314	1	5
s	33.6242	315	1	4
a	33.6358	320	1	4
a	33.6562	321	1	5
a	33.6631	322	1	6
a	33.6666	323	1	7
d	33.6859	315	1	8
s	33.6859	316	1	7
a	33.7932	324	1	7
d	33.8734	316	1	8
s	33.8734	317	1	7
d	33.9334	317	1	7
s	33.9334	318	1	6
d	34.0603	318	1	6
s	34.0603	319	1	5
d	34.1113	319	1	5
s	34.1113	320	1	4
a	34.1788	325	1	4
d	34.1831	320	1	5
s	34.1831	321	1	4
a	34.2523	326	1	4
a	34.2549	327	1	5
d	34.2569	321	1	6
s	34.2569	322	1	5
d	34.2586	322	1	5
s	34.2586	323	1	4
a	34.3471	328	1	4
d	34.4024	323	1	5
s	34.4024	324	1	4
d	34.4645	324	1	4
s	34.4645	325	1	3
a	34.5457	329	1	3
a	34.5498	330	1	4
a	34.5971	331	1	5
a	34.6159	332	1	6
d	34.6421	325	1	7
s	34.6421	326	1	6
d	34.6687	326	1	6
s	34.6687	327	1	5
a	34.6889	333	1	5
a	34.7426	334	1	6
d	34.9429	327	1	7
s	34.9429	328	1	6
d	34.9605	328	1	6
s	34.9605	329	1	5
a	35.0033	335	1	5
d	35.0086	329	1	6
s	35.0086	330	1	5
a	35.0285	336	1	5
a	35.0508	337	1	6
d	35.065	330	1	7
s	35.065	331	1	6
a	35.1146	338	1	6
d	35.2496	331	1	7
s	35.2496	332	1	6
d	35.3176	332	1	6
s	35.3176	333	1	5
a	35.3798	339	1	5
a	35.4501	340	1	6
a	35.451	341	1	7
d	35.5861	333	1	8
s	35.5861	334	1	7
d	35.5906	334	1	7
s	35.5906	335	1	6
d	35.6057	335	1	6
s	35.6057	336	1	5
a	35.6883	342	1	5
d	35.7143	336	1	6
s	35.7143	337	1	5
d	35.715	337	1	5
s	35.715	338	1	4
a	35.8371	343	1	4
d	35.8908	338	1	5
s	35.8908	339	1	4
a	35.9128	344	1	4
a	35.9248	345	1	5
d	36.0109	339	1	6
s	36.0109	340	1	5
d	36.1446	340	1	5
s	36.1446	341	1	4
a	36.1466	346	1	4
d	36.2021	341	1	5
s	36.2021	342	1	4
a	36.2329	347	1	4
d	36.2479	342	1	5
s	36.2479	343	1	4
a	36.2724	348	1	4
d	36.2755	343	1	5
s	36.2755	344	1	4
a	36.3272	349	1	4
a	36.3904	350	1	5
a	36.4438	351	1	6
a	36.4508	352	1	7
a	36.509	353	1	8
a	36.535	354	1	9
d	36.5613	344	1	10
s	36.5613	345	1	9
d	36.5634	345	1	9
s	36.5634	346	1	8
d	36.7097	346	1	8
s	36.7097	347	1	7
a	36.8012	355	1	7
a	36.8462	356	1	8
d	36.8463	347	1	9
s	36.8463	348	1	8
d	36.8569	348	1	8
s	36.8569	349	1	7
a	36.9112	357	1	7
d	36.9538	349	1	8
s	36.9538	350	1	7
d	37.0041	350	1	7
s	37.0041	351	1	6
a	37.0783	358	1	6
a	37.0795	359	1	7
d	37.108	351	1	8
s	37.108	352	1	7
d	37.119	352	1	7
s	37.119	353	1	6
a	37.1567	360	1	6
d	37.2248	353	1	7
s	37.2248	354	1	6
a	37.2368	361	1	6
d	37.3283	354	1	7
s	37.3283	355	1	6
a	37.442	362	1	6
a	37.4591	363	1	7
d	37.5589	355	1	8
s	37.5589	356	1	7
d	37.6092	356	1	7
s	37.6092	357	1	6
d	37.6594	357	1	6
s	37.6594	358	1	5
d	37.6885	358	1	5
s	37.6885	359	1	4
d	37.702	359	1	4
s	37.702	360	1	3
d	37.7207	360	1	3
s	37.7207	361	1	2
a	37.7574	364	1	2
a	37.788	365	1	3
d	37.8394	361	1	4
s	37.8394	362	1	3
d	37.8401	362	1	3
s	37.8401	363	1	2
a	37.8975	366	1	2
d	38.0685	363	1	3
s	38.0685	364	1	2
a	38.0773	367	1	2
a	38.1511	368	1	3
d	38.2463	364	1	4
s	38.2463	365	1	3
d	38.319	365	1	3
s	38.319	366	1	2
d	38.3229	366	1	2
s	38.3229	367	1	1
a	38.3528	369	1	1
a	38.3547	370	1	2
a	38.3824	371	1	3
a	38.3889	372	1	4
a	38.5232	373	1	5
a	38.5441	374	1	6
d	38.5695	367	1	7
s	38.5695	368	1	6
a	38.6197	375	1	6
a	38.7701	376	1	7
d	39.1801	368	1	8
s	39.1801	369	1	7
d	39.3086	369	1	7
s	39.3086	370	1	6
a	39.3527	377	1	6
d	39.3657	370	1	7
s	39.3657	371	1	6
a	39.3946	378	1	6
a	39.4381	379	1	7
d	39.4656	371	1	8
s	39.4656	372	1	7
a	39.5185	380	1	7
d	39.5742	372	1	8
s	39.5742	373	1	7
d	39.5995	373	1	7
s	39.5995	374	1	6
a	39.7011	381	1	6
d	39.7884	374	1	7
s	39.7884	375	1	6
a	39.823	382	1	6
d	39.8635	375	1	7
s	39.8635	376	1	6
a	39.9985	383	1	6
a	40.0496	384	1	7
d	40.117	376	1	8
s	40.117	377	1	7
a	40.1251	385	1	7
d	40.1825	377	1	8
s	40.1825	378	1	7
a	40.2191	386	1	7
a	40.2321	387	1	8
a	40.5363	388	1	9
a	40.6056	389	1	10
a	40.648	390	1	11
d	40.6738	378	1	12
s	40.6738	379	1	11
d	40.7021	379	1	11
s	40.7021	380	1	10
d	40.7188	380	1	10
s	40.7188	381	1	9
d	40.7637	381	1	9
s	40.7637	382	1	8
a	40.8259	391	1	8
d	40.866	382	1	9
s	40.866	383	1	8
a	40.9439	392	1	8
d	40.9539	383	1	9
s	40.9539	384	1	8
d	40.9629	384	1	8
s	40.9629	385	1	7
a	40.9974	393	1	7
a	41.0559	394	1	8
d	41.1102	385	1	9
s	41.1102	386	1	8
a	41.1494	395	1	8
a	41.2144	396	1	9
d	41.2804	386	1	10
s	41.2804	387	1	9
d	41.3897	387	1	9
s	41.3897	388	1	8
d	41.3934	388	1	8
s	41.3934	389	1	7
d	41.4741	389	1	7
s	41.4741	390	1	6
a	41.493	397	1	6
d	41.5491	390	1	7
s	41.5491	391	1	6
d	41.5557	391	1	6
s	41.5557	392	1	5
a	41.5626	398	1	5
a	41.6229	399	1	6
d	41.6839	392	1	7
s	41.6839	393	1	6
d	41.8078	393	1	6
s	41.8078	394	1	5
d	41.8737	394	1	5
s	41.8737	395	1	4
d	41.8819	395	1	4
s	41.8819	396	1	3
d	41.953	396	1	3
s	41.953	397	1	2
d	41.9722	397	1	2
s	41.9722	398	1	1
a	42.0811	400	1	1
a	42.1142	401	1	2
d	42.229	398	1	3
s	42.229	399	1	2
d	42.2379	399	1	2
s	42.2379	400	1	1
d	42.3266	400	1	1
s	42.3266	401	1	0
d	42.3547	401	0	0
a	42.6326	402	0	0
s	42.6326	402	1	0
a	42.6646	403	1	0
d	42.6715	402	1	1
s	42.6715	403	1	0
a	42.7757	404	1	0
d	42.8019	403	1	1
s	42.8019	404	1	0
d	42.953	404	0	0
a	42.967	405	0	0
s	42.967	405	1	0
a	43.0476	406	1	0
a	43.0498	407	1	1
a	43.1223	408	1	2
a	43.1264	409	1	3
d	43.1315	405	1	4
s	43.1315	406	1	3
a	43.2511	410	1	3
a	43.2562	411	1	4
d	43.2667	406	1	5
s	43.2667	407	1	4
d	43.278	407	1	4
s	43.278	408	1	3
a	43.3538	412	1	3
d	43.3803	408	1	4
s	43.3803	409	1	3
a	43.402	413	1	3
a	43.4209	414	1	4
a	43.4269	415	1	5
d	43.4908	409	1	6
s	43.4908	410	1	5
a	43.5535	416	1	5
a	43.5907	417	1	6
d	43.6228	410	1	7
s	43.6228	411	1	6
a	43.6821	418	1	6
a	43.6868	419	1	7
d	43.7505	411	1	8
s	43.7505	412	1	7
a	43.8134	420	1	7
a	43.8697	421	1	8
d	43.906	412	1	9
s	43.906	413	1	8
d	43.9186	413	1	8
s	43.9186	414	1	7
a	44.0193	422	1	7
d	44.0577	414	1	8
s	44.0577	415	1	7
d	44.0821	415	1	7
s	44.0821	416	1	6
a	44.1159	423	1	6
d	44.2446	416	1	7
s	44.2446	417	1	6
d	44.2484	417	1	6
s	44.2484	418	1	5
d	44.2827	418	1	5
s	44.2827	419	1	4
d	44.2975	419	1	4
s	44.2975	420	1	3
a	44.3624	424	1	3
a	44.464	425	1	4
a	44.5889	426	1	5
d	44.6026	420	1	6
s	44.6026	421	1	5
a	44.65	427	1	5
d	44.659	421	1	6
s	44.659	422	1	5
a	44.7259	428	1	5
d	44.9151	422	1	6
s	44.9151	423	1	5
d	44.9349	423	1	5
s	44.9349	424	1	4
d	45.0025	424	1	4
s	45.0025	425	1	3
d	45.0037	425	1	3
s	45.0037	426	1	2
d	45.0124	426	1	2
s	45.0124	427	1	1
a	45.0294	429	1	1
a	45.0467	430	1	2
a	45.0843	431	1	3
a	45.1454	432	1	4
d	45.223	427	1	5
s	45.223	428	1	4
d	45.2417	428	1	4
s	45.2417	429	1	3
d	45.3007	429	1	3
s	45.3007	430	1	2
a	45.3555	433	1	2
a	45.3582	434	1	3
d	45.3681	430	1	4
s	45.3681	431	1	3
a	45.3744	435	1	3
a	45.4142	436	1	4
a	45.4184	437	1	5
d	45.4428	431	1	6
s	45.4428	432	1	5
a	45.4546	438	1	5
a	45.4754	439	1	6
d	45.5435	432	1	7
s	45.5435	433	1	6
a	45.6721	440	1	6
a	45.6798	441	1	7
d	45.7621	433	1	8
s	45.7621	434	1	7
a	45.8086	442	1	7
d	45.8591	434	1	8
s	45.8591	435	1	7
a	45.9382	443	1	7
a	46.0984	444	1	8
a	46.2691	445	1	9
a	46.318	446	1	10
d	46.3226	435	1	11
s	46.3226	436	1	10
d	46.3305	436	1	10
s	46.3305	437	1	9
a	46.3941	447	1	9
d	46.4466	437	1	10
s	46.4466	438	1	9
a	46.4913	448	1	9
d	46.9043	438	1	10
s	46.9043	439	1	9
d	46.9668	439	1	9
s	46.9668	440	1	8
d	47.1162	440	1	8
s	47.1162	441	1	7
a	47.1763	449	1	7
d	47.2276	441	1	8
s	47.2276	442	1	7
a	47.2455	450	1	7
a	47.2508	451	1	8
d	47.2904	442	1	9
s	47.2904	443	1	8
d	47.3298	443	1	8
s	47.3298	444	1	7
a	47.3704	452	1	7
a	47.3745	453	1	8
d	47.4073	444	1	9
s	47.4073	445	1	8
d	47.4482	445	1	8
s	47.4482	446	1	7
a	47.4801	454	1	7
d	47.5879	446	1	8
s	47.5879	447	1	7
a	47.5897	455	1	7
a	47.6083	456	1	8
a	47.7183	457	1	9
d	47.8161	447	1	10
s	47.8161	448	1	9
d	47.8291	448	1	9
s	47.8291	449	1	8
a	47.8822	458	1	8
d	47.8945	449	1	9
s	47.8945	450	1	8
d	47.9929	450	1	8
s	47.9929	451	1	7
a	48.0507	459	1	7
d	48.1374	451	1	8
s	48.1374	452	1	7
d	48.1652	452	1	7
s	48.1652	453	1	6
d	48.2535	453	1	6
s	48.2535	454	1	5
a	48.2957	460	1	5
a	48.3261	461	1	6
d	48.4301	454	1	7
s	48.4301	455	1	6
d	48.472	455	1	6
s	48.472	456	1	5
a	48.4779	462	1	5
d	48.5161	456	1	6
s	48.5161	457	1	5
d	48.521	457	1	5
s	48.521	458	1	4
a	48.622	463	1	4
d	48.6347	458	1	5
s	48.6347	459	1	4
a	48.7127	464	1	4
d	48.7345	459	1	5
s	48.7345	460	1	4
a	48.8103	465	1	4
a	48.8243	466	1	5
a	48.8513	467	1	6
d	48.8689	460	1	7
s	48.8689	461	1	6
d	48.9026	461	1	6
s	48.9026	462	1	5
a	48.9403	468	1	5
a	48.9634	469	1	6
a	49.0668	470	1	7
d	49.2862	462	1	8
s	49.2862	463	1	7
d	49.342	463	1	7
s	49.342	464	1	6
a	49.9153	471	1	6
a	49.9212	472	1	7
a	50.0298	473	1	8
d	50.0773	464	1	9
s	50.0773	465	1	8
a	50.0969	474	1	8
d	50.1083	465	1	9
s	50.1083	466	1	8
a	50.1328	475	1	8
a	50.1439	476	1	9
a	50.2575	477	1	10
d	50.262	466	1	11
s	50.262	467	1	10
d	50.3082	467	1	10
s	50.3082	468	1	9
a	50.3393	478	1	9
d	50.3634	468	1	10
s	50.3634	469	1	9
a	50.3784	479	1	9
d	50.4077	469	1	10
s	50.4077	470	1	9
d	50.4499	470	1	9
s	50.4499	471	1	8
d	50.4797	471	1	8
s	50.4797	472	1	7
a	50.5296	480	1	7
a	50.6101	481	1	8
a	50.6401	482	1	9
a	50.6458	483	1	10
a	50.6886	484	1	11
d	50.7099	472	1	12
s	50.7099	473	1	11
a	50.7129	485	1	11
d	50.7413	473	1	12
s	50.7413	474	1	11
a	50.8574	486	1	11
a	50.8634	487	1	12
d	50.9292	474	1	13
s	50.9292	475	1	12
a	50.9749	488	1	12
a	50.9885	489	1	13
d	51.0009	475	1	14
s	51.0009	476	1	13
a	51.0429	490	1	13
a	51.0939	491	1	14
d	51.11	476	1	15
s	51.11	477	1	14
d	51.3447	477	1	14
s	51.3447	478	1	13
a	51.3911	492	1	13
d	51.4327	478	1	14
s	51.4327	479	1	13
a	51.4329	493	1	13
a	51.4725	494	1	14
d	51.5637	479	1	15
s	51.5637	480	1	14
a	51.5674	495	1	14
d	51.5766	480	1	15
s	51.5766	481	1	14
a	51.6074	496	1	14
a	51.6092	497	1	15
d	51.6654	481	1	16
s	51.6654	482	1	15
d	51.6978	482	1	15
s	51.6978	483	1	14
a	51.7033	498	1	14
a	51.7088	499	1	15
a	51.728	500	1	16
d	51.7454	483	1	17
s	51.7454	484	1	16
a	51.8002	501	1	16
d	51.8086	484	1	17
s	51.8086	485	1	16
d	51.8652	485	1	16
s	51.8652	486	1	15
d	51.9323	486	1	15
s	51.9323	487	1	14
d	52.0103	487	1	14
s	52.0103	488	1	13
a	52.0266	502	1	13
d	52.1506	488	1	14
s	52.1506	489	1	13
a	52.1558	503	1	13
a	52.2034	504	1	14
a	52.3108	505	1	15
d	52.4521	489	1	16
s	52.4521	490	1	15
d	52.4906	490	1	15
s	52.4906	491	1	14
d	52.4951	491	1	14
s	52.4951	492	1	13
d	52.5298	492	1	13
s	52.5298	493	1	12
d	52.5584	493	1	12
s	52.5584	494	1	11
a	52.6016	506	1	11
a	52.6222	507	1	12
d	52.7543	494	1	13
s	52.7543	495	1	12
a	52.9282	508	1	12
d	52.9425	495	1	13
s	52.9425	496	1	12
d	52.977	496	1	12
s	52.977	497	1	11
d	52.9973	497	1	11
s	52.9973	498	1	10
d	53.0265	498	1	10
s	53.0265	499	1	9
a	53.092	509	1	9
d	53.1423	499	1	10
s	53.1423	500	1	9
a	53.1711	510	1	9
a	53.1738	511	1	10
d	53.2655	500	1	11
s	53.2655	501	1	10
a	53.301	512	1	10
a	53.3047	513	1	11
a	53.3189	514	1	12
d	53.4236	501	1	13
s	53.4236	502	1	12
d	53.4297	502	1	12
s	53.4297	503	1	11
a	53.4534	515	1	11
d	53.4603	503	1	12
s	53.4603	504	1	11
d	53.4623	504	1	11
s	53.4623	505	1	10
a	53.4833	516	1	10
d	53.5088	505	1	11
s	53.5088	506	1	10
a	53.5391	517	1	10
a	53.5624	518	1	11
d	53.5932	506	1	12
s	53.5932	507	1	11
a	53.5981	519	1	11
d	53.7248	507	1	12
s	53.7248	508	1	11
d	53.8037	508	1	11
s	53.8037	509	1	10
a	53.8311	520	1	10
a	53.8388	521	1	11
a	53.905	522	1	12
d	53.9751	509	1	13
s	53.9751	510	1	12
d	54.045	510	1	12
s	54.045	511	1	11
a	54.1428	523	1	11
d	54.1439	511	1	12
s	54.1439	512	1	11
d	54.1478	512	1	11
s	54.1478	513	1	10
a	54.1794	524	1	10
a	54.298	525	1	11
a	54.3633	526	1	12
d	54.3792	513	1	13
s	54.3792	514	1	12
a	54.5114	527	1	12
d	54.5467	514	1	13
s	54.5467	515	1	12
d	54.6202	515	1	12
s	54.6202	516	1	11
a	54.6712	528	1	11
d	54.7215	516	1	12
s	54.7215	517	1	11
d	54.8049	517	1	11
s	54.8049	518	1	10
a	54.8446	529	1	10
a	55.0429	530	1	11
d	55.0544	518	1	12
s	55.0544	519	1	11
d	55.0906	519	1	11
s	55.0906	520	1	10
a	55.1278	531	1	10
a	55.1528	532	1	11
d	55.1818	520	1	12
s	55.1818	521	1	11
d	55.204	521	1	11
s	55.204	522	1	10
a	55.2159	533	1	10
d	55.2226	522	1	11
s	55.2226	523	1	10
a	55.2588	534	1	10
a	55.2597	535	1	11
d	55.4736	523	1	12
s	55.4736	524	1	11
a	55.5366	536	1	11
a	55.5402	537	1	12
d	55.587	524	1	13
s	55.587	525	1	12
d	55.6513	525	1	12
s	55.6513	526	1	11
a	55.7097	538	1	11
d	55.7756	526	1	12
s	55.7756	527	1	11
a	55.7774	539	1	11
a	55.8297	540	1	12
d	55.9004	527	1	13
s	55.9004	528	1	12
a	55.9148	541	1	12
a	55.9883	542	1	13
d	56.0137	528	1	14
s	56.0137	529	1	13
d	56.0686	529	1	13
s	56.0686	530	1	12
d	56.1665	530	1	12
s	56.1665	531	1	11
d	56.1904	531	1	11
s	56.1904	532	1	10
a	56.1979	543	1	10
d	56.2013	532	1	11
s	56.2013	533	1	10
a	56.2566	544	1	10
a	56.2858	545	1	11
d	56.4929	533	1	12
s	56.4929	534	1	11
d	56.6068	534	1	11
s	56.6068	535	1	10
a	56.6624	546	1	10
a	56.6946	547	1	11
a	56.7625	548	1	12
a	56.7664	549	1	13
d	56.7999	535	1	14
s	56.7999	536	1	13
a	56.8753	550	1	13
a	56.9157	551	1	14
a	56.975	552	1	15
d	57.0633	536	1	16
s	57.0633	537	1	15
d	57.1296	537	1	15
s	57.1296	538	1	14
d	57.1894	538	1	14
s	57.1894	539	1	13
a	57.1961	553	1	13
a	57.2297	554	1	14
a	57.2492	555	1	15
a	57.2665	556	1	16
d	57.2869	539	1	17
s	57.2869	540	1	16
d	57.2913	540	1	16
s	57.2913	541	1	15
a	57.3803	557	1	15
a	57.4151	558	1	16
a	57.5157	559	1	17
d	57.5789	541	1	18
s	57.5789	542	1	17
d	57.5791	542	1	17
s	57.5791	543	1	16
d	57.5945	543	1	16
s	57.5945	544	1	15
d	57.703	544	1	15
s	57.703	545	1	14
d	57.7068	545	1	14
s	57.7068	546	1	13
d	57.7089	546	1	13
s	57.7089	547	1	12
a	57.7474	560	1	12
d	57.7626	547	1	13
s	57.7626	548	1	12
a	57.8561	561	1	12
a	57.9021	562	1	13
a	57.9442	563	1	14
a	57.9701	564	1	15
d	58.0308	548	1	16
s	58.0308	549	1	15
a	58.1916	565	1	15
a	58.1994	566	1	16
d	58.2027	549	1	17
s	58.2027	550	1	16
a	58.2481	567	1	16
d	58.2841	550	1	17
s	58.2841	551	1	16
d	58.3079	551	1	16
s	58.3079	552	1	15
d	58.3734	552	1	15
s	58.3734	553	1	14
a	58.4002	568	1	14
a	58.4204	569	1	15
d	58.5244	553	1	16
s	58.5244	554	1	15
d	58.5415	554	1	15
s	58.5415	555	1	14
a	58.5526	570	1	14
a	58.5929	571	1	15
d	58.5951	555	1	16
s	58.5951	556	1	15
a	58.613	572	1	15
a	58.6147	573	1	16
d	58.6152	556	1	17
s	58.6152	557	1	16
a	58.7971	574	1	16
d	58.8582	557	1	17
s	58.8582	558	1	16
d	58.9531	558	1	16
s	58.9531	559	1	15
d	59.0403	559	1	15
s	59.0403	560	1	14
a	59.109	575	1	14
d	59.1471	560	1	15
s	59.1471	561	1	14
a	59.1665	576	1	14
a	59.1788	577	1	15
d	59.3024	561	1	16
s	59.3024	562	1	15
d	59.3142	562	1	15
s	59.3142	563	1	14
a	59.3823	578	1	14
d	59.4064	563	1	15
s	59.4064	564	1	14
a	59.4228	579	1	14
d	59.4412	564	1	15
s	59.4412	565	1	14
a	59.451	580	1	14
a	59.476	581	1	15
d	59.4948	565	1	16
s	59.4948	566	1	15
a	59.5577	582	1	15
a	59.5703	583	1	16
a	59.5753	584	1	17
d	59.5928	566	1	18
s	59.5928	567	1	17
d	59.6136	567	1	17
s	59.6136	568	1	16
a	59.6151	585	1	16
d	59.6189	568	1	17
s	59.6189	569	1	16
a	59.6282	586	1	16
a	59.6513	587	1	17
a	59.6846	588	1	18
a	59.7185	589	1	19
a	59.737	590	1	20
d	59.7813	569	1	21
s	59.7813	570	1	20
d	59.7831	570	1	20
s	59.7831	571	1	19
d	59.846	571	1	19
s	59.846	572	1	18
a	59.8833	591	1	18
d	59.8905	572	1	19
s	59.8905	573	1	18
a	59.9236	592	1	18
a	60.0122	593	1	19
d	60.0502	573	1	20
s	60.0502	574	1	19
a	60.0764	594	1	19
a	60.0764	595	1	20
d	60.0976	574	1	21
s	60.0976	575	1	20
a	60.1021	596	1	20
a	60.1343	597	1	21
d	60.1642	575	1	22
s	60.1642	576	1	21
d	60.1825	576	1	21
s	60.1825	577	1	20
d	60.1939	577	1	20
s	60.1939	578	1	19
d	60.2534	578	1	19
s	60.2534	579	1	18
a	60.292	598	1	18
a	60.3021	599	1	19
a	60.4173	600	1	20
a	60.4869	601	1	21
a	60.6234	602	1	22
d	60.7767	579	1	23
s	60.7767	580	1	22
d	60.8762	580	1	22
s	60.8762	581	1	21
d	61.0231	581	1	21
s	61.0231	582	1	20
d	61.1053	582	1	20
s	61.1053	583	1	19
d	61.1983	583	1	19
s	61.1983	584	1	18
a	61.2276	603	1	18
d	61.2555	584	1	19
s	61.2555	585	1	18
a	61.2997	604	1	18
a	61.3651	605	1	19
d	61.3689	585	1	20
s	61.3689	586	1	19
a	61.3788	606	1	19
a	61.4124	607	1	20
d	61.4383	586	1	21
s	61.4383	587	1	20
a	61.5061	608	1	20
d	61.5136	587	1	21
s	61.5136	588	1	20
a	61.6966	609	1	20
d	61.7516	588	1	21
s	61.7516	589	1	20
d	61.7586	589	1	20
s	61.7586	590	1	19
d	61.7769	590	1	19
s	61.7769	591	1	18
d	61.8474	591	1	18
s	61.8474	592	1	17
a	61.8477	610	1	17
a	61.8552	611	1	18
a	61.8988	612	1	19
d	62.0658	592	1	20
s	62.0658	593	1	19
d	62.2792	593	1	19
s	62.2792	594	1	18
d	62.3045	594	1	18
s	62.3045	595	1	17
d	62.3533	595	1	17
s	62.3533	596	1	16
d	62.4123	596	1	16
s	62.4123	597	1	15
d	62.4484	597	1	15
s	62.4484	598	1	14
a	62.5467	613	1	14
a	62.5624	614	1	15
a	62.6178	615	1	16
d	62.6484	598	1	17
s	62.6484	599	1	16
d	62.6576	599	1	16
s	62.6576	600	1	15
d	62.6633	600	1	15
s	62.6633	601	1	14
d	62.6711	601	1	14
s	62.6711	602	1	13
a	62.6781	616	1	13
a	62.6812	617	1	14
a	62.6996	618	1	15
d	62.7273	602	1	16
s	62.7273	603	1	15
d	62.7335	603	1	15
s	62.7335	604	1	14
a	62.7784	619	1	14
d	62.7838	604	1	15
s	62.7838	605	1	14
d	62.816	605	1	14
s	62.816	606	1	13
a	62.8683	620	1	13
a	62.9027	621	1	14
a	62.9785	622	1	15
d	63.1177	606	1	16
s	63.1177	607	1	15
d	63.1341	607	1	15
s	63.1341	608	1	14
a	63.1621	623	1	14
d	63.1946	608	1	15
s	63.1946	609	1	14
a	63.2147	624	1	14
a	63.3222	625	1	15
a	63.3848	626	1	16
d	63.8655	609	1	17
s	63.8655	610	1	16
a	63.9092	627	1	16
d	63.9094	610	1	17
s	63.9094	611	1	16
a	63.9312	628	1	16
a	63.9336	629	1	17
d	63.9432	611	1	18
s	63.9432	612	1	17
a	64.0145	630	1	17
a	64.0222	631	1	18
d	64.1362	612	1	19
s	64.1362	613	1	18
a	64.1607	632	1	18
a	64.2017	633	1	19
a	64.2815	634	1	20
a	64.4937	635	1	21
d	64.5035	613	1	22
s	64.5035	614	1	21
a	64.5973	636	1	21
a	64.6105	637	1	22
a	64.6952	638	1	23
d	64.76	614	1	24
s	64.76	615	1	23
a	64.8193	639	1	23
d	64.9302	615	1	24
s	64.9302	616	1	23
d	64.9322	616	1	23
s	64.9322	617	1	22
d	64.9961	617	1	22
s	64.9961	618	1	21
a	65.2477	640	1	21
d	65.2849	618	1	22
s	65.2849	619	1	21
a	65.3075	641	1	21
a	65.4075	642	1	22
a	65.4623	643	1	23
d	65.5798	619	1	24
s	65.5798	620	1	23
a	65.642	644	1	23
a	65.6742	645	1	24
a	65.6998	646	1	25
d	65.8066	620	1	26
s	65.8066	621	1	25
d	65.847	621	1	25
s	65.847	622	1	24
a	66.0566	647	1	24
d	66.1051	622	1	25
s	66.1051	623	1	24
a	66.2336	648	1	24
a	66.2424	649	1	25
a	66.3587	650	1	26
d	66.4204	623	1	27
s	66.4204	624	1	26
d	66.4436	624	1	26
s	66.4436	625	1	25
d	66.4604	625	1	25
s	66.4604	626	1	24
d	66.4731	626	1	24
s	66.4731	627	1	23
a	66.5296	651	1	23
d	66.5448	627	1	24
s	66.5448	628	1	23
a	66.5583	652	1	23
d	66.5714	628	1	24
s	66.5714	629	1	23
d	66.6025	629	1	23
s	66.6025	630	1	22
d	66.6797	630	1	22
s	66.6797	631	1	21
a	66.7518	653	1	21
d	66.7648	631	1	22
s	66.7648	632	1	21
d	66.7728	632	1	21
s	66.7728	633	1	20
a	66.8722	654	1	20
a	66.8865	655	1	21
a	66.9174	656	1	22
a	66.9734	657	1	23
a	66.9781	658	1	24
a	67.0739	659	1	25
d	67.1415	633	1	26
s	67.1415	634	1	25
a	67.2242	660	1	25
a	67.2942	661	1	26
d	67.297	634	1	27
s	67.297	635	1	26
a	67.4213	662	1	26
a	67.4524	663	1	27
d	67.6633	635	1	28
s	67.6633	636	1	27
d	67.6934	636	1	27
s	67.6934	637	1	26
a	67.7494	664	1	26
d	67.7953	637	1	27
s	67.7953	638	1	26
a	67.8412	665	1	26
a	67.8763	666	1	27
d	67.8975	638	1	28
s	67.8975	639	1	27
d	67.9566	639	1	27
s	67.9566	640	1	26
a	67.9823	667	1	26
a	67.9825	668	1	27
d	68.0557	640	1	28
s	68.0557	641	1	27
a	68.1152	669	1	27
d	68.1569	641	1	28
s	68.1569	642	1	27
a	68.1929	670	1	27
d	68.2406	642	1	28
s	68.2406	643	1	27
d	68.4143	643	1	27
s	68.4143	644	1	26
d	68.5347	644	1	26
s	68.5347	645	1	25
a	68.6282	671	1	25
a	68.6652	672	1	26
d	68.9313	645	1	27
s	68.9313	646	1	26
d	69.0268	646	1	26
s	69.0268	647	1	25
a	69.0708	673	1	25
d	69.2929	647	1	26
s	69.2929	648	1	25
d	69.3084	648	1	25
s	69.3084	649	1	24
d	69.3354	649	1	24
s	69.3354	650	1	23
a	69.3483	674	1	23
d	69.4461	650	1	24
s	69.4461	651	1	23
a	69.4884	675	1	23
a	69.5219	676	1	24
a	69.5657	677	1	25
a	69.5929	678	1	26
d	69.5944	651	1	27
s	69.5944	652	1	26
d	69.6028	652	1	26
s	69.6028	653	1	25
a	69.6563	679	1	25
a	69.661	680	1	26
d	69.7564	653	1	27
s	69.7564	654	1	26
d	69.8358	654	1	26
s	69.8358	655	1	25
a	69.8419	681	1	25
d	69.9	655	1	26
s	69.9	656	1	25
a	70.2282	682	1	25
d	70.2318	656	1	26
s	70.2318	657	1	25
d	70.2791	657	1	25
s	70.2791	658	1	24
a	70.4996	683	1	24
a	70.603	684	1	25
a	70.6438	685	1	26
d	70.6702	658	1	27
s	70.6702	659	1	26
d	70.7357	659	1	26
s	70.7357	660	1	25
a	70.7468	686	1	25
a	70.8145	687	1	26
a	70.8272	688	1	27
d	70.8888	660	1	28
s	70.8888	661	1	27
a	70.9461	689	1	27
a	70.9843	690	1	28
d	71.0542	661	1	29
s	71.0542	662	1	28
d	71.2332	662	1	28
s	71.2332	663	1	27
d	71.2476	663	1	27
s	71.2476	664	1	26
d	71.2848	664	1	26
s	71.2848	665	1	25
d	71.3369	665	1	25
s	71.3369	666	1	24
a	71.4372	691	1	24
d	71.4607	666	1	25
s	71.4607	667	1	24
a	71.5381	692	1	24
d	71.5683	667	1	25
s	71.5683	668	1	24
a	71.618	693	1	24
a	71.6397	694	1	25
d	71.6496	668	1	26
s	71.6496	669	1	25
d	71.7102	669	1	25
s	71.7102	670	1	24
d	71.7198	670	1	24
s	71.7198	671	1	23
a	71.7289	695	1	23
a	71.741	696	1	24
a	71.764	697	1	25
a	71.8314	698	1	26
d	71.8677	671	1	27
s	71.8677	672	1	26
a	71.9378	699	1	26
a	71.9519	700	1	27
d	72.0067	672	1	28
s	72.0067	673	1	27
d	72.0322	673	1	27
s	72.0322	674	1	26
d	72.0356	674	1	26
s	72.0356	675	1	25
a	72.1317	701	1	25
a	72.1515	702	1	26
a	72.2003	703	1	27
d	72.2313	675	1	28
s	72.2313	676	1	27
a	72.245	704	1	27
d	72.2566	676	1	28
s	72.2566	677	1	27
d	72.2638	677	1	27
s	72.2638	678	1	26
a	72.362	705	1	26
d	72.3657	678	1	27
s	72.3657	679	1	26
a	72.3703	706	1	26
a	72.3826	707	1	27
d	72.3854	679	1	28
s	72.3854	680	1	27
d	72.4286	680	1	27
s	72.4286	681	1	26
d	72.4526	681	1	26
s	72.4526	682	1	25
a	72.4617	708	1	25
a	72.4766	709	1	26
d	72.4966	682	1	27
s	72.4966	683	1	26
a	72.5115	710	1	26
a	72.527	711	1	27
a	72.5614	712	1	28
d	72.5887	683	1	29
s	72.5887	684	1	28
d	72.6388	684	1	28
s	72.6388	685	1	27
a	72.6434	713	1	27
a	72.6545	714	1	28
a	72.6573	715	1	29
a	72.7006	716	1	30
d	72.7139	685	1	31
s	72.7139	686	1	30
d	72.7183	686	1	30
s	72.7183	687	1	29
d	72.7441	687	1	29
s	72.7441	688	1	28
a	72.7693	717	1	28
a	72.7924	718	1	29
d	72.809	688	1	30
s	72.809	689	1	29
d	72.8291	689	1	29
s	72.8291	690	1	28
a	72.8343	719	1	28
a	72.8612	720	1	29
a	72.8888	721	1	30
a	72.9483	722	1	31
d	72.9588	690	1	32
s	72.9588	691	1	31
a	72.9945	723	1	31
a	73.0165	724	1	32
d	73.0575	691	1	33
s	73.0575	692	1	32
d	73.0826	692	1	32
s	73.0826	693	1	31
a	73.1202	725	1	31
d	73.1923	693	1	32
s	73.1923	694	1	31
a	73.228	726	1	31
a	73.3671	727	1	32
a	73.4078	728	1	33
d	73.6432	694	1	34
s	73.6432	695	1	33
a	73.7788	729	1	33
a	73.8219	730	1	34
d	73.8516	695	1	35
s	73.8516	696	1	34
d	73.9138	696	1	34
s	73.9138	697	1	33
d	73.9327	697	1	33
s	73.9327	698	1	32
a	73.9875	731	1	32
a	74.0203	732	1	33
a	74.0223	733	1	34
a	74.0314	734	1	35
a	74.0384	735	1	36
d	74.0951	698	1	37
s	74.0951	699	1	36
a	74.1174	736	1	36
d	74.1789	699	1	37
s	74.1789	700	1	36
d	74.2287	700	1	36
s	74.2287	701	1	35
a	74.2499	737	1	35
a	74.3353	738	1	36
a	74.4345	739	1	37
a	74.4426	740	1	38
d	74.5411	701	1	39
s	74.5411	702	1	38
a	74.5675	741	1	38
a	74.6778	742	1	39
d	74.6981	702	1	40
s	74.6981	703	1	39
d	74.7628	703	1	39
s	74.7628	704	1	38
a	74.7695	743	1	38
d	74.7761	704	1	39
s	74.7761	705	1	38
a	74.8067	744	1	38
d	74.9133	705	1	39
s	74.9133	706	1	38
a	74.95	745	1	38
d	75.0045	706	1	39
s	75.0045	707	1	38
d	75.0092	707	1	38
s	75.0092	708	1	37
d	75.0093	708	1	37
s	75.0093	709	1	36
a	75.0622	746	1	36
d	75.1751	709	1	37
s	75.1751	710	1	36
d	75.1934	710	1	36
s	75.1934	711	1	35
d	75.1937	711	1	35
s	75.1937	712	1	34
a	75.2008	747	1	34
d	75.5086	712	1	35
s	75.5086	713	1	34
a	75.5222	748	1	34
d	75.5461	713	1	35
s	75.5461	714	1	34
d	75.6357	714	1	34
s	75.6357	715	1	33
a	75.6377	749	1	33
a	75.6633	750	1	34
a	75.8263	751	1	35
d	75.8345	715	1	36
s	75.8345	716	1	35
d	75.8711	716	1	35
s	75.8711	717	1	34
d	75.9137	717	1	34
s	75.9137	718	1	33
a	75.9375	752	1	33
a	75.9602	753	1	34
a	75.9632	754	1	35
d	76.0188	718	1	36
s	76.0188	719	1	35
d	76.1188	719	1	35
s	76.1188	720	1	34
a	76.2161	755	1	34
d	76.2329	720	1	35
s	76.2329	721	1	34
d	76.2716	721	1	34
s	76.2716	722	1	33
a	76.2727	756	1	33
d	76.2824	722	1	34
s	76.2824	723	1	33
a	76.2911	757	1	33
a	76.3412	758	1	34
a	76.3515	759	1	35
d	76.3518	723	1	36
s	76.3518	724	1	35
d	76.3776	724	1	35
s	76.3776	725	1	34
d	76.3792	725	1	34
s	76.3792	726	1	33
d	76.4152	726	1	33
s	76.4152	727	1	32
a	76.5497	760	1	32
a	76.5692	761	1	33
a	76.5696	762	1	34
a	76.6477	763	1	35
d	76.6849	727	1	36
s	76.6849	728	1	35
d	76.8273	728	1	35
s	76.8273	729	1	34
d	76.8336	729	1	34
s	76.8336	730	1	33
a	76.8623	764	1	33
d	76.8699	730	1	34
s	76.8699	731	1	33
a	76.8905	765	1	33
a	76.9049	766	1	34
d	76.9585	731	1	35
s	76.9585	732	1	34
d	76.9811	732	1	34
s	76.9811	733	1	33
d	76.9833	733	1	33
s	76.9833	734	1	32
a	77.0374	767	1	32
d	77.0425	734	1	33
s	77.0425	735	1	32
d	77.1032	735	1	32
s	77.1032	736	1	31
a	77.1642	768	1	31
d	77.1721	736	1	32
s	77.1721	737	1	31
a	77.1938	769	1	31
d	77.2804	737	1	32
s	77.2804	738	1	31
d	77.4485	738	1	31
s	77.4485	739	1	30
a	77.4726	770	1	30
d	77.4892	739	1	31
s	77.4892	740	1	30
a	77.4892	771	1	30
a	77.5133	772	1	31
a	77.522	773	1	32
d	77.5323	740	1	33
s	77.5323	741	1	32
d	77.5735	741	1	32
s	77.5735	742	1	31
d	77.7465	742	1	31
s	77.7465	743	1	30
d	77.7602	743	1	30
s	77.7602	744	1	29
d	77.7781	744	1	29
s	77.7781	745	1	28
a	77.8782	774	1	28
a	77.9263	775	1	29
a	77.9363	776	1	30
d	77.9431	745	1	31
s	77.9431	746	1	30
d	78.0757	746	1	30
s	78.0757	747	1	29
d	78.1268	747	1	29
s	78.1268	748	1	28
a	78.1527	777	1	28
d	78.2091	748	1	29
s	78.2091	749	1	28
d	78.2299	749	1	28
s	78.2299	750	1	27
a	78.3248	778	1	27
d	78.3715	750	1	28
s	78.3715	751	1	27
d	78.4521	751	1	27
s	78.4521	752	1	26
d	78.4669	752	1	26
s	78.4669	753	1	25
a	78.5019	779	1	25
a	78.5179	780	1	26
d	78.5442	753	1	27
s	78.5442	754	1	26
d	78.6615	754	1	26
s	78.6615	755	1	25
d	78.6758	755	1	25
s	78.6758	756	1	24
a	78.6886	781	1	24
a	78.7097	782	1	25
a	78.8268	783	1	26
d	78.8367	756	1	27
s	78.8367	757	1	26
a	78.8828	784	1	26
d	79.0093	757	1	27
s	79.0093	758	1	26
d	79.0249	758	1	26
s	79.0249	759	1	25
d	79.0331	759	1	25
s	79.0331	760	1	24
a	79.0708	785	1	24
d	79.1035	760	1	25
s	79.1035	761	1	24
a	79.1221	786	1	24
a	79.1436	787	1	25
a	79.1663	788	1	26
d	79.2018	761	1	27
s	79.2018	762	1	26
d	79.2074	762	1	26
s	79.2074	763	1	25
a	79.2482	789	1	25
a	79.3114	790	1	26
d	79.3207	763	1	27
s	79.3207	764	1	26
a	79.3854	791	1	26
a	79.4292	792	1	27
d	79.4458	764	1	28
s	79.4458	765	1	27
a	79.5071	793	1	27
d	79.587	765	1	28
s	79.587	766	1	27
a	79.66	794	1	27
d	79.7026	766	1	28
s	79.7026	767	1	27
d	79.7032	767	1	27
s	79.7032	768	1	26
a	79.712	795	1	26
a	79.7363	796	1	27
d	79.7865	768	1	28
s	79.7865	769	1	27
d	79.8052	769	1	27
s	79.8052	770	1	26
a	79.826	797	1	26
a	79.8414	798	1	27
a	79.8583	799	1	28
d	79.8954	770	1	29
s	79.8954	771	1	28
d	79.901	771	1	28
s	79.901	772	1	27
d	79.9552	772	1	27
s	79.9552	773	1	26
d	80.0398	773	1	26
s	80.0398	774	1	25
d	80.0901	774	1	25
s	80.0901	775	1	24
d	80.1414	775	1	24
s	80.1414	776	1	23
a	80.1901	800	1	23
a	80.3037	801	1	24
a	80.4133	802	1	25
d	80.5722	776	1	26
s	80.5722	777	1	25
d	80.5849	777	1	25
s	80.5849	778	1	24
d	80.7186	778	1	24
s	80.7186	779	1	23
a	80.727	803	1	23
d	80.7754	779	1	24
s	80.7754	780	1	23
d	80.7926	780	1	23
s	80.7926	781	1	22
d	80.8089	781	1	22
s	80.8089	782	1	21
a	80.9218	804	1	21
d	81.0354	782	1	22
s	81.0354	783	1	21
d	81.0461	783	1	21
s	81.0461	784	1	20
d	81.0539	784	1	20
s	81.0539	785	1	19
a	81.0691	805	1	19
a	81.1051	806	1	20
a	81.1199	807	1	21
a	81.133	808	1	22
d	81.1616	785	1	23
s	81.1616	786	1	22
d	81.1974	786	1	22
s	81.1974	787	1	21
a	81.2322	809	1	21
d	81.2825	787	1	22
s	81.2825	788	1	21
a	81.3048	810	1	21
d	81.3446	788	1	22
s	81.3446	789	1	21
a	81.4011	811	1	21
d	81.4044	789	1	22
s	81.4044	790	1	21
a	81.4239	812	1	21
a	81.448	813	1	22
a	81.4495	814	1	23
a	81.4719	815	1	24
a	81.4922	816	1	25
d	81.5073	790	1	26
s	81.5073	791	1	25
d	81.527	791	1	25
s	81.527	792	1	24
d	81.6364	792	1	24
s	81.6364	793	1	23
d	81.7223	793	1	23
s	81.7223	794	1	22
a	81.7394	817	1	22
d	81.7924	794	1	23
s	81.7924	795	1	22
a	81.7946	818	1	22
a	81.8104	819	1	23
a	81.8593	820	1	24
d	81.9218	795	1	25
s	81.9218	796	1	24
d	81.9227	796	1	24
s	81.9227	797	1	23
d	81.9332	797	1	23
s	81.9332	798	1	22
a	82.0144	821	1	22
a	82.0749	822	1	23
a	82.0823	823	1	24
d	82.0856	798	1	25
s	82.0856	799	1	24
d	82.0972	799	1	24
s	82.0972	800	1	23
a	82.1875	824	1	23
d	82.2433	800	1	24
s	82.2433	801	1	23
a	82.2453	825	1	23
a	82.2873	826	1	24
a	82.3045	827	1	25
d	82.6557	801	1	26
s	82.6557	802	1	25
d	82.6711	802	1	25
s	82.6711	803	1	24
d	82.8018	803	1	24
s	82.8018	804	1	23
d	82.8021	804	1	23
s	82.8021	805	1	22
d	82.8701	805	1	22
s	82.8701	806	1	21
a	82.8722	828	1	21
a	82.9001	829	1	22
d	82.9062	806	1	23
s	82.9062	807	1	22
d	82.9186	807	1	22
s	82.9186	808	1	21
d	82.9188	808	1	21
s	82.9188	809	1	20
a	82.9616	830	1	20
a	82.998	831	1	21
a	83.1443	832	1	22
a	83.1508	833	1	23
d	83.1801	809	1	24
s	83.1801	810	1	23
a	83.356	834	1	23
d	83.5009	810	1	24
s	83.5009	811	1	23
d	83.5344	811	1	23
s	83.5344	812	1	22
d	83.5543	812	1	22
s	83.5543	813	1	21
d	83.7678	813	1	21
s	83.7678	814	1	20
d	83.7705	814	1	20
s	83.7705	815	1	19
a	83.8519	835	1	19
d	83.8671	815	1	20
s	83.8671	816	1	19
a	83.884	836	1	19
a	83.9719	837	1	20
a	83.9885	838	1	21
d	84.0626	816	1	22
s	84.0626	817	1	21
a	84.1234	839	1	21
d	84.1582	817	1	22
s	84.1582	818	1	21
d	84.1849	818	1	21
s	84.1849	819	1	20
a	84.2211	840	1	20
a	84.2507	841	1	21
d	84.3032	819	1	22
s	84.3032	820	1	21
d	84.3386	820	1	21
s	84.3386	821	1	20
d	84.3391	821	1	20
s	84.3391	822	1	19
d	84.3559	822	1	19
s	84.3559	823	1	18
a	84.3591	842	1	18
a	84.4314	843	1	19
a	84.4551	844	1	20
d	84.5416	823	1	21
s	84.5416	824	1	20
a	84.561	845	1	20
d	84.6541	824	1	21
s	84.6541	825	1	20
d	84.6899	825	1	20
s	84.6899	826	1	19
d	84.7114	826	1	19
s	84.7114	827	1	18
a	84.7386	846	1	18
a	84.7886	847	1	19
d	84.8237	827	1	20
s	84.8237	828	1	19
d	85.0365	828	1	19
s	85.0365	829	1	18
d	85.0761	829	1	18
s	85.0761	830	1	17
a	85.2575	848	1	17
a	85.3448	849	1	18
d	85.4013	830	1	19
s	85.4013	831	1	18
a	85.5057	850	1	18
a	85.5181	851	1	19
a	85.6835	852	1	20
d	85.7152	831	1	21
s	85.7152	832	1	20
a	85.7783	853	1	20
a	85.7887	854	1	21
a	85.9067	855	1	22
a	85.968	856	1	23
d	86.0071	832	1	24
s	86.0071	833	1	23
a	86.0763	857	1	23
d	86.1164	833	1	24
s	86.1164	834	1	23
d	86.2128	834	1	23
s	86.2128	835	1	22
a	86.2396	858	1	22
a	86.2496	859	1	23
a	86.3179	860	1	24
a	86.4628	861	1	25
a	86.4642	862	1	26
d	86.5187	835	1	27
s	86.5187	836	1	26
d	86.5234	836	1	26
s	86.5234	837	1	25
d	86.5456	837	1	25
s	86.5456	838	1	24
a	86.5945	863	1	24
d	86.6449	838	1	25
s	86.6449	839	1	24
a	86.7252	864	1	24
a	86.7328	865	1	25
a	86.734	866	1	26
d	87.0797	839	1	27
s	87.0797	840	1	26
a	87.2356	867	1	26
d	87.3207	840	1	27
s	87.3207	841	1	26
d	87.4271	841	1	26
s	87.4271	842	1	25
a	87.4606	868	1	25
d	87.506	842	1	26
s	87.506	843	1	25
d	87.518	843	1	25
s	87.518	844	1	24
a	87.5281	869	1	24
a	87.5714	870	1	25
a	87.5957	871	1	26
a	87.6111	872	1	27
a	87.6601	873	1	28
a	87.6983	874	1	29
d	87.8232	844	1	30
s	87.8232	845	1	29
d	87.8496	845	1	29
s	87.8496	846	1	28
a	87.8912	875	1	28
a	87.95	876	1	29
d	88.0156	846	1	30
s	88.0156	847	1	29
d	88.092	847	1	29
s	88.092	848	1	28
a	88.1793	877	1	28
d	88.2804	848	1	29
s	88.2804	849	1	28
d	88.3972	849	1	28
s	88.3972	850	1	27
a	88.4132	878	1	27
d	88.5499	850	1	28
s	88.5499	851	1	27
a	88.5507	879	1	27
d	88.6629	851	1	28
s	88.6629	852	1	27
d	88.7433	852	1	27
s	88.7433	853	1	26
d	88.8243	853	1	26
s	88.8243	854	1	25
d	88.8655	854	1	25
s	88.8655	855	1	24
a	88.8693	880	1	24
a	88.9361	881	1	25
d	88.9923	855	1	26
s	88.9923	856	1	25
a	89.0836	882	1	25
a	89.1096	883	1	26
d	89.1099	856	1	27
s	89.1099	857	1	26
a	89.1824	884	1	26
a	89.2306	885	1	27
d	89.2394	857	1	28
s	89.2394	858	1	27
a	89.2895	886	1	27
a	89.2966	887	1	28
d	89.3281	858	1	29
s	89.3281	859	1	28
a	89.3382	888	1	28
d	89.3472	859	1	29
s	89.3472	860	1	28
d	89.3821	860	1	28
s	89.3821	861	1	27
a	89.3886	889	1	27
d	89.4308	861	1	28
s	89.4308	862	1	27
d	89.4546	862	1	27
s	89.4546	863	1	26
a	89.4612	890	1	26
d	89.513	863	1	27
s	89.513	864	1	26
a	89.5499	891	1	26
a	89.6141	892	1	27
d	89.6252	864	1	28
s	89.6252	865	1	27
d	89.6374	865	1	27
s	89.6374	866	1	26
a	89.6769	893	1	26
a	89.7157	894	1	27
a	89.838	895	1	28
a	89.9919	896	1	29
d	90.0696	866	1	30
s	90.0696	867	1	29
d	90.1628	867	1	29
s	90.1628	868	1	28
d	90.2	868	1	28
s	90.2	869	1	27
a	90.2077	897	1	27
d	90.2096	869	1	28
s	90.2096	870	1	27
d	90.2495	870	1	27
s	90.2495	871	1	26
a	90.2554	898	1	26
d	90.2691	871	1	27
s	90.2691	872	1	26
a	90.3033	899	1	26
a	90.3486	900	1	27
a	90.3619	901	1	28
a	90.4042	902	1	29
d	90.5933	872	1	30
s	90.5933	873	1	29
d	90.6799	873	1	29
s	90.6799	874	1	28
a	90.7195	903	1	28
d	90.72	874	1	29
s	90.72	875	1	28
d	90.7359	875	1	28
s	90.7359	876	1	27
a	90.7595	904	1	27
d	90.7738	876	1	28
s	90.7738	877	1	27
a	90.7955	905	1	27
a	90.8158	906	1	28
d	90.8454	877	1	29
s	90.8454	878	1	28
d	90.9035	878	1	28
s	90.9035	879	1	27
d	90.919	879	1	27
s	90.919	880	1	26
a	90.9422	907	1	26
d	90.9635	880	1	27
s	90.9635	881	1	26
d	90.9972	881	1	26
s	90.9972	882	1	25
a	91.0135	908	1	25
d	91.0534	882	1	26
s	91.0534	883	1	25
a	91.0591	909	1	25
a	91.0661	910	1	26
a	91.0766	911	1	27
d	91.1708	883	1	28
s	91.1708	884	1	27
d	91.1717	884	1	27
s	91.1717	885	1	26
d	91.1979	885	1	26
s	91.1979	886	1	25
d	91.2024	886	1	25
s	91.2024	887	1	24
a	91.3534	912	1	24
a	91.4142	913	1	25
a	91.4819	914	1	26
d	91.5576	887	1	27
s	91.5576	888	1	26
d	91.6715	888	1	26
s	91.6715	889	1	25
d	91.6777	889	1	25
s	91.6777	890	1	24
d	91.6879	890	1	24
s	91.6879	891	1	23
d	91.6883	891	1	23
s	91.6883	892	1	22
d	91.7445	892	1	22
s	91.7445	893	1	21
a	91.7622	915	1	21
a	91.7977	916	1	22
d	91.8204	893	1	23
s	91.8204	894	1	22
d	91.8884	894	1	22
s	91.8884	895	1	21
a	91.8913	917	1	21
d	92.0179	895	1	22
s	92.0179	896	1	21
d	92.0346	896	1	21
s	92.0346	897	1	20
a	92.0911	918	1	20
a	92.0957	919	1	21
d	92.1315	897	1	22
s	92.1315	898	1	21
a	92.1337	920	1	21
a	92.1835	921	1	22
a	92.2225	922	1	23
d	92.2771	898	1	24
s	92.2771	899	1	23
a	92.3617	923	1	23
a	92.3735	924	1	24
a	92.5596	925	1	25
d	92.5752	899	1	26
s	92.5752	900	1	25
a	92.7173	926	1	25
a	92.7982	927	1	26
d	92.8236	900	1	27
s	92.8236	901	1	26
a	92.8799	928	1	26
a	92.8825	929	1	27
a	92.9712	930	1	28
a	93.1496	931	1	29
a	93.1584	932	1	30
d	93.2497	901	1	31
s	93.2497	902	1	30
a	93.3714	933	1	30
a	93.5419	934	1	31
d	93.6002	902	1	32
s	93.6002	903	1	31
d	93.6095	903	1	31
s	93.6095	904	1	30
d	93.6372	904	1	30
s	93.6372	905	1	29
a	93.6724	935	1	29
d	93.7009	905	1	30
s	93.7009	906	1	29
d	93.7104	906	1	29
s	93.7104	907	1	28
a	93.7135	936	1	28
d	93.7168	907	1	29
s	93.7168	908	1	28
a	93.7178	937	1	28
a	93.7967	938	1	29
a	93.8902	939	1	30
d	93.8951	908	1	31
s	93.8951	909	1	30
a	93.8971	940	1	30
d	93.9257	909	1	31
s	93.9257	910	1	30
a	94.0074	941	1	30
d	94.0112	910	1	31
s	94.0112	911	1	30
d	94.0415	911	1	30
s	94.0415	912	1	29
a	94.0855	942	1	29
a	94.0882	943	1	30
d	94.1101	912	1	31
s	94.1101	913	1	30
d	94.1371	913	1	30
s	94.1371	914	1	29
d	94.1575	914	1	29
s	94.1575	915	1	28
d	94.1736	915	1	28
s	94.1736	916	1	27
a	94.1796	944	1	27
a	94.1878	945	1	28
d	94.2139	916	1	29
s	94.2139	917	1	28
a	94.2519	946	1	28
a	94.3344	947	1	29
d	94.3427	917	1	30
s	94.3427	918	1	29
d	94.3888	918	1	29
s	94.3888	919	1	28
d	94.3889	919	1	28
s	94.3889	920	1	27
d	94.4286	920	1	27
s	94.4286	921	1	26
a	94.5317	948	1	26
d	94.6086	921	1	27
s	94.6086	922	1	26
d	94.6142	922	1	26
s	94.6142	923	1	25
a	94.6728	949	1	25
a	94.691	950	1	26
a	94.7175	951	1	27
d	94.7248	923	1	28
s	94.7248	924	1	27
d	94.7394	924	1	27
s	94.7394	925	1	26
a	94.7877	952	1	26
d	94.8043	925	1	27
s	94.8043	926	1	26
d	94.8354	926	1	26
s	94.8354	927	1	25
a	94.847	953	1	25
d	94.9167	927	1	26
s	94.9167	928	1	25
d	95.0173	928	1	25
s	95.0173	929	1	24
d	95.0246	929	1	24
s	95.0246	930	1	23
a	95.096	954	1	23
d	95.1002	930	1	24
s	95.1002	931	1	23
a	95.1026	955	1	23
a	95.1106	956	1	24
d	95.1479	931	1	25
s	95.1479	932	1	24
a	95.1938	957	1	24
d	95.2598	932	1	25
s	95.2598	933	1	24
a	95.2673	958	1	24
d	95.2816	933	1	25
s	95.2816	934	1	24
d	95.353	934	1	24
s	95.353	935	1	23
a	95.4246	959	1	23
a	95.4413	960	1	24
a	95.6093	961	1	25
a	95.6734	962	1	26
a	95.7727	963	1	27
d	95.8406	935	1	28
s	95.8406	936	1	27
a	95.8804	964	1	27
a	95.8936	965	1	28
d	95.9245	936	1	29
s	95.9245	937	1	28
a	95.9583	966	1	28
d	96.0547	937	1	29
s	96.0547	938	1	28
a	96.1573	967	1	28
d	96.1928	938	1	29
s	96.1928	939	1	28
a	96.2264	968	1	28
a	96.2534	969	1	29
d	96.4186	939	1	30
s	96.4186	940	1	29
a	96.4538	970	1	29
a	96.5318	971	1	30
d	96.6012	940	1	31
s	96.6012	941	1	30
d	96.7506	941	1	30
s	96.7506	942	1	29
a	96.7779	972	1	29
a	96.8073	973	1	30
d	96.8188	942	1	31
s	96.8188	943	1	30
d	97.0704	943	1	30
s	97.0704	944	1	29
d	97.109	944	1	29
s	97.109	945	1	28
a	97.1323	974	1	28
d	97.1827	945	1	29
s	97.1827	946	1	28
d	97.2523	946	1	28
s	97.2523	947	1	27
d	97.2951	947	1	27
s	97.2951	948	1	26
d	97.3092	948	1	26
s	97.3092	949	1	25
d	97.345	949	1	25
s	97.345	950	1	24
d	97.3589	950	1	24
s	97.3589	951	1	23
a	97.4239	975	1	23
a	97.4414	976	1	24
d	97.5643	951	1	25
s	97.5643	952	1	24
a	97.6052	977	1	24
d	97.6134	952	1	25
s	97.6134	953	1	24
a	97.6533	978	1	24
d	97.695	953	1	25
s	97.695	954	1	24
a	97.7178	979	1	24
a	97.7201	980	1	25
a	97.8752	981	1	26
a	97.8822	982	1	27
d	97.9868	954	1	28
s	97.9868	955	1	27
a	98.0312	983	1	27
a	98.032	984	1	28
d	98.0453	955	1	29
s	98.0453	956	1	28
a	98.0587	985	1	28
a	98.178	986	1	29
d	98.2469	956	1	30
s	98.2469	957	1	29
d	98.2601	957	1	29
s	98.2601	958	1	28
a	98.285	987	1	28
a	98.2935	988	1	29
a	98.3737	989	1	30
a	98.3806	990	1	31
d	98.4469	958	1	32
s	98.4469	959	1	31
a	98.658	991	1	31
a	98.6969	992	1	32
a	98.7788	993	1	33
a	98.8133	994	1	34
d	98.8529	959	1	35
s	98.8529	960	1	34
d	98.873	960	1	34
s	98.873	961	1	33
d	98.8893	961	1	33
s	98.8893	962	1	32
a	98.904	995	1	32
d	98.9419	962	1	33
s	98.9419	963	1	32
d	98.9422	963	1	32
s	98.9422	964	1	31
a	98.9693	996	1	31
d	98.9917	964	1	32
s	98.9917	965	1	31
a	98.9961	997	1	31
a	99.0192	998	1	32
a	99.1349	999	1	33
a	99.1648	1000	1	34
d	99.177	965	1	35
s	99.177	966	1	34
d	99.1825	966	1	34
s	99.1825	967	1	33
d	99.218	967	1	33
s	99.218	968	1	32
d	99.2712	968	1	32
s	99.2712	969	1	31
d	99.4009	969	1	31
s	99.4009	970	1	30
d	99.4259	970	1	30
s	99.4259	971	1	29
d	99.5807	971	1	29
s	99.5807	972	1	28
d	99.6551	972	1	28
s	99.6551	973	1	27
d	99.6567	973	1	27
s	99.6567	974	1	26
d	99.6678	974	1	26
s	99.6678	975	1	25
d	99.744	975	1	25
s	99.744	976	1	24
d	99.8455	976	1	24
s	99.8455	977	1	23
d	100.124	977	1	23
s	100.124	978	1	22
d	100.128	978	1	22
s	100.128	979	1	21
d	100.217	979	1	21
s	100.217	980	1	20
d	100.287	980	1	20
s	100.287	981	1	19
d	100.325	981	1	19
s	100.325	982	1	18
d	100.357	982	1	18
s	100.357	983	1	17
d	100.406	983	1	17
s	100.406	984	1	16
d	100.684	984	1	16
s	100.684	985	1	15
d	100.765	985	1	15
s	100.765	986	1	14
d	100.769	986	1	14
s	100.769	987	1	13
d	101.103	987	1	13
s	101.103	988	1	12
d	101.113	988	1	12
s	101.113	989	1	11
d	101.282	989	1	11
s	101.282	990	1	10
d	101.452	990	1	10
s	101.452	991	1	9
d	101.454	991	1	9
s	101.454	992	1	8
d	101.591	992	1	8
s	101.591	993	1	7
d	101.599	993	1	7
s	101.599	994	1	6
d	101.714	994	1	6
s	101.714	995	1	5
d	101.726	995	1	5
s	101.726	996	1	4
d	101.809	996	1	4
s	101.809	997	1	3
d	102.001	997	1	3
s	102.001	998	1	2
d	102.122	998	1	2
s	102.122	999	1	1
d	102.134	999	1	1
s	102.134	1000	1	0
d	102.207	1000	0	0
