trace file for the simulation
format of the file
<event> <time> <item id> <server1 status> <server2 status> <queue size>

a	0.742626	1	0	0	0
s	0.742626	1	1	0	0
d	0.799973	1	0	0
a	0.92524	2	0	0	0
s	0.92524	2	1	0	0
d	0.94647	2	0	0
a	0.984813	3	0	0	0
s	0.984813	3	1	0	0
d	1.05824	3	0	0
a	1.10137	4	0	0	0
s	1.10137	4	1	0	0
d	1.11236	4	0	0
a	1.12304	5	0	0	0
s	1.12304	5	1	0	0
d	1.15226	5	0	0
a	1.31727	6	0	0	0
s	1.31727	6	1	0	0
d	1.33248	6	0	0
a	1.35525	7	0	0	0
s	1.35525	7	1	0	0
d	1.4219	7	0	0
a	1.48756	8	0	0	0
s	1.48756	8	1	0	0
a	1.7534	9	1	0	0
s	1.7534	9	1	1	0
d	1.85434	9	0	0
a	1.9662	10	0	0	0
s	1.9662	10	1	0	0
a	1.96748	11	1	0	0
s	1.96748	11	1	1	0
d	2.0483	11	0	0
a	2.20393	12	0	0	0
s	2.20393	12	1	0	0
a	2.72842	13	1	0	0
s	2.72842	13	1	1	0
a	2.79862	14	1	1	0
d	2.82574	13	1	1	1
s	2.82574	14	1	1	0
a	2.86085	15	1	1	0
d	2.87653	14	1	1	1
s	2.87653	15	1	1	0
a	2.91629	16	1	1	0
a	2.96195	17	1	1	1
a	3.05048	18	1	1	2
d	3.05597	15	1	1	3
s	3.05597	16	1	1	2
a	3.16646	19	1	1	2
a	3.22181	20	1	1	3
a	3.24895	21	1	1	4
a	3.27338	22	1	1	5
d	3.34238	16	1	1	6
s	3.34238	17	1	1	5
a	3.34607	23	1	1	5
a	3.36079	24	1	1	6
a	3.39627	25	1	1	7
a	3.40128	26	1	1	8
a	3.40986	27	1	1	9
d	3.46213	17	1	1	10
s	3.46213	18	1	1	9
a	3.47846	28	1	1	9
a	3.56424	29	1	1	10
d	3.65709	18	1	1	11
s	3.65709	19	1	1	10
d	3.67191	19	1	1	10
s	3.67191	20	1	1	9
a	3.725	30	1	1	9
a	3.75266	31	1	1	10
a	3.77155	32	1	1	11
a	3.77191	33	1	1	12
a	3.77195	34	1	1	13
a	3.8266	35	1	1	14
d	3.82817	20	1	1	15
s	3.82817	21	1	1	14
a	3.93054	36	1	1	14
d	3.96052	21	1	1	15
s	3.96052	22	1	1	14
d	3.97794	22	1	1	14
s	3.97794	23	1	1	13
a	4.06533	37	1	1	13
a	4.17405	38	1	1	14
d	4.35199	23	1	1	15
s	4.35199	24	1	1	14
d	4.39097	24	1	1	14
s	4.39097	25	1	1	13
a	4.43842	39	1	1	13
d	4.67883	25	1	1	14
s	4.67883	26	1	1	13
d	4.6873	26	1	1	13
s	4.6873	27	1	1	12
d	4.81608	27	1	1	12
s	4.81608	28	1	1	11
d	4.94595	28	1	1	11
s	4.94595	29	1	1	10
a	4.96444	40	1	1	10
d	4.99907	29	1	1	11
s	4.99907	30	1	1	10
a	5.00548	41	1	1	10
d	5.0168	30	1	1	11
s	5.0168	31	1	1	10
a	5.04099	42	1	1	10
d	5.08917	31	1	1	11
s	5.08917	32	1	1	10
d	5.11878	32	1	1	10
s	5.11878	33	1	1	9
d	5.19462	33	1	1	9
s	5.19462	34	1	1	8
a	5.21688	43	1	1	8
a	5.22268	44	1	1	9
a	5.25548	45	1	1	10
d	5.27272	34	1	1	11
s	5.27272	35	1	1	10
d	5.32396	35	1	1	10
s	5.32396	36	1	1	9
d	5.41935	36	1	1	9
s	5.41935	37	1	1	8
d	5.45014	37	1	1	8
s	5.45014	38	1	1	7
d	5.49975	38	1	1	7
s	5.49975	39	1	1	6
a	5.50249	46	1	1	6
d	5.55554	39	1	1	7
s	5.55554	40	1	1	6
a	5.61559	47	1	1	6
d	5.74422	40	1	1	7
s	5.74422	41	1	1	6
a	5.78129	48	1	1	6
a	5.80568	49	1	1	7
d	5.82976	41	1	1	8
s	5.82976	42	1	1	7
d	5.83077	42	1	1	7
s	5.83077	43	1	1	6
d	5.85933	43	1	1	6
s	5.85933	44	1	1	5
a	5.87897	50	1	1	5
d	5.96559	44	1	1	6
s	5.96559	45	1	1	5
d	6.00756	45	1	1	5
s	6.00756	46	1	1	4
a	6.07652	51	1	1	4
d	6.07851	46	1	1	5
s	6.07851	47	1	1	4
d	6.11421	47	1	1	4
s	6.11421	48	1	1	3
d	6.18257	48	1	1	3
s	6.18257	49	1	1	2
d	6.37397	49	1	1	2
s	6.37397	50	1	1	1
d	6.37915	50	1	1	1
s	6.37915	51	1	1	0
a	6.38276	52	1	1	0
a	6.39384	53	1	1	1
a	6.43461	54	1	1	2
a	6.56726	55	1	1	3
d	6.57464	51	1	1	4
s	6.57464	52	1	1	3
a	6.66193	56	1	1	3
a	6.66571	57	1	1	4
a	6.70804	58	1	1	5
d	6.84004	52	1	1	6
s	6.84004	53	1	1	5
d	6.85314	53	1	1	5
s	6.85314	54	1	1	4
d	6.87278	54	1	1	4
s	6.87278	55	1	1	3
a	6.91647	59	1	1	3
d	6.9269	55	1	1	4
s	6.9269	56	1	1	3
d	7.09956	56	1	1	3
s	7.09956	57	1	1	2
a	7.10021	60	1	1	2
d	7.11976	57	1	1	3
s	7.11976	58	1	1	2
a	7.18287	61	1	1	2
a	7.25902	62	1	1	3
a	7.29368	63	1	1	4
d	7.30584	58	1	1	5
s	7.30584	59	1	1	4
a	7.39395	64	1	1	4
d	7.43328	59	1	1	5
s	7.43328	60	1	1	4
a	7.45666	65	1	1	4
d	7.47153	60	1	1	5
s	7.47153	61	1	1	4
a	7.48776	66	1	1	4
d	7.50411	61	1	1	5
s	7.50411	62	1	1	4
a	7.57041	67	1	1	4
a	7.68155	68	1	1	5
a	7.70163	69	1	1	6
d	7.71366	62	1	1	7
s	7.71366	63	1	1	6
d	7.77963	63	1	1	6
s	7.77963	64	1	1	5
d	7.82073	64	1	1	5
s	7.82073	65	1	1	4
d	7.90601	65	1	1	4
s	7.90601	66	1	1	3
a	8.07382	70	1	1	3
a	8.0796	71	1	1	4
a	8.0887	72	1	1	5
d	8.1317	66	1	1	6
s	8.1317	67	1	1	5
a	8.15522	73	1	1	5
d	8.23784	67	1	1	6
s	8.23784	68	1	1	5
a	8.23871	74	1	1	5
a	8.25717	75	1	1	6
d	8.33593	68	1	1	7
s	8.33593	69	1	1	6
a	8.38486	76	1	1	6
d	8.41444	69	1	1	7
s	8.41444	70	1	1	6
d	8.41616	70	1	1	6
s	8.41616	71	1	1	5
a	8.52957	77	1	1	5
d	8.5373	71	1	1	6
s	8.5373	72	1	1	5
a	8.56316	78	1	1	5
d	8.59399	72	1	1	6
s	8.59399	73	1	1	5
d	8.62126	73	1	1	5
s	8.62126	74	1	1	4
d	8.63877	74	1	1	4
s	8.63877	75	1	1	3
d	8.73099	75	1	1	3
s	8.73099	76	1	1	2
a	8.74424	79	1	1	2
a	8.75717	80	1	1	3
d	8.80013	76	1	1	4
s	8.80013	77	1	1	3
d	8.80067	77	1	1	3
s	8.80067	78	1	1	2
d	8.85643	78	1	1	2
s	8.85643	79	1	1	1
d	9.155	79	1	1	1
s	9.155	80	1	1	0
a	9.15659	81	1	1	0
d	9.21824	80	1	1	1
s	9.21824	81	1	1	0
d	9.23531	81	0	0
a	9.33877	82	0	0	0
s	9.33877	82	1	0	0
a	9.38534	83	1	0	0
s	9.38534	83	1	1	0
a	9.40443	84	1	1	0
d	9.54737	83	1	1	1
s	9.54737	84	1	1	0
a	9.63698	85	1	1	0
a	9.66997	86	1	1	1
d	9.76816	84	1	1	2
s	9.76816	85	1	1	1
d	9.77424	85	1	1	1
s	9.77424	86	1	1	0
a	9.79866	87	1	1	0
d	9.89939	86	1	1	1
s	9.89939	87	1	1	0
a	9.91974	88	1	1	0
a	9.95425	89	1	1	1
a	9.97434	90	1	1	2
a	10.0127	91	1	1	3
a	10.0694	92	1	1	4
d	10.0958	87	1	1	5
s	10.0958	88	1	1	4
a	10.1018	93	1	1	4
d	10.2334	88	1	1	5
s	10.2334	89	1	1	4
a	10.3168	94	1	1	4
a	10.6275	95	1	1	5
a	10.6515	96	1	1	6
a	10.6692	97	1	1	7
a	10.8423	98	1	1	8
d	10.8761	89	1	1	9
s	10.8761	90	1	1	8
d	10.9353	90	1	1	8
s	10.9353	91	1	1	7
a	11.082	99	1	1	7
a	11.3235	100	1	1	8
d	11.3604	91	1	1	9
s	11.3604	92	1	1	8
d	11.3888	92	1	1	8
s	11.3888	93	1	1	7
a	11.4111	101	1	1	7
d	11.4265	93	1	1	8
s	11.4265	94	1	1	7
a	11.4789	102	1	1	7
a	11.571	103	1	1	8
d	11.687	94	1	1	9
s	11.687	95	1	1	8
d	11.7232	95	1	1	8
s	11.7232	96	1	1	7
a	11.7487	104	1	1	7
a	11.8408	105	1	1	8
d	11.8469	96	1	1	9
s	11.8469	97	1	1	8
d	11.9017	97	1	1	8
s	11.9017	98	1	1	7
d	11.9648	98	1	1	7
s	11.9648	99	1	1	6
a	12.0029	106	1	1	6
d	12.0112	99	1	1	7
s	12.0112	100	1	1	6
d	12.0797	100	1	1	6
s	12.0797	101	1	1	5
d	12.0834	101	1	1	5
s	12.0834	102	1	1	4
d	12.1197	102	1	1	4
s	12.1197	103	1	1	3
d	12.1275	103	1	1	3
s	12.1275	104	1	1	2
a	12.2064	107	1	1	2
d	12.2936	104	1	1	3
s	12.2936	105	1	1	2
a	12.3276	108	1	1	2
a	12.3281	109	1	1	3
a	12.4151	110	1	1	4
a	12.4153	111	1	1	5
d	12.466	105	1	1	6
s	12.466	106	1	1	5
d	12.513	106	1	1	5
s	12.513	107	1	1	4
a	12.6739	112	1	1	4
d	12.749	107	1	1	5
s	12.749	108	1	1	4
d	12.7561	108	1	1	4
s	12.7561	109	1	1	3
a	12.7657	113	1	1	3
a	12.7781	114	1	1	4
a	12.9156	115	1	1	5
d	13.0589	109	1	1	6
s	13.0589	110	1	1	5
a	13.0803	116	1	1	5
d	13.0852	110	1	1	6
s	13.0852	111	1	1	5
a	13.1791	117	1	1	5
a	13.2308	118	1	1	6
d	13.2451	111	1	1	7
s	13.2451	112	1	1	6
a	13.2868	119	1	1	6
d	13.3246	112	1	1	7
s	13.3246	113	1	1	6
a	13.3716	120	1	1	6
d	13.3761	113	1	1	7
s	13.3761	114	1	1	6
d	13.3918	114	1	1	6
s	13.3918	115	1	1	5
d	13.4106	115	1	1	5
s	13.4106	116	1	1	4
a	13.4221	121	1	1	4
d	13.4576	116	1	1	5
s	13.4576	117	1	1	4
a	13.4584	122	1	1	4
d	13.5146	117	1	1	5
s	13.5146	118	1	1	4
a	13.5674	123	1	1	4
a	13.6012	124	1	1	5
a	13.6666	125	1	1	6
a	13.6776	126	1	1	7
d	13.6837	118	1	1	8
s	13.6837	119	1	1	7
a	13.8349	127	1	1	7
d	13.8503	119	1	1	8
s	13.8503	120	1	1	7
d	13.8862	120	1	1	7
s	13.8862	121	1	1	6
a	13.8908	128	1	1	6
d	13.9399	121	1	1	7
s	13.9399	122	1	1	6
a	14.007	129	1	1	6
d	14.0103	122	1	1	7
s	14.0103	123	1	1	6
d	14.0403	123	1	1	6
s	14.0403	124	1	1	5
d	14.0894	124	1	1	5
s	14.0894	125	1	1	4
d	14.1372	125	1	1	4
s	14.1372	126	1	1	3
d	14.1741	126	1	1	3
s	14.1741	127	1	1	2
d	14.1959	127	1	1	2
s	14.1959	128	1	1	1
a	14.2871	130	1	1	1
a	14.3484	131	1	1	2
a	14.3642	132	1	1	3
a	14.3745	133	1	1	4
d	14.3862	128	1	1	5
s	14.3862	129	1	1	4
d	14.418	129	1	1	4
s	14.418	130	1	1	3
a	14.4286	134	1	1	3
a	14.4734	135	1	1	4
a	14.4761	136	1	1	5
a	14.6044	137	1	1	6
a	14.667	138	1	1	7
d	14.7321	130	1	1	8
s	14.7321	131	1	1	7
a	14.7987	139	1	1	7
d	14.9071	131	1	1	8
s	14.9071	132	1	1	7
d	14.9211	132	1	1	7
s	14.9211	133	1	1	6
d	14.9372	133	1	1	6
s	14.9372	134	1	1	5
d	14.9667	134	1	1	5
s	14.9667	135	1	1	4
a	15.0454	140	1	1	4
d	15.1533	135	1	1	5
s	15.1533	136	1	1	4
a	15.1696	141	1	1	4
d	15.4066	136	1	1	5
s	15.4066	137	1	1	4
d	15.4511	137	1	1	4
s	15.4511	138	1	1	3
a	15.4551	142	1	1	3
d	15.471	138	1	1	4
s	15.471	139	1	1	3
a	15.5225	143	1	1	3
d	15.5512	139	1	1	4
s	15.5512	140	1	1	3
a	15.6219	144	1	1	3
d	15.672	140	1	1	4
s	15.672	141	1	1	3
a	15.7068	145	1	1	3
d	15.7411	141	1	1	4
s	15.7411	142	1	1	3
d	15.8541	142	1	1	3
s	15.8541	143	1	1	2
d	15.8845	143	1	1	2
s	15.8845	144	1	1	1
a	15.9157	146	1	1	1
a	15.9368	147	1	1	2
a	15.9415	148	1	1	3
a	15.9565	149	1	1	4
a	15.9922	150	1	1	5
d	16.0004	144	1	1	6
s	16.0004	145	1	1	5
d	16.0061	145	1	1	5
s	16.0061	146	1	1	4
a	16.126	151	1	1	4
d	16.2123	146	1	1	5
s	16.2123	147	1	1	4
d	16.2365	147	1	1	4
s	16.2365	148	1	1	3
d	16.3011	148	1	1	3
s	16.3011	149	1	1	2
d	16.3505	149	1	1	2
s	16.3505	150	1	1	1
d	16.355	150	1	1	1
s	16.355	151	1	1	0
a	16.4285	152	1	1	0
a	16.4432	153	1	1	1
a	16.4904	154	1	1	2
a	16.6163	155	1	1	3
d	16.6178	151	1	1	4
s	16.6178	152	1	1	3
d	16.6861	152	1	1	3
s	16.6861	153	1	1	2
d	16.8343	153	1	1	2
s	16.8343	154	1	1	1
a	16.8669	156	1	1	1
a	16.8762	157	1	1	2
a	16.9424	158	1	1	3
d	16.958	154	1	1	4
s	16.958	155	1	1	3
a	16.9881	159	1	1	3
a	17.0668	160	1	1	4
a	17.1746	161	1	1	5
d	17.1747	155	1	1	6
s	17.1747	156	1	1	5
d	17.1979	156	1	1	5
s	17.1979	157	1	1	4
a	17.2523	162	1	1	4
d	17.2653	157	1	1	5
s	17.2653	158	1	1	4
d	17.3027	158	1	1	4
s	17.3027	159	1	1	3
a	17.3591	163	1	1	3
d	17.3658	159	1	1	4
s	17.3658	160	1	1	3
a	17.4147	164	1	1	3
d	17.4587	160	1	1	4
s	17.4587	161	1	1	3
d	17.4932	161	1	1	3
s	17.4932	162	1	1	2
d	17.7228	162	1	1	2
s	17.7228	163	1	1	1
d	17.7702	163	1	1	1
s	17.7702	164	1	1	0
d	17.7849	164	0	0
a	17.9852	165	0	0	0
s	17.9852	165	1	0	0
a	18.0176	166	1	0	0
s	18.0176	166	1	1	0
d	18.0875	166	0	0
a	18.1251	167	0	0	0
s	18.1251	167	1	0	0
d	18.1492	167	0	0
a	18.1909	168	0	0	0
s	18.1909	168	1	0	0
a	18.196	169	1	0	0
s	18.196	169	1	1	0
d	18.242	169	0	0
a	18.3886	170	0	0	0
s	18.3886	170	1	0	0
d	18.4869	170	0	0
a	18.6139	171	0	0	0
s	18.6139	171	1	0	0
a	18.6194	172	1	0	0
s	18.6194	172	1	1	0
d	18.6686	172	0	0
a	19.0174	173	0	0	0
s	19.0174	173	1	0	0
d	19.1283	173	0	0
a	19.3378	174	0	0	0
s	19.3378	174	1	0	0
d	19.3826	174	0	0
a	19.5632	175	0	0	0
s	19.5632	175	1	0	0
a	19.5794	176	1	0	0
s	19.5794	176	1	1	0
a	19.6156	177	1	1	0
d	19.631	176	1	1	1
s	19.631	177	1	1	0
a	19.6332	178	1	1	0
a	19.8629	179	1	1	1
a	19.9013	180	1	1	2
a	19.9549	181	1	1	3
d	20.0531	177	1	1	4
s	20.0531	178	1	1	3
a	20.1244	182	1	1	3
a	20.322	183	1	1	4
d	20.325	178	1	1	5
s	20.325	179	1	1	4
a	20.3744	184	1	1	4
d	20.4326	179	1	1	5
s	20.4326	180	1	1	4
a	20.5012	185	1	1	4
d	20.5327	180	1	1	5
s	20.5327	181	1	1	4
a	20.5472	186	1	1	4
d	20.5547	181	1	1	5
s	20.5547	182	1	1	4
a	20.5711	187	1	1	4
d	20.6188	182	1	1	5
s	20.6188	183	1	1	4
a	20.6258	188	1	1	4
a	20.6374	189	1	1	5
d	20.6414	183	1	1	6
s	20.6414	184	1	1	5
d	20.6876	184	1	1	5
s	20.6876	185	1	1	4
d	20.7786	185	1	1	4
s	20.7786	186	1	1	3
a	20.8521	190	1	1	3
d	20.9158	186	1	1	4
s	20.9158	187	1	1	3
d	20.9314	187	1	1	3
s	20.9314	188	1	1	2
a	21.0734	191	1	1	2
a	21.1677	192	1	1	3
d	21.203	188	1	1	4
s	21.203	189	1	1	3
a	21.2295	193	1	1	3
a	21.2963	194	1	1	4
d	21.3226	189	1	1	5
s	21.3226	190	1	1	4
d	21.4393	190	1	1	4
s	21.4393	191	1	1	3
a	21.4618	195	1	1	3
a	21.4855	196	1	1	4
d	21.6595	191	1	1	5
s	21.6595	192	1	1	4
a	21.7082	197	1	1	4
a	21.7347	198	1	1	5
a	21.747	199	1	1	6
a	21.7732	200	1	1	7
d	21.7853	192	1	1	8
s	21.7853	193	1	1	7
a	21.8061	201	1	1	7
d	21.8338	193	1	1	8
s	21.8338	194	1	1	7
d	21.8493	194	1	1	7
s	21.8493	195	1	1	6
a	21.9193	202	1	1	6
a	21.9356	203	1	1	7
d	21.9969	195	1	1	8
s	21.9969	196	1	1	7
a	22.0992	204	1	1	7
d	22.1358	196	1	1	8
s	22.1358	197	1	1	7
d	22.1373	197	1	1	7
s	22.1373	198	1	1	6
a	22.1672	205	1	1	6
d	22.4295	198	1	1	7
s	22.4295	199	1	1	6
a	22.4458	206	1	1	6
d	22.494	199	1	1	7
s	22.494	200	1	1	6
a	22.5404	207	1	1	6
a	22.6906	208	1	1	7
a	22.7034	209	1	1	8
d	22.7298	200	1	1	9
s	22.7298	201	1	1	8
a	22.8654	210	1	1	8
d	22.9218	201	1	1	9
s	22.9218	202	1	1	8
d	22.9289	202	1	1	8
s	22.9289	203	1	1	7
a	23.0963	211	1	1	7
d	23.1813	203	1	1	8
s	23.1813	204	1	1	7
a	23.4359	212	1	1	7
d	23.4648	204	1	1	8
s	23.4648	205	1	1	7
d	23.4738	205	1	1	7
s	23.4738	206	1	1	6
a	23.5569	213	1	1	6
d	23.5657	206	1	1	7
s	23.5657	207	1	1	6
d	23.5713	207	1	1	6
s	23.5713	208	1	1	5
d	23.589	208	1	1	5
s	23.589	209	1	1	4
a	23.65	214	1	1	4
d	23.6517	209	1	1	5
s	23.6517	210	1	1	4
a	23.6691	215	1	1	4
d	23.6883	210	1	1	5
s	23.6883	211	1	1	4
a	23.7715	216	1	1	4
d	23.8234	211	1	1	5
s	23.8234	212	1	1	4
d	23.8877	212	1	1	4
s	23.8877	213	1	1	3
d	23.8923	213	1	1	3
s	23.8923	214	1	1	2
d	23.9843	214	1	1	2
s	23.9843	215	1	1	1
d	24.1265	215	1	1	1
s	24.1265	216	1	1	0
d	24.1801	216	0	0
a	24.3761	217	0	0	0
s	24.3761	217	1	0	0
a	24.4183	218	1	0	0
s	24.4183	218	1	1	0
d	24.424	218	0	0
a	24.5107	219	0	0	0
s	24.5107	219	1	0	0
d	24.5223	219	0	0
a	25.0593	220	0	0	0
s	25.0593	220	1	0	0
d	25.0654	220	0	0
a	25.1158	221	0	0	0
s	25.1158	221	1	0	0
d	25.1399	221	0	0
a	25.177	222	0	0	0
s	25.177	222	1	0	0
a	25.344	223	1	0	0
s	25.344	223	1	1	0
d	25.44	223	0	0
a	25.9502	224	0	0	0
s	25.9502	224	1	0	0
d	26.0375	224	0	0
a	26.2278	225	0	0	0
s	26.2278	225	1	0	0
a	26.2452	226	1	0	0
s	26.2452	226	1	1	0
a	26.2684	227	1	1	0
a	26.3143	228	1	1	1
a	26.3553	229	1	1	2
a	26.3797	230	1	1	3
a	26.4502	231	1	1	4
a	26.4921	232	1	1	5
d	26.5187	226	1	1	6
s	26.5187	227	1	1	5
d	26.5559	227	1	1	5
s	26.5559	228	1	1	4
d	26.5877	228	1	1	4
s	26.5877	229	1	1	3
d	26.6128	229	1	1	3
s	26.6128	230	1	1	2
a	26.7084	233	1	1	2
a	26.7241	234	1	1	3
a	26.7729	235	1	1	4
a	26.8115	236	1	1	5
d	26.96	230	1	1	6
s	26.96	231	1	1	5
d	27.0194	231	1	1	5
s	27.0194	232	1	1	4
d	27.0248	232	1	1	4
s	27.0248	233	1	1	3
a	27.0848	237	1	1	3
a	27.2282	238	1	1	4
d	27.3082	233	1	1	5
s	27.3082	234	1	1	4
d	27.31	234	1	1	4
s	27.31	235	1	1	3
d	27.3578	235	1	1	3
s	27.3578	236	1	1	2
a	27.4427	239	1	1	2
a	27.4516	240	1	1	3
d	27.4808	236	1	1	4
s	27.4808	237	1	1	3
d	27.5173	237	1	1	3
s	27.5173	238	1	1	2
a	27.5629	241	1	1	2
d	27.6693	238	1	1	3
s	27.6693	239	1	1	2
a	27.7693	242	1	1	2
d	27.8118	239	1	1	3
s	27.8118	240	1	1	2
d	27.8221	240	1	1	2
s	27.8221	241	1	1	1
a	27.8417	243	1	1	1
a	27.8531	244	1	1	2
a	27.9439	245	1	1	3
d	28.0461	241	1	1	4
s	28.0461	242	1	1	3
d	28.0707	242	1	1	3
s	28.0707	243	1	1	2
a	28.2244	246	1	1	2
a	28.2272	247	1	1	3
d	28.2469	243	1	1	4
s	28.2469	244	1	1	3
a	28.2554	248	1	1	3
d	28.2608	244	1	1	4
s	28.2608	245	1	1	3
d	28.3391	245	1	1	3
s	28.3391	246	1	1	2
a	28.4285	249	1	1	2
a	28.4604	250	1	1	3
a	28.7016	251	1	1	4
a	28.8021	252	1	1	5
d	28.8976	246	1	1	6
s	28.8976	247	1	1	5
d	28.8984	247	1	1	5
s	28.8984	248	1	1	4
a	28.9319	253	1	1	4
a	29.085	254	1	1	5
d	29.2239	248	1	1	6
s	29.2239	249	1	1	5
a	29.2699	255	1	1	5
d	29.3635	249	1	1	6
s	29.3635	250	1	1	5
d	29.4112	250	1	1	5
s	29.4112	251	1	1	4
d	29.4234	251	1	1	4
s	29.4234	252	1	1	3
d	29.4297	252	1	1	3
s	29.4297	253	1	1	2
a	29.4782	256	1	1	2
a	29.5058	257	1	1	3
a	29.5545	258	1	1	4
d	29.5928	253	1	1	5
s	29.5928	254	1	1	4
a	29.6012	259	1	1	4
d	29.6024	254	1	1	5
s	29.6024	255	1	1	4
d	29.6106	255	1	1	4
s	29.6106	256	1	1	3
d	29.6515	256	1	1	3
s	29.6515	257	1	1	2
a	29.6886	260	1	1	2
a	29.7388	261	1	1	3
a	29.8013	262	1	1	4
d	29.8407	257	1	1	5
s	29.8407	258	1	1	4
d	29.8466	258	1	1	4
s	29.8466	259	1	1	3
a	29.8972	263	1	1	3
d	29.9081	259	1	1	4
s	29.9081	260	1	1	3
a	29.958	264	1	1	3
d	29.9704	260	1	1	4
s	29.9704	261	1	1	3
d	30.0628	261	1	1	3
s	30.0628	262	1	1	2
a	30.1097	265	1	1	2
d	30.1677	262	1	1	3
s	30.1677	263	1	1	2
d	30.1906	263	1	1	2
s	30.1906	264	1	1	1
d	30.3533	264	1	1	1
s	30.3533	265	1	1	0
a	30.4772	266	1	1	0
a	30.582	267	1	1	1
d	30.6188	265	1	1	2
s	30.6188	266	1	1	1
a	30.6405	268	1	1	1
a	30.8206	269	1	1	2
d	30.8834	266	1	1	3
s	30.8834	267	1	1	2
d	30.9274	267	1	1	2
s	30.9274	268	1	1	1
d	31.0063	268	1	1	1
s	31.0063	269	1	1	0
a	31.0271	270	1	1	0
d	31.0567	269	1	1	1
s	31.0567	270	1	1	0
a	31.0672	271	1	1	0
a	31.1093	272	1	1	1
d	31.1385	270	1	1	2
s	31.1385	271	1	1	1
d	31.1564	271	1	1	1
s	31.1564	272	1	1	0
d	31.2088	272	0	0
a	31.2121	273	0	0	0
s	31.2121	273	1	0	0
a	31.2178	274	1	0	0
s	31.2178	274	1	1	0
d	31.2311	274	0	0
a	31.322	275	0	0	0
s	31.322	275	1	0	0
d	31.3232	275	0	0
a	31.5093	276	0	0	0
s	31.5093	276	1	0	0
d	31.5203	276	0	0
a	31.5709	277	0	0	0
s	31.5709	277	1	0	0
a	31.6227	278	1	0	0
s	31.6227	278	1	1	0
d	31.6571	278	0	0
a	31.9564	279	0	0	0
s	31.9564	279	1	0	0
d	32.0817	279	0	0
a	32.106	280	0	0	0
s	32.106	280	1	0	0
a	32.1183	281	1	0	0
s	32.1183	281	1	1	0
d	32.1525	281	0	0
a	32.1535	282	0	0	0
s	32.1535	282	1	0	0
d	32.1645	282	0	0
a	32.2571	283	0	0	0
s	32.2571	283	1	0	0
a	32.2683	284	1	0	0
s	32.2683	284	1	1	0
a	32.3735	285	1	1	0
d	32.3859	284	1	1	1
s	32.3859	285	1	1	0
a	32.4358	286	1	1	0
a	32.4703	287	1	1	1
d	32.4899	285	1	1	2
s	32.4899	286	1	1	1
a	32.5029	288	1	1	1
d	32.5205	286	1	1	2
s	32.5205	287	1	1	1
a	32.5365	289	1	1	1
a	32.7152	290	1	1	2
d	32.7176	287	1	1	3
s	32.7176	288	1	1	2
d	32.7561	288	1	1	2
s	32.7561	289	1	1	1
d	32.7654	289	1	1	1
s	32.7654	290	1	1	0
a	32.8596	291	1	1	0
d	32.8654	290	1	1	1
s	32.8654	291	1	1	0
a	32.9328	292	1	1	0
a	32.9436	293	1	1	1
d	33.0867	291	1	1	2
s	33.0867	292	1	1	1
a	33.1207	294	1	1	1
d	33.1525	292	1	1	2
s	33.1525	293	1	1	1
a	33.1678	295	1	1	1
a	33.2094	296	1	1	2
d	33.2349	293	1	1	3
s	33.2349	294	1	1	2
a	33.4764	297	1	1	2
d	33.4881	294	1	1	3
s	33.4881	295	1	1	2
a	33.7631	298	1	1	2
d	33.8463	295	1	1	3
s	33.8463	296	1	1	2
a	33.8781	299	1	1	2
a	33.9182	300	1	1	3
d	33.9643	296	1	1	4
s	33.9643	297	1	1	3
d	34.0573	297	1	1	3
s	34.0573	298	1	1	2
a	34.1345	301	1	1	2
a	34.1781	302	1	1	3
a	34.2138	303	1	1	4
d	34.3263	298	1	1	5
s	34.3263	299	1	1	4
d	34.3629	299	1	1	4
s	34.3629	300	1	1	3
a	34.3934	304	1	1	3
d	34.4114	300	1	1	4
s	34.4114	301	1	1	3
a	34.4404	305	1	1	3
d	34.4722	301	1	1	4
s	34.4722	302	1	1	3
d	34.5329	302	1	1	3
s	34.5329	303	1	1	2
a	34.6982	306	1	1	2
a	34.701	307	1	1	3
a	34.7864	308	1	1	4
a	34.7897	309	1	1	5
a	34.825	310	1	1	6
d	34.8332	303	1	1	7
s	34.8332	304	1	1	6
d	34.8718	304	1	1	6
s	34.8718	305	1	1	5
a	34.8954	311	1	1	5
d	34.9085	305	1	1	6
s	34.9085	306	1	1	5
d	35.003	306	1	1	5
s	35.003	307	1	1	4
a	35.0052	312	1	1	4
a	35.0287	313	1	1	5
a	35.2258	314	1	1	6
d	35.3027	307	1	1	7
s	35.3027	308	1	1	6
d	35.4196	308	1	1	6
s	35.4196	309	1	1	5
d	35.4439	309	1	1	5
s	35.4439	310	1	1	4
a	35.5369	315	1	1	4
d	35.5988	310	1	1	5
s	35.5988	311	1	1	4
a	35.6629	316	1	1	4
d	35.6712	311	1	1	5
s	35.6712	312	1	1	4
d	35.7534	312	1	1	4
s	35.7534	313	1	1	3
d	35.8211	313	1	1	3
s	35.8211	314	1	1	2
d	35.8712	314	1	1	2
s	35.8712	315	1	1	1
d	35.8989	315	1	1	1
s	35.8989	316	1	1	0
d	35.9902	316	0	0
a	36.1844	317	0	0	0
s	36.1844	317	1	0	0
a	36.2034	318	1	0	0
s	36.2034	318	1	1	0
d	36.2093	318	0	0
a	36.2559	319	0	0	0
s	36.2559	319	1	0	0
d	36.2562	319	0	0
a	36.5813	320	0	0	0
s	36.5813	320	1	0	0
a	36.5976	321	1	0	0
s	36.5976	321	1	1	0
d	36.6926	321	0	0
a	36.7291	322	0	0	0
s	36.7291	322	1	0	0
d	36.8549	322	0	0
a	37.1316	323	0	0	0
s	37.1316	323	1	0	0
d	37.1806	323	0	0
a	37.2359	324	0	0	0
s	37.2359	324	1	0	0
a	37.6218	325	1	0	0
s	37.6218	325	1	1	0
a	37.6388	326	1	1	0
a	37.6461	327	1	1	1
d	37.7004	325	1	1	2
s	37.7004	326	1	1	1
d	37.7322	326	1	1	1
s	37.7322	327	1	1	0
a	37.7473	328	1	1	0
a	37.771	329	1	1	1
d	37.7814	327	1	1	2
s	37.7814	328	1	1	1
a	37.7858	330	1	1	1
d	37.8354	328	1	1	2
s	37.8354	329	1	1	1
a	37.8435	331	1	1	1
a	37.8692	332	1	1	2
a	37.955	333	1	1	3
a	38.0135	334	1	1	4
a	38.0722	335	1	1	5
d	38.0892	329	1	1	6
s	38.0892	330	1	1	5
d	38.1096	330	1	1	5
s	38.1096	331	1	1	4
a	38.1348	336	1	1	4
d	38.1492	331	1	1	5
s	38.1492	332	1	1	4
a	38.2535	337	1	1	4
a	38.4001	338	1	1	5
a	38.5195	339	1	1	6
d	38.6075	332	1	1	7
s	38.6075	333	1	1	6
d	38.6335	333	1	1	6
s	38.6335	334	1	1	5
a	38.6818	340	1	1	5
a	38.6973	341	1	1	6
d	38.7325	334	1	1	7
s	38.7325	335	1	1	6
d	38.7645	335	1	1	6
s	38.7645	336	1	1	5
d	38.8109	336	1	1	5
s	38.8109	337	1	1	4
d	38.8221	337	1	1	4
s	38.8221	338	1	1	3
a	38.9358	342	1	1	3
d	38.992	338	1	1	4
s	38.992	339	1	1	3
d	39.0023	339	1	1	3
s	39.0023	340	1	1	2
a	39.0052	343	1	1	2
a	39.0091	344	1	1	3
d	39.0271	340	1	1	4
s	39.0271	341	1	1	3
d	39.0375	341	1	1	3
s	39.0375	342	1	1	2
d	39.0601	342	1	1	2
s	39.0601	343	1	1	1
d	39.0649	343	1	1	1
s	39.0649	344	1	1	0
d	39.0813	344	0	0
a	39.1894	345	0	0	0
s	39.1894	345	1	0	0
d	39.2011	345	0	0
a	39.241	346	0	0	0
s	39.241	346	1	0	0
a	39.2947	347	1	0	0
s	39.2947	347	1	1	0
d	39.4275	347	0	0
a	39.4484	348	0	0	0
s	39.4484	348	1	0	0
a	39.4749	349	1	0	0
s	39.4749	349	1	1	0
a	39.5123	350	1	1	0
a	39.5937	351	1	1	1
d	39.6515	349	1	1	2
s	39.6515	350	1	1	1
d	39.673	350	1	1	1
s	39.673	351	1	1	0
d	39.6887	351	0	0
a	39.8723	352	0	0	0
s	39.8723	352	1	0	0
a	40.0033	353	1	0	0
s	40.0033	353	1	1	0
d	40.059	353	0	0
a	40.0865	354	0	0	0
s	40.0865	354	1	0	0
d	40.1137	354	0	0
a	40.27	355	0	0	0
s	40.27	355	1	0	0
a	40.2705	356	1	0	0
s	40.2705	356	1	1	0
a	40.3188	357	1	1	0
a	40.3598	358	1	1	1
a	40.554	359	1	1	2
d	40.6882	356	1	1	3
s	40.6882	357	1	1	2
d	40.8173	357	1	1	2
s	40.8173	358	1	1	1
a	40.8461	360	1	1	1
d	40.8563	358	1	1	2
s	40.8563	359	1	1	1
a	40.8657	361	1	1	1
d	40.9149	359	1	1	2
s	40.9149	360	1	1	1
d	40.9398	360	1	1	1
s	40.9398	361	1	1	0
a	40.9758	362	1	1	0
a	41.0257	363	1	1	1
d	41.0857	361	1	1	2
s	41.0857	362	1	1	1
a	41.1882	364	1	1	1
a	41.1914	365	1	1	2
d	41.2444	362	1	1	3
s	41.2444	363	1	1	2
a	41.3322	366	1	1	2
a	41.3613	367	1	1	3
a	41.5708	368	1	1	4
d	41.6221	363	1	1	5
s	41.6221	364	1	1	4
a	41.9106	369	1	1	4
a	42.0277	370	1	1	5
a	42.0766	371	1	1	6
d	42.0905	364	1	1	7
s	42.0905	365	1	1	6
d	42.1785	365	1	1	6
s	42.1785	366	1	1	5
a	42.1954	372	1	1	5
d	42.2661	366	1	1	6
s	42.2661	367	1	1	5
d	42.3268	367	1	1	5
s	42.3268	368	1	1	4
d	42.3625	368	1	1	4
s	42.3625	369	1	1	3
a	42.4622	373	1	1	3
d	42.471	369	1	1	4
s	42.471	370	1	1	3
d	42.4842	370	1	1	3
s	42.4842	371	1	1	2
a	42.5088	374	1	1	2
d	42.5467	371	1	1	3
s	42.5467	372	1	1	2
a	42.5712	375	1	1	2
a	42.6561	376	1	1	3
a	42.8058	377	1	1	4
d	42.8386	372	1	1	5
s	42.8386	373	1	1	4
d	42.8533	373	1	1	4
s	42.8533	374	1	1	3
a	42.9004	378	1	1	3
d	42.9253	374	1	1	4
s	42.9253	375	1	1	3
d	42.9823	375	1	1	3
s	42.9823	376	1	1	2
d	43.0166	376	1	1	2
s	43.0166	377	1	1	1
d	43.0417	377	1	1	1
s	43.0417	378	1	1	0
d	43.0563	378	0	0
a	43.1712	379	0	0	0
s	43.1712	379	1	0	0
d	43.1874	379	0	0
a	43.3076	380	0	0	0
s	43.3076	380	1	0	0
d	43.3221	380	0	0
a	43.3563	381	0	0	0
s	43.3563	381	1	0	0
a	43.3772	382	1	0	0
s	43.3772	382	1	1	0
a	43.3924	383	1	1	0
a	43.4031	384	1	1	1
d	43.4039	382	1	1	2
s	43.4039	383	1	1	1
a	43.4133	385	1	1	1
d	43.4689	383	1	1	2
s	43.4689	384	1	1	1
a	43.5045	386	1	1	1
a	43.6198	387	1	1	2
a	43.6415	388	1	1	3
d	43.6918	384	1	1	4
s	43.6918	385	1	1	3
a	43.7359	389	1	1	3
d	43.8691	385	1	1	4
s	43.8691	386	1	1	3
d	43.9111	386	1	1	3
s	43.9111	387	1	1	2
d	43.9367	387	1	1	2
s	43.9367	388	1	1	1
d	44.2121	388	1	1	1
s	44.2121	389	1	1	0
d	44.4531	389	0	0
a	44.5209	390	0	0	0
s	44.5209	390	1	0	0
a	44.5631	391	1	0	0
s	44.5631	391	1	1	0
d	44.5845	391	0	0
a	44.7709	392	0	0	0
s	44.7709	392	1	0	0
d	44.9655	392	0	0
a	45.1072	393	0	0	0
s	45.1072	393	1	0	0
d	45.2133	393	0	0
a	45.5502	394	0	0	0
s	45.5502	394	1	0	0
d	45.5524	394	0	0
a	45.5985	395	0	0	0
s	45.5985	395	1	0	0
a	45.6085	396	1	0	0
s	45.6085	396	1	1	0
d	45.6535	396	0	0
a	45.7018	397	0	0	0
s	45.7018	397	1	0	0
a	45.8592	398	1	0	0
s	45.8592	398	1	1	0
a	45.9064	399	1	1	0
a	45.9337	400	1	1	1
d	45.9529	398	1	1	2
s	45.9529	399	1	1	1
d	45.972	399	1	1	1
s	45.972	400	1	1	0
d	46.1697	400	0	0
a	46.3537	401	0	0	0
s	46.3537	401	1	0	0
d	46.3992	401	0	0
a	46.42	402	0	0	0
s	46.42	402	1	0	0
d	46.4217	402	0	0
a	46.5055	403	0	0	0
s	46.5055	403	1	0	0
a	46.639	404	1	0	0
s	46.639	404	1	1	0
d	46.6636	404	0	0
a	46.7581	405	0	0	0
s	46.7581	405	1	0	0
a	46.8133	406	1	0	0
s	46.8133	406	1	1	0
a	46.8151	407	1	1	0
a	46.8462	408	1	1	1
d	47.0411	406	1	1	2
s	47.0411	407	1	1	1
a	47.0563	409	1	1	1
a	47.0942	410	1	1	2
a	47.0943	411	1	1	3
d	47.1196	407	1	1	4
s	47.1196	408	1	1	3
a	47.1225	412	1	1	3
d	47.1639	408	1	1	4
s	47.1639	409	1	1	3
d	47.1695	409	1	1	3
s	47.1695	410	1	1	2
a	47.1754	413	1	1	2
d	47.2069	410	1	1	3
s	47.2069	411	1	1	2
d	47.2636	411	1	1	2
s	47.2636	412	1	1	1
a	47.3131	414	1	1	1
a	47.3799	415	1	1	2
d	47.3872	412	1	1	3
s	47.3872	413	1	1	2
a	47.4175	416	1	1	2
a	47.4846	417	1	1	3
d	47.5273	413	1	1	4
s	47.5273	414	1	1	3
d	47.5322	414	1	1	3
s	47.5322	415	1	1	2
a	47.5633	418	1	1	2
d	47.5723	415	1	1	3
s	47.5723	416	1	1	2
a	47.5931	419	1	1	2
d	47.6196	416	1	1	3
s	47.6196	417	1	1	2
d	47.642	417	1	1	2
s	47.642	418	1	1	1
d	47.6714	418	1	1	1
s	47.6714	419	1	1	0
d	47.6725	419	0	0
a	47.6828	420	0	0	0
s	47.6828	420	1	0	0
a	47.7343	421	1	0	0
s	47.7343	421	1	1	0
d	47.7437	421	0	0
a	47.7927	422	0	0	0
s	47.7927	422	1	0	0
d	47.8012	422	0	0
a	47.8685	423	0	0	0
s	47.8685	423	1	0	0
d	47.9399	423	0	0
a	47.9573	424	0	0	0
s	47.9573	424	1	0	0
a	47.9641	425	1	0	0
s	47.9641	425	1	1	0
a	48.1172	426	1	1	0
d	48.134	425	1	1	1
s	48.134	426	1	1	0
d	48.1654	426	0	0
a	48.2944	427	0	0	0
s	48.2944	427	1	0	0
d	48.3005	427	0	0
a	48.3466	428	0	0	0
s	48.3466	428	1	0	0
a	48.396	429	1	0	0
s	48.396	429	1	1	0
a	48.4611	430	1	1	0
a	48.5287	431	1	1	1
a	48.6183	432	1	1	2
d	48.7326	429	1	1	3
s	48.7326	430	1	1	2
d	48.733	430	1	1	2
s	48.733	431	1	1	1
a	48.9284	433	1	1	1
d	48.9388	431	1	1	2
s	48.9388	432	1	1	1
a	48.985	434	1	1	1
a	49.1801	435	1	1	2
a	49.2262	436	1	1	3
d	49.2377	432	1	1	4
s	49.2377	433	1	1	3
a	49.3486	437	1	1	3
d	49.3529	433	1	1	4
s	49.3529	434	1	1	3
a	49.3958	438	1	1	3
d	49.4419	434	1	1	4
s	49.4419	435	1	1	3
a	49.4903	439	1	1	3
a	49.5334	440	1	1	4
d	49.5926	435	1	1	5
s	49.5926	436	1	1	4
d	49.6624	436	1	1	4
s	49.6624	437	1	1	3
d	49.7302	437	1	1	3
s	49.7302	438	1	1	2
a	49.7326	441	1	1	2
d	49.7522	438	1	1	3
s	49.7522	439	1	1	2
a	49.8251	442	1	1	2
a	49.9451	443	1	1	3
a	50.0538	444	1	1	4
a	50.2818	445	1	1	5
d	50.2922	439	1	1	6
s	50.2922	440	1	1	5
a	50.3028	446	1	1	5
a	50.3156	447	1	1	6
d	50.3232	440	1	1	7
s	50.3232	441	1	1	6
a	50.3646	448	1	1	6
d	50.3662	441	1	1	7
s	50.3662	442	1	1	6
d	50.3971	442	1	1	6
s	50.3971	443	1	1	5
d	50.4276	443	1	1	5
s	50.4276	444	1	1	4
d	50.432	444	1	1	4
s	50.432	445	1	1	3
a	50.4385	449	1	1	3
d	50.5084	445	1	1	4
s	50.5084	446	1	1	3
a	50.551	450	1	1	3
a	50.5621	451	1	1	4
a	50.584	452	1	1	5
a	50.6716	453	1	1	6
d	50.7272	446	1	1	7
s	50.7272	447	1	1	6
d	50.7412	447	1	1	6
s	50.7412	448	1	1	5
d	50.7684	448	1	1	5
s	50.7684	449	1	1	4
a	50.9182	454	1	1	4
a	51.0155	455	1	1	5
a	51.0228	456	1	1	6
d	51.0925	449	1	1	7
s	51.0925	450	1	1	6
d	51.2728	450	1	1	6
s	51.2728	451	1	1	5
a	51.3219	457	1	1	5
d	51.4283	451	1	1	6
s	51.4283	452	1	1	5
d	51.4808	452	1	1	5
s	51.4808	453	1	1	4
a	51.5604	458	1	1	4
a	51.6138	459	1	1	5
a	51.6743	460	1	1	6
d	51.6943	453	1	1	7
s	51.6943	454	1	1	6
a	51.7155	461	1	1	6
a	51.7253	462	1	1	7
d	51.7255	454	1	1	8
s	51.7255	455	1	1	7
a	51.7699	463	1	1	7
a	51.7934	464	1	1	8
d	51.8464	455	1	1	9
s	51.8464	456	1	1	8
d	51.8467	456	1	1	8
s	51.8467	457	1	1	7
d	51.8725	457	1	1	7
s	51.8725	458	1	1	6
a	51.9015	465	1	1	6
d	52.0312	458	1	1	7
s	52.0312	459	1	1	6
a	52.098	466	1	1	6
d	52.1259	459	1	1	7
s	52.1259	460	1	1	6
d	52.1802	460	1	1	6
s	52.1802	461	1	1	5
a	52.2878	467	1	1	5
a	52.2923	468	1	1	6
d	52.3433	461	1	1	7
s	52.3433	462	1	1	6
d	52.4396	462	1	1	6
s	52.4396	463	1	1	5
a	52.4767	469	1	1	5
d	52.5587	463	1	1	6
s	52.5587	464	1	1	5
a	52.7115	470	1	1	5
d	52.7206	464	1	1	6
s	52.7206	465	1	1	5
d	52.7466	465	1	1	5
s	52.7466	466	1	1	4
d	52.7739	466	1	1	4
s	52.7739	467	1	1	3
d	52.7865	467	1	1	3
s	52.7865	468	1	1	2
a	53.0531	471	1	1	2
a	53.1421	472	1	1	3
a	53.2369	473	1	1	4
a	53.2614	474	1	1	5
a	53.3474	475	1	1	6
d	53.4202	468	1	1	7
s	53.4202	469	1	1	6
a	53.4256	476	1	1	6
d	53.4491	469	1	1	7
s	53.4491	470	1	1	6
d	53.5072	470	1	1	6
s	53.5072	471	1	1	5
a	53.5848	477	1	1	5
a	53.5939	478	1	1	6
a	53.6063	479	1	1	7
a	53.6235	480	1	1	8
d	53.745	471	1	1	9
s	53.745	472	1	1	8
d	53.8161	472	1	1	8
s	53.8161	473	1	1	7
d	53.862	473	1	1	7
s	53.862	474	1	1	6
d	53.8911	474	1	1	6
s	53.8911	475	1	1	5
d	53.9191	475	1	1	5
s	53.9191	476	1	1	4
a	53.9368	481	1	1	4
a	53.9473	482	1	1	5
a	53.9732	483	1	1	6
d	54.0555	476	1	1	7
s	54.0555	477	1	1	6
d	54.1147	477	1	1	6
s	54.1147	478	1	1	5
a	54.1522	484	1	1	5
a	54.2244	485	1	1	6
a	54.2506	486	1	1	7
a	54.2895	487	1	1	8
d	54.4119	478	1	1	9
s	54.4119	479	1	1	8
d	54.4431	479	1	1	8
s	54.4431	480	1	1	7
d	54.5023	480	1	1	7
s	54.5023	481	1	1	6
d	54.5113	481	1	1	6
s	54.5113	482	1	1	5
d	54.5245	482	1	1	5
s	54.5245	483	1	1	4
d	54.5472	483	1	1	4
s	54.5472	484	1	1	3
d	54.6659	484	1	1	3
s	54.6659	485	1	1	2
a	54.7037	488	1	1	2
d	54.7588	485	1	1	3
s	54.7588	486	1	1	2
a	54.7848	489	1	1	2
a	54.8324	490	1	1	3
d	55.0533	486	1	1	4
s	55.0533	487	1	1	3
d	55.0796	487	1	1	3
s	55.0796	488	1	1	2
d	55.1076	488	1	1	2
s	55.1076	489	1	1	1
d	55.2591	489	1	1	1
s	55.2591	490	1	1	0
d	55.4457	490	0	0
a	55.6174	491	0	0	0
s	55.6174	491	1	0	0
a	55.6618	492	1	0	0
s	55.6618	492	1	1	0
a	55.7797	493	1	1	0
a	55.8197	494	1	1	1
a	55.8448	495	1	1	2
a	55.9369	496	1	1	3
a	55.939	497	1	1	4
a	55.9894	498	1	1	5
d	56.0039	492	1	1	6
s	56.0039	493	1	1	5
d	56.0779	493	1	1	5
s	56.0779	494	1	1	4
d	56.0913	494	1	1	4
s	56.0913	495	1	1	3
a	56.1249	499	1	1	3
d	56.3448	495	1	1	4
s	56.3448	496	1	1	3
a	56.3796	500	1	1	3
d	56.5391	496	1	1	4
s	56.5391	497	1	1	3
d	56.5477	497	1	1	3
s	56.5477	498	1	1	2
a	56.5957	501	1	1	2
d	56.6652	498	1	1	3
s	56.6652	499	1	1	2
d	56.6858	499	1	1	2
s	56.6858	500	1	1	1
a	56.7051	502	1	1	1
a	56.7279	503	1	1	2
a	56.8865	504	1	1	3
a	56.8985	505	1	1	4
d	56.9924	500	1	1	5
s	56.9924	501	1	1	4
a	57.0496	506	1	1	4
d	57.1235	501	1	1	5
s	57.1235	502	1	1	4
a	57.2241	507	1	1	4
a	57.2427	508	1	1	5
a	57.2575	509	1	1	6
a	57.2708	510	1	1	7
d	57.2708	502	1	1	8
s	57.2708	503	1	1	7
a	57.2895	511	1	1	7
d	57.3203	503	1	1	8
s	57.3203	504	1	1	7
d	57.4955	504	1	1	7
s	57.4955	505	1	1	6
a	57.6447	512	1	1	6
d	57.6649	505	1	1	7
s	57.6649	506	1	1	6
d	57.7449	506	1	1	6
s	57.7449	507	1	1	5
a	57.7595	513	1	1	5
a	57.7719	514	1	1	6
a	57.8245	515	1	1	7
a	57.8917	516	1	1	8
a	57.9019	517	1	1	9
d	57.9136	507	1	1	10
s	57.9136	508	1	1	9
d	57.945	508	1	1	9
s	57.945	509	1	1	8
d	57.9451	509	1	1	8
s	57.9451	510	1	1	7
d	57.9482	510	1	1	7
s	57.9482	511	1	1	6
d	57.9624	511	1	1	6
s	57.9624	512	1	1	5
a	57.974	518	1	1	5
d	57.9798	512	1	1	6
s	57.9798	513	1	1	5
d	58.0781	513	1	1	5
s	58.0781	514	1	1	4
a	58.1873	519	1	1	4
d	58.2038	514	1	1	5
s	58.2038	515	1	1	4
d	58.2065	515	1	1	4
s	58.2065	516	1	1	3
d	58.2364	516	1	1	3
s	58.2364	517	1	1	2
d	58.2697	517	1	1	2
s	58.2697	518	1	1	1
a	58.3836	520	1	1	1
a	58.4323	521	1	1	2
a	58.4554	522	1	1	3
a	58.4894	523	1	1	4
a	58.5117	524	1	1	5
d	58.6175	518	1	1	6
s	58.6175	519	1	1	5
d	58.6505	519	1	1	5
s	58.6505	520	1	1	4
a	58.7431	525	1	1	4
d	58.7485	520	1	1	5
s	58.7485	521	1	1	4
d	58.7574	521	1	1	4
s	58.7574	522	1	1	3
d	58.7691	522	1	1	3
s	58.7691	523	1	1	2
a	58.791	526	1	1	2
a	58.8195	527	1	1	3
a	58.9085	528	1	1	4
d	59.1127	523	1	1	5
s	59.1127	524	1	1	4
d	59.2603	524	1	1	4
s	59.2603	525	1	1	3
d	59.3474	525	1	1	3
s	59.3474	526	1	1	2
a	59.4512	529	1	1	2
a	59.4606	530	1	1	3
d	59.5329	526	1	1	4
s	59.5329	527	1	1	3
a	59.5372	531	1	1	3
a	59.5685	532	1	1	4
a	59.5794	533	1	1	5
d	59.6744	527	1	1	6
s	59.6744	528	1	1	5
a	59.751	534	1	1	5
a	59.7799	535	1	1	6
a	59.944	536	1	1	7
a	60.0091	537	1	1	8
d	60.0183	528	1	1	9
s	60.0183	529	1	1	8
a	60.0331	538	1	1	8
d	60.0343	529	1	1	9
s	60.0343	530	1	1	8
d	60.0961	530	1	1	8
s	60.0961	531	1	1	7
d	60.0969	531	1	1	7
s	60.0969	532	1	1	6
d	60.1109	532	1	1	6
s	60.1109	533	1	1	5
d	60.1545	533	1	1	5
s	60.1545	534	1	1	4
a	60.1557	539	1	1	4
a	60.1787	540	1	1	5
a	60.2889	541	1	1	6
d	60.3025	534	1	1	7
s	60.3025	535	1	1	6
a	60.4003	542	1	1	6
a	60.4645	543	1	1	7
a	60.5669	544	1	1	8
d	60.6378	535	1	1	9
s	60.6378	536	1	1	8
d	60.7502	536	1	1	8
s	60.7502	537	1	1	7
d	60.7608	537	1	1	7
s	60.7608	538	1	1	6
a	60.8027	545	1	1	6
a	60.8095	546	1	1	7
d	60.921	538	1	1	8
s	60.921	539	1	1	7
d	60.9374	539	1	1	7
s	60.9374	540	1	1	6
d	60.9486	540	1	1	6
s	60.9486	541	1	1	5
d	61.0294	541	1	1	5
s	61.0294	542	1	1	4
a	61.0405	547	1	1	4
a	61.091	548	1	1	5
a	61.1554	549	1	1	6
d	61.1799	542	1	1	7
s	61.1799	543	1	1	6
a	61.2078	550	1	1	6
d	61.2658	543	1	1	7
s	61.2658	544	1	1	6
d	61.2804	544	1	1	6
s	61.2804	545	1	1	5
d	61.4773	545	1	1	5
s	61.4773	546	1	1	4
d	61.6092	546	1	1	4
s	61.6092	547	1	1	3
a	61.664	551	1	1	3
a	61.7066	552	1	1	4
d	61.7323	547	1	1	5
s	61.7323	548	1	1	4
d	61.7365	548	1	1	4
s	61.7365	549	1	1	3
a	61.7707	553	1	1	3
d	61.7864	549	1	1	4
s	61.7864	550	1	1	3
a	61.7972	554	1	1	3
a	61.8195	555	1	1	4
a	61.853	556	1	1	5
d	61.8725	550	1	1	6
s	61.8725	551	1	1	5
d	61.9386	551	1	1	5
s	61.9386	552	1	1	4
a	62.0749	557	1	1	4
d	62.3294	552	1	1	5
s	62.3294	553	1	1	4
d	62.3584	553	1	1	4
s	62.3584	554	1	1	3
d	62.4681	554	1	1	3
s	62.4681	555	1	1	2
d	62.4784	555	1	1	2
s	62.4784	556	1	1	1
d	62.5555	556	1	1	1
s	62.5555	557	1	1	0
d	62.5819	557	0	0
a	62.6264	558	0	0	0
s	62.6264	558	1	0	0
a	62.6775	559	1	0	0
s	62.6775	559	1	1	0
a	62.72	560	1	1	0
a	62.7235	561	1	1	1
a	62.8004	562	1	1	2
a	62.839	563	1	1	3
a	62.9862	564	1	1	4
a	63.0079	565	1	1	5
d	63.0498	559	1	1	6
s	63.0498	560	1	1	5
a	63.0564	566	1	1	5
d	63.1014	560	1	1	6
s	63.1014	561	1	1	5
d	63.1183	561	1	1	5
s	63.1183	562	1	1	4
d	63.1959	562	1	1	4
s	63.1959	563	1	1	3
a	63.2045	567	1	1	3
d	63.2249	563	1	1	4
s	63.2249	564	1	1	3
a	63.3207	568	1	1	3
a	63.403	569	1	1	4
a	63.455	570	1	1	5
a	63.5557	571	1	1	6
d	63.6483	564	1	1	7
s	63.6483	565	1	1	6
a	63.6622	572	1	1	6
a	63.8002	573	1	1	7
a	63.8575	574	1	1	8
a	63.8713	575	1	1	9
a	63.9645	576	1	1	10
a	63.9724	577	1	1	11
d	64.0073	565	1	1	12
s	64.0073	566	1	1	11
d	64.0702	566	1	1	11
s	64.0702	567	1	1	10
a	64.079	578	1	1	10
a	64.0819	579	1	1	11
a	64.098	580	1	1	12
a	64.1899	581	1	1	13
a	64.2296	582	1	1	14
a	64.3518	583	1	1	15
a	64.4081	584	1	1	16
a	64.4854	585	1	1	17
d	64.53	567	1	1	18
s	64.53	568	1	1	17
a	64.5499	586	1	1	17
a	64.658	587	1	1	18
a	64.8198	588	1	1	19
a	64.827	589	1	1	20
a	64.8438	590	1	1	21
a	64.8479	591	1	1	22
d	64.8544	568	1	1	23
s	64.8544	569	1	1	22
a	64.903	592	1	1	22
d	64.9082	569	1	1	23
s	64.9082	570	1	1	22
d	64.9981	570	1	1	22
s	64.9981	571	1	1	21
d	65.1167	571	1	1	21
s	65.1167	572	1	1	20
d	65.1863	572	1	1	20
s	65.1863	573	1	1	19
a	65.1887	593	1	1	19
a	65.2036	594	1	1	20
a	65.3358	595	1	1	21
a	65.3632	596	1	1	22
a	65.3709	597	1	1	23
a	65.4298	598	1	1	24
d	65.4388	573	1	1	25
s	65.4388	574	1	1	24
d	65.5664	574	1	1	24
s	65.5664	575	1	1	23
a	65.6	599	1	1	23
a	65.6149	600	1	1	24
d	65.6242	575	1	1	25
s	65.6242	576	1	1	24
d	65.7442	576	1	1	24
s	65.7442	577	1	1	23
a	65.7689	601	1	1	23
d	65.776	577	1	1	24
s	65.776	578	1	1	23
a	65.7848	602	1	1	23
d	65.9225	578	1	1	24
s	65.9225	579	1	1	23
a	65.9689	603	1	1	23
a	65.9819	604	1	1	24
d	66.0031	579	1	1	25
s	66.0031	580	1	1	24
a	66.0435	605	1	1	24
a	66.044	606	1	1	25
d	66.3579	580	1	1	26
s	66.3579	581	1	1	25
a	66.358	607	1	1	25
d	66.4059	581	1	1	26
s	66.4059	582	1	1	25
a	66.509	608	1	1	25
d	66.5832	582	1	1	26
s	66.5832	583	1	1	25
d	66.7295	583	1	1	25
s	66.7295	584	1	1	24
a	66.7483	609	1	1	24
a	66.7528	610	1	1	25
d	66.7998	584	1	1	26
s	66.7998	585	1	1	25
d	67.0529	585	1	1	25
s	67.0529	586	1	1	24
a	67.0873	611	1	1	24
d	67.1615	586	1	1	25
s	67.1615	587	1	1	24
d	67.2277	587	1	1	24
s	67.2277	588	1	1	23
a	67.2288	612	1	1	23
d	67.2989	588	1	1	24
s	67.2989	589	1	1	23
d	67.3068	589	1	1	23
s	67.3068	590	1	1	22
a	67.3273	613	1	1	22
d	67.3577	590	1	1	23
s	67.3577	591	1	1	22
d	67.432	591	1	1	22
s	67.432	592	1	1	21
a	67.464	614	1	1	21
a	67.4696	615	1	1	22
d	67.5232	592	1	1	23
s	67.5232	593	1	1	22
a	67.5363	616	1	1	22
d	67.5412	593	1	1	23
s	67.5412	594	1	1	22
a	67.5619	617	1	1	22
d	67.5633	594	1	1	23
s	67.5633	595	1	1	22
d	67.5773	595	1	1	22
s	67.5773	596	1	1	21
a	67.62	618	1	1	21
a	67.627	619	1	1	22
d	67.6918	596	1	1	23
s	67.6918	597	1	1	22
d	67.6977	597	1	1	22
s	67.6977	598	1	1	21
d	67.7307	598	1	1	21
s	67.7307	599	1	1	20
a	67.7733	620	1	1	20
a	67.8017	621	1	1	21
a	67.8849	622	1	1	22
d	67.9365	599	1	1	23
s	67.9365	600	1	1	22
a	68.078	623	1	1	22
d	68.299	600	1	1	23
s	68.299	601	1	1	22
d	68.3778	601	1	1	22
s	68.3778	602	1	1	21
d	68.3926	602	1	1	21
s	68.3926	603	1	1	20
a	68.4312	624	1	1	20
d	68.592	603	1	1	21
s	68.592	604	1	1	20
d	68.7468	604	1	1	20
s	68.7468	605	1	1	19
d	68.7668	605	1	1	19
s	68.7668	606	1	1	18
d	68.7894	606	1	1	18
s	68.7894	607	1	1	17
d	68.8143	607	1	1	17
s	68.8143	608	1	1	16
d	68.8561	608	1	1	16
s	68.8561	609	1	1	15
a	68.9019	625	1	1	15
a	68.9293	626	1	1	16
a	68.9383	627	1	1	17
a	68.9574	628	1	1	18
d	68.9769	609	1	1	19
s	68.9769	610	1	1	18
d	69.0465	610	1	1	18
s	69.0465	611	1	1	17
a	69.1148	629	1	1	17
a	69.4016	630	1	1	18
d	69.4237	611	1	1	19
s	69.4237	612	1	1	18
d	69.5269	612	1	1	18
s	69.5269	613	1	1	17
d	69.5604	613	1	1	17
s	69.5604	614	1	1	16
d	69.6496	614	1	1	16
s	69.6496	615	1	1	15
a	69.7879	631	1	1	15
d	69.8209	615	1	1	16
s	69.8209	616	1	1	15
a	69.9225	632	1	1	15
a	69.9552	633	1	1	16
d	69.9912	616	1	1	17
s	69.9912	617	1	1	16
a	70.1779	634	1	1	16
a	70.2494	635	1	1	17
d	70.2755	617	1	1	18
s	70.2755	618	1	1	17
d	70.297	618	1	1	17
s	70.297	619	1	1	16
a	70.3633	636	1	1	16
a	70.375	637	1	1	17
d	70.481	619	1	1	18
s	70.481	620	1	1	17
a	70.6002	638	1	1	17
a	70.7898	639	1	1	18
a	70.8121	640	1	1	19
d	70.8343	620	1	1	20
s	70.8343	621	1	1	19
d	70.8904	621	1	1	19
s	70.8904	622	1	1	18
a	70.9665	641	1	1	18
d	70.9962	622	1	1	19
s	70.9962	623	1	1	18
a	71.035	642	1	1	18
d	71.037	623	1	1	19
s	71.037	624	1	1	18
d	71.044	624	1	1	18
s	71.044	625	1	1	17
d	71.0497	625	1	1	17
s	71.0497	626	1	1	16
a	71.0504	643	1	1	16
a	71.2588	644	1	1	17
d	71.2749	626	1	1	18
s	71.2749	627	1	1	17
d	71.2971	627	1	1	17
s	71.2971	628	1	1	16
d	71.3082	628	1	1	16
s	71.3082	629	1	1	15
a	71.3236	645	1	1	15
a	71.3388	646	1	1	16
a	71.3605	647	1	1	17
a	71.4657	648	1	1	18
a	71.5323	649	1	1	19
d	71.5706	629	1	1	20
s	71.5706	630	1	1	19
a	71.5765	650	1	1	19
d	71.6503	630	1	1	20
s	71.6503	631	1	1	19
d	71.6555	631	1	1	19
s	71.6555	632	1	1	18
d	71.6573	632	1	1	18
s	71.6573	633	1	1	17
d	71.689	633	1	1	17
s	71.689	634	1	1	16
a	71.7174	651	1	1	16
d	71.741	634	1	1	17
s	71.741	635	1	1	16
a	71.8619	652	1	1	16
d	71.9435	635	1	1	17
s	71.9435	636	1	1	16
d	71.9945	636	1	1	16
s	71.9945	637	1	1	15
a	72.0419	653	1	1	15
d	72.0664	637	1	1	16
s	72.0664	638	1	1	15
a	72.1569	654	1	1	15
d	72.2134	638	1	1	16
s	72.2134	639	1	1	15
a	72.2388	655	1	1	15
a	72.2447	656	1	1	16
d	72.2502	639	1	1	17
s	72.2502	640	1	1	16
d	72.252	640	1	1	16
s	72.252	641	1	1	15
a	72.289	657	1	1	15
a	72.3631	658	1	1	16
d	72.3957	641	1	1	17
s	72.3957	642	1	1	16
d	72.4065	642	1	1	16
s	72.4065	643	1	1	15
d	72.479	643	1	1	15
s	72.479	644	1	1	14
a	72.5236	659	1	1	14
d	72.5909	644	1	1	15
s	72.5909	645	1	1	14
a	72.5926	660	1	1	14
d	72.647	645	1	1	15
s	72.647	646	1	1	14
a	72.7136	661	1	1	14
d	72.7525	646	1	1	15
s	72.7525	647	1	1	14
d	72.8763	647	1	1	14
s	72.8763	648	1	1	13
a	72.911	662	1	1	13
a	72.9199	663	1	1	14
a	72.9534	664	1	1	15
a	72.9773	665	1	1	16
a	73.025	666	1	1	17
d	73.028	648	1	1	18
s	73.028	649	1	1	17
a	73.0668	667	1	1	17
a	73.0963	668	1	1	18
d	73.1589	649	1	1	19
s	73.1589	650	1	1	18
d	73.1915	650	1	1	18
s	73.1915	651	1	1	17
d	73.2067	651	1	1	17
s	73.2067	652	1	1	16
d	73.3141	652	1	1	16
s	73.3141	653	1	1	15
a	73.401	669	1	1	15
a	73.4816	670	1	1	16
d	73.6256	653	1	1	17
s	73.6256	654	1	1	16
d	73.6433	654	1	1	16
s	73.6433	655	1	1	15
d	73.6913	655	1	1	15
s	73.6913	656	1	1	14
d	73.7529	656	1	1	14
s	73.7529	657	1	1	13
d	73.8033	657	1	1	13
s	73.8033	658	1	1	12
d	73.8597	658	1	1	12
s	73.8597	659	1	1	11
d	73.8849	659	1	1	11
s	73.8849	660	1	1	10
a	73.912	671	1	1	10
d	73.9295	660	1	1	11
s	73.9295	661	1	1	10
a	73.9521	672	1	1	10
d	73.957	661	1	1	11
s	73.957	662	1	1	10
a	73.9679	673	1	1	10
a	74.0633	674	1	1	11
a	74.09	675	1	1	12
d	74.1415	662	1	1	13
s	74.1415	663	1	1	12
d	74.224	663	1	1	12
s	74.224	664	1	1	11
a	74.5171	676	1	1	11
d	74.5406	664	1	1	12
s	74.5406	665	1	1	11
a	74.5927	677	1	1	11
d	74.6719	665	1	1	12
s	74.6719	666	1	1	11
d	74.8126	666	1	1	11
s	74.8126	667	1	1	10
d	74.8144	667	1	1	10
s	74.8144	668	1	1	9
d	74.8824	668	1	1	9
s	74.8824	669	1	1	8
a	74.8909	678	1	1	8
d	74.931	669	1	1	9
s	74.931	670	1	1	8
d	75.0311	670	1	1	8
s	75.0311	671	1	1	7
d	75.0356	671	1	1	7
s	75.0356	672	1	1	6
d	75.0507	672	1	1	6
s	75.0507	673	1	1	5
d	75.1593	673	1	1	5
s	75.1593	674	1	1	4
a	75.1848	679	1	1	4
d	75.3012	674	1	1	5
s	75.3012	675	1	1	4
a	75.3225	680	1	1	4
a	75.3234	681	1	1	5
a	75.5187	682	1	1	6
d	75.5989	675	1	1	7
s	75.5989	676	1	1	6
d	75.7503	676	1	1	6
s	75.7503	677	1	1	5
a	75.8159	683	1	1	5
a	75.8425	684	1	1	6
d	75.8704	677	1	1	7
s	75.8704	678	1	1	6
a	75.8904	685	1	1	6
a	76.0389	686	1	1	7
d	76.1184	678	1	1	8
s	76.1184	679	1	1	7
a	76.2602	687	1	1	7
d	76.271	679	1	1	8
s	76.271	680	1	1	7
a	76.3242	688	1	1	7
a	76.3751	689	1	1	8
d	76.4434	680	1	1	9
s	76.4434	681	1	1	8
d	76.5225	681	1	1	8
s	76.5225	682	1	1	7
d	76.5501	682	1	1	7
s	76.5501	683	1	1	6
a	76.6235	690	1	1	6
d	76.6598	683	1	1	7
s	76.6598	684	1	1	6
d	76.7862	684	1	1	6
s	76.7862	685	1	1	5
d	76.8227	685	1	1	5
s	76.8227	686	1	1	4
d	76.8362	686	1	1	4
s	76.8362	687	1	1	3
d	76.8929	687	1	1	3
s	76.8929	688	1	1	2
d	76.907	688	1	1	2
s	76.907	689	1	1	1
a	76.941	691	1	1	1
a	76.9665	692	1	1	2
a	76.9665	693	1	1	3
a	77.017	694	1	1	4
a	77.0703	695	1	1	5
a	77.128	696	1	1	6
d	77.1581	689	1	1	7
s	77.1581	690	1	1	6
a	77.1861	697	1	1	6
a	77.1884	698	1	1	7
d	77.3219	690	1	1	8
s	77.3219	691	1	1	7
a	77.351	699	1	1	7
a	77.51	700	1	1	8
d	77.6382	691	1	1	9
s	77.6382	692	1	1	8
a	77.6618	701	1	1	8
a	77.6873	702	1	1	9
d	77.7282	692	1	1	10
s	77.7282	693	1	1	9
d	77.7387	693	1	1	9
s	77.7387	694	1	1	8
a	77.8318	703	1	1	8
d	77.8356	694	1	1	9
s	77.8356	695	1	1	8
a	77.8671	704	1	1	8
d	77.9934	695	1	1	9
s	77.9934	696	1	1	8
d	78.0437	696	1	1	8
s	78.0437	697	1	1	7
d	78.1475	697	1	1	7
s	78.1475	698	1	1	6
a	78.1936	705	1	1	6
a	78.2384	706	1	1	7
a	78.2411	707	1	1	8
d	78.2494	698	1	1	9
s	78.2494	699	1	1	8
d	78.2604	699	1	1	8
s	78.2604	700	1	1	7
d	78.3662	700	1	1	7
s	78.3662	701	1	1	6
d	78.371	701	1	1	6
s	78.371	702	1	1	5
a	78.4076	708	1	1	5
d	78.4118	702	1	1	6
s	78.4118	703	1	1	5
d	78.5382	703	1	1	5
s	78.5382	704	1	1	4
a	78.5855	709	1	1	4
d	78.6417	704	1	1	5
s	78.6417	705	1	1	4
a	78.6556	710	1	1	4
d	78.7651	705	1	1	5
s	78.7651	706	1	1	4
a	78.8238	711	1	1	4
d	78.9958	706	1	1	5
s	78.9958	707	1	1	4
d	79.0301	707	1	1	4
s	79.0301	708	1	1	3
d	79.0471	708	1	1	3
s	79.0471	709	1	1	2
a	79.0725	712	1	1	2
d	79.0869	709	1	1	3
s	79.0869	710	1	1	2
a	79.0946	713	1	1	2
a	79.1736	714	1	1	3
a	79.2295	715	1	1	4
a	79.2369	716	1	1	5
a	79.3742	717	1	1	6
a	79.4299	718	1	1	7
a	79.4623	719	1	1	8
a	79.4773	720	1	1	9
a	79.4875	721	1	1	10
a	79.5082	722	1	1	11
a	79.5639	723	1	1	12
d	79.6024	710	1	1	13
s	79.6024	711	1	1	12
d	79.6267	711	1	1	12
s	79.6267	712	1	1	11
a	79.6959	724	1	1	11
a	79.7638	725	1	1	12
a	79.8052	726	1	1	13
d	79.8164	712	1	1	14
s	79.8164	713	1	1	13
d	79.8171	713	1	1	13
s	79.8171	714	1	1	12
a	79.9085	727	1	1	12
a	80.0072	728	1	1	13
d	80.0454	714	1	1	14
s	80.0454	715	1	1	13
d	80.0829	715	1	1	13
s	80.0829	716	1	1	12
d	80.218	716	1	1	12
s	80.218	717	1	1	11
d	80.3958	717	1	1	11
s	80.3958	718	1	1	10
a	80.4067	729	1	1	10
d	80.5434	718	1	1	11
s	80.5434	719	1	1	10
d	80.5582	719	1	1	10
s	80.5582	720	1	1	9
d	80.5852	720	1	1	9
s	80.5852	721	1	1	8
a	80.5918	730	1	1	8
a	80.6726	731	1	1	9
d	80.8897	721	1	1	10
s	80.8897	722	1	1	9
d	80.8936	722	1	1	9
s	80.8936	723	1	1	8
a	80.9926	732	1	1	8
a	81.0559	733	1	1	9
a	81.0602	734	1	1	10
a	81.1219	735	1	1	11
a	81.1363	736	1	1	12
d	81.1402	723	1	1	13
s	81.1402	724	1	1	12
d	81.231	724	1	1	12
s	81.231	725	1	1	11
a	81.2357	737	1	1	11
a	81.2821	738	1	1	12
a	81.3037	739	1	1	13
a	81.31	740	1	1	14
d	81.3193	725	1	1	15
s	81.3193	726	1	1	14
a	81.4502	741	1	1	14
a	81.504	742	1	1	15
a	81.8381	743	1	1	16
a	81.8849	744	1	1	17
d	81.93	726	1	1	18
s	81.93	727	1	1	17
d	81.9347	727	1	1	17
s	81.9347	728	1	1	16
a	81.9808	745	1	1	16
d	81.9851	728	1	1	17
s	81.9851	729	1	1	16
d	82.0732	729	1	1	16
s	82.0732	730	1	1	15
a	82.1592	746	1	1	15
d	82.1809	730	1	1	16
s	82.1809	731	1	1	15
d	82.2022	731	1	1	15
s	82.2022	732	1	1	14
a	82.2117	747	1	1	14
a	82.4619	748	1	1	15
a	82.5652	749	1	1	16
a	82.7079	750	1	1	17
d	82.735	732	1	1	18
s	82.735	733	1	1	17
d	82.7543	733	1	1	17
s	82.7543	734	1	1	16
d	82.7702	734	1	1	16
s	82.7702	735	1	1	15
a	82.8357	751	1	1	15
d	82.8868	735	1	1	16
s	82.8868	736	1	1	15
d	82.944	736	1	1	15
s	82.944	737	1	1	14
a	83.0158	752	1	1	14
a	83.0163	753	1	1	15
d	83.0197	737	1	1	16
s	83.0197	738	1	1	15
a	83.1093	754	1	1	15
d	83.1195	738	1	1	16
s	83.1195	739	1	1	15
a	83.206	755	1	1	15
d	83.215	739	1	1	16
s	83.215	740	1	1	15
d	83.228	740	1	1	15
s	83.228	741	1	1	14
a	83.2664	756	1	1	14
d	83.3367	741	1	1	15
s	83.3367	742	1	1	14
d	83.3417	742	1	1	14
s	83.3417	743	1	1	13
a	83.3701	757	1	1	13
d	83.4092	743	1	1	14
s	83.4092	744	1	1	13
d	83.4589	744	1	1	13
s	83.4589	745	1	1	12
a	83.4669	758	1	1	12
d	83.4842	745	1	1	13
s	83.4842	746	1	1	12
d	83.6731	746	1	1	12
s	83.6731	747	1	1	11
a	83.7426	759	1	1	11
d	83.8302	747	1	1	12
s	83.8302	748	1	1	11
d	83.945	748	1	1	11
s	83.945	749	1	1	10
a	84.0134	760	1	1	10
d	84.0201	749	1	1	11
s	84.0201	750	1	1	10
a	84.0649	761	1	1	10
d	84.1301	750	1	1	11
s	84.1301	751	1	1	10
d	84.1788	751	1	1	10
s	84.1788	752	1	1	9
a	84.3465	762	1	1	9
d	84.3734	752	1	1	10
s	84.3734	753	1	1	9
d	84.3927	753	1	1	9
s	84.3927	754	1	1	8
d	84.475	754	1	1	8
s	84.475	755	1	1	7
d	84.4756	755	1	1	7
s	84.4756	756	1	1	6
a	84.4877	763	1	1	6
d	84.6265	756	1	1	7
s	84.6265	757	1	1	6
d	84.6921	757	1	1	6
s	84.6921	758	1	1	5
a	84.7357	764	1	1	5
d	84.8251	758	1	1	6
s	84.8251	759	1	1	5
d	84.8802	759	1	1	5
s	84.8802	760	1	1	4
d	84.9063	760	1	1	4
s	84.9063	761	1	1	3
d	85.1293	761	1	1	3
s	85.1293	762	1	1	2
d	85.1324	762	1	1	2
s	85.1324	763	1	1	1
d	85.232	763	1	1	1
s	85.232	764	1	1	0
d	85.2421	764	0	0
a	85.2815	765	0	0	0
s	85.2815	765	1	0	0
d	85.3466	765	0	0
a	85.4484	766	0	0	0
s	85.4484	766	1	0	0
a	85.5303	767	1	0	0
s	85.5303	767	1	1	0
a	85.6282	768	1	1	0
d	85.6472	767	1	1	1
s	85.6472	768	1	1	0
a	85.658	769	1	1	0
d	85.6645	768	1	1	1
s	85.6645	769	1	1	0
d	85.7495	769	0	0
a	85.7629	770	0	0	0
s	85.7629	770	1	0	0
d	85.7952	770	0	0
a	85.7971	771	0	0	0
s	85.7971	771	1	0	0
d	86.0364	771	0	0
a	86.0754	772	0	0	0
s	86.0754	772	1	0	0
a	86.0938	773	1	0	0
s	86.0938	773	1	1	0
d	86.1388	773	0	0
a	86.2075	774	0	0	0
s	86.2075	774	1	0	0
d	86.2819	774	0	0
a	86.4697	775	0	0	0
s	86.4697	775	1	0	0
d	86.5576	775	0	0
a	86.6552	776	0	0	0
s	86.6552	776	1	0	0
a	86.6653	777	1	0	0
s	86.6653	777	1	1	0
a	86.7953	778	1	1	0
d	86.8125	777	1	1	1
s	86.8125	778	1	1	0
d	86.92	778	0	0
a	87.003	779	0	0	0
s	87.003	779	1	0	0
a	87.1475	780	1	0	0
s	87.1475	780	1	1	0
d	87.3055	780	0	0
a	87.3428	781	0	0	0
s	87.3428	781	1	0	0
d	87.4521	781	0	0
a	87.6458	782	0	0	0
s	87.6458	782	1	0	0
a	87.6499	783	1	0	0
s	87.6499	783	1	1	0
d	87.6711	783	0	0
a	87.7395	784	0	0	0
s	87.7395	784	1	0	0
d	87.7486	784	0	0
a	87.9305	785	0	0	0
s	87.9305	785	1	0	0
d	88.0035	785	0	0
a	88.0139	786	0	0	0
s	88.0139	786	1	0	0
d	88.0497	786	0	0
a	88.1686	787	0	0	0
s	88.1686	787	1	0	0
d	88.1751	787	0	0
a	88.311	788	0	0	0
s	88.311	788	1	0	0
a	88.3327	789	1	0	0
s	88.3327	789	1	1	0
d	88.3526	789	0	0
a	88.3841	790	0	0	0
s	88.3841	790	1	0	0
d	88.407	790	0	0
a	88.9323	791	0	0	0
s	88.9323	791	1	0	0
d	89.0666	791	0	0
a	89.07	792	0	0	0
s	89.07	792	1	0	0
d	89.0748	792	0	0
a	89.0868	793	0	0	0
s	89.0868	793	1	0	0
a	89.1253	794	1	0	0
s	89.1253	794	1	1	0
a	89.1344	795	1	1	0
a	89.2134	796	1	1	1
d	89.2615	794	1	1	2
s	89.2615	795	1	1	1
d	89.2806	795	1	1	1
s	89.2806	796	1	1	0
a	89.4766	797	1	1	0
d	89.5374	796	1	1	1
s	89.5374	797	1	1	0
a	89.6171	798	1	1	0
d	89.6331	797	1	1	1
s	89.6331	798	1	1	0
a	89.6661	799	1	1	0
d	89.6995	798	1	1	1
s	89.6995	799	1	1	0
a	89.7595	800	1	1	0
a	89.7623	801	1	1	1
d	89.8956	799	1	1	2
s	89.8956	800	1	1	1
a	90.0507	802	1	1	1
a	90.0606	803	1	1	2
a	90.1592	804	1	1	3
a	90.1904	805	1	1	4
a	90.3763	806	1	1	5
d	90.4217	800	1	1	6
s	90.4217	801	1	1	5
d	90.5077	801	1	1	5
s	90.5077	802	1	1	4
d	90.5466	802	1	1	4
s	90.5466	803	1	1	3
d	90.6106	803	1	1	3
s	90.6106	804	1	1	2
d	90.6299	804	1	1	2
s	90.6299	805	1	1	1
a	90.6302	807	1	1	1
d	90.6477	805	1	1	2
s	90.6477	806	1	1	1
d	90.7171	806	1	1	1
s	90.7171	807	1	1	0
d	90.731	807	0	0
a	90.7751	808	0	0	0
s	90.7751	808	1	0	0
a	90.7784	809	1	0	0
s	90.7784	809	1	1	0
d	90.8403	809	0	0
a	90.9463	810	0	0	0
s	90.9463	810	1	0	0
a	91.1226	811	1	0	0
s	91.1226	811	1	1	0
d	91.2847	811	0	0
a	91.3054	812	0	0	0
s	91.3054	812	1	0	0
a	91.3103	813	1	0	0
s	91.3103	813	1	1	0
a	91.344	814	1	1	0
d	91.3625	813	1	1	1
s	91.3625	814	1	1	0
d	91.4011	814	0	0
a	91.4798	815	0	0	0
s	91.4798	815	1	0	0
a	91.489	816	1	0	0
s	91.489	816	1	1	0
d	91.4964	816	0	0
a	91.5078	817	0	0	0
s	91.5078	817	1	0	0
d	91.6429	817	0	0
a	91.7577	818	0	0	0
s	91.7577	818	1	0	0
a	91.769	819	1	0	0
s	91.769	819	1	1	0
a	91.7816	820	1	1	0
a	91.8953	821	1	1	1
a	91.9002	822	1	1	2
d	91.9598	819	1	1	3
s	91.9598	820	1	1	2
a	92.0072	823	1	1	2
a	92.0494	824	1	1	3
a	92.0626	825	1	1	4
d	92.0702	820	1	1	5
s	92.0702	821	1	1	4
d	92.1539	821	1	1	4
s	92.1539	822	1	1	3
a	92.1701	826	1	1	3
d	92.1932	822	1	1	4
s	92.1932	823	1	1	3
d	92.266	823	1	1	3
s	92.266	824	1	1	2
a	92.3168	827	1	1	2
d	92.3299	824	1	1	3
s	92.3299	825	1	1	2
a	92.3413	828	1	1	2
d	92.353	825	1	1	3
s	92.353	826	1	1	2
a	92.3738	829	1	1	2
a	92.3948	830	1	1	3
d	92.425	826	1	1	4
s	92.425	827	1	1	3
a	92.4594	831	1	1	3
d	92.5528	827	1	1	4
s	92.5528	828	1	1	3
a	92.577	832	1	1	3
a	92.5873	833	1	1	4
a	92.6174	834	1	1	5
a	92.7283	835	1	1	6
d	92.8444	828	1	1	7
s	92.8444	829	1	1	6
a	92.8688	836	1	1	6
a	92.9939	837	1	1	7
d	92.9998	829	1	1	8
s	92.9998	830	1	1	7
d	93.0125	830	1	1	7
s	93.0125	831	1	1	6
d	93.1516	831	1	1	6
s	93.1516	832	1	1	5
d	93.2422	832	1	1	5
s	93.2422	833	1	1	4
a	93.3264	838	1	1	4
a	93.3412	839	1	1	5
a	93.3965	840	1	1	6
a	93.4236	841	1	1	7
d	93.4354	833	1	1	8
s	93.4354	834	1	1	7
d	93.5149	834	1	1	7
s	93.5149	835	1	1	6
d	93.5421	835	1	1	6
s	93.5421	836	1	1	5
a	93.6042	842	1	1	5
d	93.6257	836	1	1	6
s	93.6257	837	1	1	5
d	93.6475	837	1	1	5
s	93.6475	838	1	1	4
a	93.6544	843	1	1	4
a	93.7801	844	1	1	5
a	93.7842	845	1	1	6
d	93.8221	838	1	1	7
s	93.8221	839	1	1	6
a	93.8224	846	1	1	6
a	93.8388	847	1	1	7
d	93.9843	839	1	1	8
s	93.9843	840	1	1	7
d	94.014	840	1	1	7
s	94.014	841	1	1	6
a	94.1778	848	1	1	6
d	94.3463	841	1	1	7
s	94.3463	842	1	1	6
a	94.4038	849	1	1	6
a	94.4697	850	1	1	7
a	94.5323	851	1	1	8
d	94.5959	842	1	1	9
s	94.5959	843	1	1	8
a	94.6022	852	1	1	8
d	94.7479	843	1	1	9
s	94.7479	844	1	1	8
d	94.8667	844	1	1	8
s	94.8667	845	1	1	7
a	94.8869	853	1	1	7
a	94.9856	854	1	1	8
d	95.1409	845	1	1	9
s	95.1409	846	1	1	8
a	95.2092	855	1	1	8
a	95.2311	856	1	1	9
d	95.2789	846	1	1	10
s	95.2789	847	1	1	9
a	95.3062	857	1	1	9
a	95.3076	858	1	1	10
a	95.3173	859	1	1	11
d	95.4103	847	1	1	12
s	95.4103	848	1	1	11
d	95.536	848	1	1	11
s	95.536	849	1	1	10
a	95.5513	860	1	1	10
d	95.5707	849	1	1	11
s	95.5707	850	1	1	10
a	95.6349	861	1	1	10
d	95.6929	850	1	1	11
s	95.6929	851	1	1	10
a	95.7533	862	1	1	10
d	95.7573	851	1	1	11
s	95.7573	852	1	1	10
a	95.7766	863	1	1	10
d	95.8232	852	1	1	11
s	95.8232	853	1	1	10
d	95.842	853	1	1	10
s	95.842	854	1	1	9
d	95.901	854	1	1	9
s	95.901	855	1	1	8
a	96.0764	864	1	1	8
d	96.1276	855	1	1	9
s	96.1276	856	1	1	8
d	96.1331	856	1	1	8
s	96.1331	857	1	1	7
a	96.1513	865	1	1	7
d	96.1655	857	1	1	8
s	96.1655	858	1	1	7
a	96.2342	866	1	1	7
a	96.2436	867	1	1	8
d	96.2451	858	1	1	9
s	96.2451	859	1	1	8
a	96.3103	868	1	1	8
a	96.324	869	1	1	9
d	96.3458	859	1	1	10
s	96.3458	860	1	1	9
a	96.3702	870	1	1	9
a	96.4456	871	1	1	10
d	96.5558	860	1	1	11
s	96.5558	861	1	1	10
d	96.6831	861	1	1	10
s	96.6831	862	1	1	9
a	96.6884	872	1	1	9
a	96.7144	873	1	1	10
d	96.7436	862	1	1	11
s	96.7436	863	1	1	10
d	96.7589	863	1	1	10
s	96.7589	864	1	1	9
d	96.7884	864	1	1	9
s	96.7884	865	1	1	8
a	96.8251	874	1	1	8
d	96.8652	865	1	1	9
s	96.8652	866	1	1	8
a	96.9388	875	1	1	8
d	96.9468	866	1	1	9
s	96.9468	867	1	1	8
a	96.9982	876	1	1	8
d	97.0439	867	1	1	9
s	97.0439	868	1	1	8
a	97.0491	877	1	1	8
d	97.1023	868	1	1	9
s	97.1023	869	1	1	8
d	97.1201	869	1	1	8
s	97.1201	870	1	1	7
a	97.1301	878	1	1	7
d	97.2885	870	1	1	8
s	97.2885	871	1	1	7
d	97.5099	871	1	1	7
s	97.5099	872	1	1	6
a	97.6451	879	1	1	6
a	97.8125	880	1	1	7
d	97.8302	872	1	1	8
s	97.8302	873	1	1	7
d	97.9193	873	1	1	7
s	97.9193	874	1	1	6
d	97.9539	874	1	1	6
s	97.9539	875	1	1	5
a	97.9639	881	1	1	5
d	98.0354	875	1	1	6
s	98.0354	876	1	1	5
d	98.0963	876	1	1	5
s	98.0963	877	1	1	4
d	98.1117	877	1	1	4
s	98.1117	878	1	1	3
d	98.1332	878	1	1	3
s	98.1332	879	1	1	2
a	98.188	882	1	1	2
a	98.1968	883	1	1	3
d	98.2854	879	1	1	4
s	98.2854	880	1	1	3
a	98.3257	884	1	1	3
a	98.3812	885	1	1	4
d	98.4798	880	1	1	5
s	98.4798	881	1	1	4
d	98.4843	881	1	1	4
s	98.4843	882	1	1	3
d	98.5464	882	1	1	3
s	98.5464	883	1	1	2
d	98.6414	883	1	1	2
s	98.6414	884	1	1	1
a	98.8898	886	1	1	1
a	99.0497	887	1	1	2
a	99.0632	888	1	1	3
d	99.0805	884	1	1	4
s	99.0805	885	1	1	3
a	99.1214	889	1	1	3
d	99.2685	885	1	1	4
s	99.2685	886	1	1	3
d	99.331	886	1	1	3
s	99.331	887	1	1	2
d	99.3397	887	1	1	2
s	99.3397	888	1	1	1
d	99.3824	888	1	1	1
s	99.3824	889	1	1	0
d	99.5318	889	0	0
a	99.5772	890	0	0	0
s	99.5772	890	1	0	0
a	99.581	891	1	0	0
s	99.581	891	1	1	0
a	99.683	892	1	1	0
a	99.7586	893	1	1	1
d	99.8143	891	1	1	2
s	99.8143	892	1	1	1
a	99.8801	894	1	1	1
d	99.9256	892	1	1	2
s	99.9256	893	1	1	1
a	99.9322	895	1	1	1
d	100.064	893	1	1	2
s	100.064	894	1	1	1
a	100.07	896	1	1	1
a	100.082	897	1	1	2
d	100.127	894	1	1	3
s	100.127	895	1	1	2
a	100.164	898	1	1	2
a	100.207	899	1	1	3
d	100.238	895	1	1	4
s	100.238	896	1	1	3
d	100.292	896	1	1	3
s	100.292	897	1	1	2
a	100.294	900	1	1	2
a	100.303	901	1	1	3
d	100.381	897	1	1	4
s	100.381	898	1	1	3
d	100.422	898	1	1	3
s	100.422	899	1	1	2
a	100.537	902	1	1	2
d	100.612	899	1	1	3
s	100.612	900	1	1	2
a	100.692	903	1	1	2
d	100.831	900	1	1	3
s	100.831	901	1	1	2
d	100.869	901	1	1	2
s	100.869	902	1	1	1
d	100.888	902	1	1	1
s	100.888	903	1	1	0
a	100.946	904	1	1	0
d	100.959	903	1	1	1
s	100.959	904	1	1	0
d	101.001	904	0	0
a	101.034	905	0	0	0
s	101.034	905	1	0	0
a	101.084	906	1	0	0
s	101.084	906	1	1	0
a	101.104	907	1	1	0
a	101.215	908	1	1	1
a	101.229	909	1	1	2
a	101.302	910	1	1	3
a	101.306	911	1	1	4
d	101.315	906	1	1	5
s	101.315	907	1	1	4
d	101.347	907	1	1	4
s	101.347	908	1	1	3
d	101.393	908	1	1	3
s	101.393	909	1	1	2
a	101.41	912	1	1	2
a	101.433	913	1	1	3
a	101.45	914	1	1	4
d	101.491	909	1	1	5
s	101.491	910	1	1	4
d	101.521	910	1	1	4
s	101.521	911	1	1	3
d	101.622	911	1	1	3
s	101.622	912	1	1	2
a	101.756	915	1	1	2
d	101.767	912	1	1	3
s	101.767	913	1	1	2
a	101.778	916	1	1	2
d	101.791	913	1	1	3
s	101.791	914	1	1	2
d	101.849	914	1	1	2
s	101.849	915	1	1	1
a	101.922	917	1	1	1
d	102.023	915	1	1	2
s	102.023	916	1	1	1
d	102.051	916	1	1	1
s	102.051	917	1	1	0
d	102.139	917	0	0
a	102.154	918	0	0	0
s	102.154	918	1	0	0
d	102.281	918	0	0
a	102.35	919	0	0	0
s	102.35	919	1	0	0
d	102.411	919	0	0
a	102.508	920	0	0	0
s	102.508	920	1	0	0
d	102.622	920	0	0
a	102.674	921	0	0	0
s	102.674	921	1	0	0
a	102.714	922	1	0	0
s	102.714	922	1	1	0
d	102.754	922	0	0
a	102.763	923	0	0	0
s	102.763	923	1	0	0
a	102.886	924	1	0	0
s	102.886	924	1	1	0
d	102.891	924	0	0
a	103.012	925	0	0	0
s	103.012	925	1	0	0
d	103.13	925	0	0
a	103.214	926	0	0	0
s	103.214	926	1	0	0
d	103.314	926	0	0
a	103.357	927	0	0	0
s	103.357	927	1	0	0
d	103.361	927	0	0
a	103.517	928	0	0	0
s	103.517	928	1	0	0
a	103.569	929	1	0	0
s	103.569	929	1	1	0
d	103.597	929	0	0
a	103.629	930	0	0	0
s	103.629	930	1	0	0
a	103.667	931	1	0	0
s	103.667	931	1	1	0
a	103.704	932	1	1	0
d	103.776	931	1	1	1
s	103.776	932	1	1	0
d	103.811	932	0	0
a	104.131	933	0	0	0
s	104.131	933	1	0	0
d	104.177	933	0	0
a	104.361	934	0	0	0
s	104.361	934	1	0	0
d	104.393	934	0	0
a	104.468	935	0	0	0
s	104.468	935	1	0	0
a	104.484	936	1	0	0
s	104.484	936	1	1	0
d	104.536	936	0	0
a	104.562	937	0	0	0
s	104.562	937	1	0	0
a	104.606	938	1	0	0
s	104.606	938	1	1	0
d	104.665	938	0	0
a	104.723	939	0	0	0
s	104.723	939	1	0	0
a	104.753	940	1	0	0
s	104.753	940	1	1	0
d	105.132	940	0	0
a	105.57	941	0	0	0
s	105.57	941	1	0	0
a	105.602	942	1	0	0
s	105.602	942	1	1	0
a	105.628	943	1	1	0
a	105.648	944	1	1	1
a	105.684	945	1	1	2
d	105.729	942	1	1	3
s	105.729	943	1	1	2
d	105.791	943	1	1	2
s	105.791	944	1	1	1
a	105.819	946	1	1	1
d	105.881	944	1	1	2
s	105.881	945	1	1	1
d	105.975	945	1	1	1
s	105.975	946	1	1	0
a	106.073	947	1	1	0
a	106.118	948	1	1	1
d	106.209	946	1	1	2
s	106.209	947	1	1	1
d	106.246	947	1	1	1
s	106.246	948	1	1	0
d	106.286	948	0	0
a	106.32	949	0	0	0
s	106.32	949	1	0	0
a	106.333	950	1	0	0
s	106.333	950	1	1	0
d	106.361	950	0	0
a	106.396	951	0	0	0
s	106.396	951	1	0	0
d	106.528	951	0	0
a	106.639	952	0	0	0
s	106.639	952	1	0	0
a	106.674	953	1	0	0
s	106.674	953	1	1	0
d	106.676	953	0	0
a	106.754	954	0	0	0
s	106.754	954	1	0	0
a	106.778	955	1	0	0
s	106.778	955	1	1	0
d	106.827	955	0	0
a	106.895	956	0	0	0
s	106.895	956	1	0	0
a	106.896	957	1	0	0
s	106.896	957	1	1	0
a	106.901	958	1	1	0
d	106.994	957	1	1	1
s	106.994	958	1	1	0
d	107.04	958	0	0
a	107.069	959	0	0	0
s	107.069	959	1	0	0
d	107.125	959	0	0
a	107.284	960	0	0	0
s	107.284	960	1	0	0
d	107.291	960	0	0
a	107.37	961	0	0	0
s	107.37	961	1	0	0
d	107.415	961	0	0
a	107.706	962	0	0	0
s	107.706	962	1	0	0
a	107.739	963	1	0	0
s	107.739	963	1	1	0
a	107.787	964	1	1	0
a	107.966	965	1	1	1
d	107.97	963	1	1	2
s	107.97	964	1	1	1
d	108.001	964	1	1	1
s	108.001	965	1	1	0
d	108.001	965	0	0
a	108.127	966	0	0	0
s	108.127	966	1	0	0
a	108.14	967	1	0	0
s	108.14	967	1	1	0
a	108.153	968	1	1	0
a	108.168	969	1	1	1
d	108.2	967	1	1	2
s	108.2	968	1	1	1
a	108.222	970	1	1	1
d	108.233	968	1	1	2
s	108.233	969	1	1	1
a	108.257	971	1	1	1
a	108.288	972	1	1	2
d	108.421	969	1	1	3
s	108.421	970	1	1	2
a	108.497	973	1	1	2
d	108.512	970	1	1	3
s	108.512	971	1	1	2
d	108.545	971	1	1	2
s	108.545	972	1	1	1
a	108.551	974	1	1	1
d	108.564	972	1	1	2
s	108.564	973	1	1	1
a	108.564	975	1	1	1
a	108.668	976	1	1	2
a	108.724	977	1	1	3
a	108.803	978	1	1	4
d	108.839	973	1	1	5
s	108.839	974	1	1	4
d	108.866	974	1	1	4
s	108.866	975	1	1	3
a	108.892	979	1	1	3
d	108.921	975	1	1	4
s	108.921	976	1	1	3
d	108.975	976	1	1	3
s	108.975	977	1	1	2
a	109.013	980	1	1	2
a	109.045	981	1	1	3
d	109.077	977	1	1	4
s	109.077	978	1	1	3
d	109.312	978	1	1	3
s	109.312	979	1	1	2
d	109.312	979	1	1	2
s	109.312	980	1	1	1
a	109.324	982	1	1	1
a	109.426	983	1	1	2
d	109.623	980	1	1	3
s	109.623	981	1	1	2
a	109.674	984	1	1	2
d	109.711	981	1	1	3
s	109.711	982	1	1	2
a	109.766	985	1	1	2
d	109.842	982	1	1	3
s	109.842	983	1	1	2
a	109.854	986	1	1	2
d	109.992	983	1	1	3
s	109.992	984	1	1	2
a	110.003	987	1	1	2
a	110.016	988	1	1	3
a	110.03	989	1	1	4
d	110.036	984	1	1	5
s	110.036	985	1	1	4
a	110.119	990	1	1	4
d	110.125	985	1	1	5
s	110.125	986	1	1	4
d	110.128	986	1	1	4
s	110.128	987	1	1	3
d	110.159	987	1	1	3
s	110.159	988	1	1	2
d	110.266	988	1	1	2
s	110.266	989	1	1	1
a	110.281	991	1	1	1
d	110.298	989	1	1	2
s	110.298	990	1	1	1
a	110.338	992	1	1	1
d	110.346	990	1	1	2
s	110.346	991	1	1	1
a	110.35	993	1	1	1
d	110.384	991	1	1	2
s	110.384	992	1	1	1
a	110.511	994	1	1	1
a	110.581	995	1	1	2
d	110.606	992	1	1	3
s	110.606	993	1	1	2
a	110.618	996	1	1	2
d	110.662	993	1	1	3
s	110.662	994	1	1	2
d	110.73	994	1	1	2
s	110.73	995	1	1	1
d	110.808	995	1	1	1
s	110.808	996	1	1	0
d	110.811	996	0	0
a	111.084	997	0	0	0
s	111.084	997	1	0	0
d	111.096	997	0	0
a	111.123	998	0	0	0
s	111.123	998	1	0	0
d	111.263	998	0	0
a	111.375	999	0	0	0
s	111.375	999	1	0	0
a	111.46	1000	1	0	0
s	111.46	1000	1	1	0
d	111.51	1000	0	0
